mode: set
github.com/sharedcode/sop/ai/dynamic/handle.go:26.36,31.2 1 0
github.com/sharedcode/sop/ai/dynamic/handle.go:34.40,35.19 1 0
github.com/sharedcode/sop/ai/dynamic/handle.go:35.19,37.3 1 0
github.com/sharedcode/sop/ai/dynamic/handle.go:38.2,38.22 1 0
github.com/sharedcode/sop/ai/dynamic/handle.go:42.42,43.19 1 0
github.com/sharedcode/sop/ai/dynamic/handle.go:43.19,45.3 1 0
github.com/sharedcode/sop/ai/dynamic/handle.go:46.2,46.22 1 0
github.com/sharedcode/sop/ai/dynamic/handle.go:50.37,52.2 1 0
github.com/sharedcode/sop/ai/dynamic/handle.go:55.42,57.2 1 0
github.com/sharedcode/sop/ai/dynamic/handle.go:60.33,62.2 1 0
github.com/sharedcode/sop/ai/dynamic/handle.go:65.36,66.19 1 0
github.com/sharedcode/sop/ai/dynamic/handle.go:66.19,68.3 1 0
github.com/sharedcode/sop/ai/dynamic/handle.go:68.8,70.3 1 0
github.com/sharedcode/sop/ai/dynamic/handle.go:74.33,78.2 1 0
github.com/sharedcode/sop/ai/dynamic/handle.go:81.42,85.2 1 0
github.com/sharedcode/sop/ai/dynamic/manager.go:23.119,30.2 1 1
github.com/sharedcode/sop/ai/dynamic/manager.go:36.134,37.24 1 1
github.com/sharedcode/sop/ai/dynamic/manager.go:37.24,39.27 2 1
github.com/sharedcode/sop/ai/dynamic/manager.go:39.27,41.4 1 1
github.com/sharedcode/sop/ai/dynamic/manager.go:41.9,43.4 1 1
github.com/sharedcode/sop/ai/dynamic/manager.go:44.3,46.17 3 1
github.com/sharedcode/sop/ai/dynamic/manager.go:46.17,48.4 1 1
github.com/sharedcode/sop/ai/dynamic/manager.go:49.3,49.45 1 1
github.com/sharedcode/sop/ai/dynamic/manager.go:52.2,53.16 2 1
github.com/sharedcode/sop/ai/dynamic/manager.go:53.16,55.3 1 1
github.com/sharedcode/sop/ai/dynamic/manager.go:57.2,58.16 2 1
github.com/sharedcode/sop/ai/dynamic/manager.go:58.16,60.3 1 1
github.com/sharedcode/sop/ai/dynamic/manager.go:62.2,67.34 2 1
github.com/sharedcode/sop/ai/dynamic/manager.go:71.103,73.16 2 1
github.com/sharedcode/sop/ai/dynamic/manager.go:73.16,75.3 1 1
github.com/sharedcode/sop/ai/dynamic/manager.go:77.2,78.23 2 1
github.com/sharedcode/sop/ai/dynamic/manager.go:78.23,80.58 2 1
github.com/sharedcode/sop/ai/dynamic/manager.go:80.58,82.4 1 1
github.com/sharedcode/sop/ai/dynamic/manager.go:83.3,83.37 1 1
github.com/sharedcode/sop/ai/dynamic/manager.go:86.2,87.16 2 1
github.com/sharedcode/sop/ai/dynamic/manager.go:87.16,89.3 1 1
github.com/sharedcode/sop/ai/dynamic/manager.go:91.2,101.16 4 1
github.com/sharedcode/sop/ai/dynamic/manager.go:101.16,103.3 1 1
github.com/sharedcode/sop/ai/dynamic/manager.go:104.2,104.17 1 1
github.com/sharedcode/sop/ai/dynamic/manager.go:110.66,112.16 2 1
github.com/sharedcode/sop/ai/dynamic/manager.go:112.16,114.3 1 1
github.com/sharedcode/sop/ai/dynamic/manager.go:116.2,117.23 2 1
github.com/sharedcode/sop/ai/dynamic/manager.go:117.23,121.49 2 1
github.com/sharedcode/sop/ai/dynamic/manager.go:121.49,123.18 2 1
github.com/sharedcode/sop/ai/dynamic/manager.go:123.18,125.5 1 1
github.com/sharedcode/sop/ai/dynamic/manager.go:127.3,127.37 1 1
github.com/sharedcode/sop/ai/dynamic/manager.go:130.2,130.12 1 1
github.com/sharedcode/sop/ai/dynamic/manager.go:135.95,136.55 1 1
github.com/sharedcode/sop/ai/dynamic/manager.go:136.55,138.3 1 1
github.com/sharedcode/sop/ai/dynamic/manager.go:140.9,141.23 2 1
github.com/sharedcode/sop/ai/dynamic/manager.go:141.23,143.10 1 0
github.com/sharedcode/sop/ai/dynamic/manager.go:145.1,148.22 3 1
github.com/sharedcode/sop/ai/dynamic/manager.go:148.22,150.46 2 1
github.com/sharedcode/sop/ai/dynamic/manager.go:150.46,152.18 2 1
github.com/sharedcode/sop/ai/dynamic/manager.go:152.18,154.2 1 1
github.com/sharedcode/sop/ai/dynamic/manager.go:156.1,156.32 1 1
github.com/sharedcode/sop/ai/dynamic/manager.go:159.9,159.36 1 1
github.com/sharedcode/sop/ai/dynamic/manager.go:159.36,161.10 1 1
github.com/sharedcode/sop/ai/dynamic/manager.go:164.9,167.23 4 1
github.com/sharedcode/sop/ai/dynamic/manager.go:167.23,169.10 1 1
github.com/sharedcode/sop/ai/dynamic/manager.go:171.9,176.37 4 1
github.com/sharedcode/sop/ai/dynamic/manager.go:176.37,178.30 2 1
github.com/sharedcode/sop/ai/dynamic/manager.go:178.30,179.33 1 1
github.com/sharedcode/sop/ai/dynamic/manager.go:181.17,182.34 2 1
github.com/sharedcode/sop/ai/dynamic/manager.go:182.34,183.33 1 0
github.com/sharedcode/sop/ai/dynamic/manager.go:186.17,187.26 2 1
github.com/sharedcode/sop/ai/dynamic/manager.go:187.26,190.18 2 1
github.com/sharedcode/sop/ai/dynamic/manager.go:193.9,193.33 1 1
github.com/sharedcode/sop/ai/dynamic/manager.go:193.33,195.10 1 1
github.com/sharedcode/sop/ai/dynamic/manager.go:197.9,198.23 2 1
github.com/sharedcode/sop/ai/dynamic/manager.go:198.23,200.10 1 0
github.com/sharedcode/sop/ai/dynamic/manager.go:203.9,203.41 1 1
github.com/sharedcode/sop/ai/dynamic/manager.go:203.41,214.47 5 1
github.com/sharedcode/sop/ai/dynamic/manager.go:214.47,216.43 2 1
github.com/sharedcode/sop/ai/dynamic/manager.go:216.43,219.26 2 1
github.com/sharedcode/sop/ai/dynamic/manager.go:223.17,223.47 1 1
github.com/sharedcode/sop/ai/dynamic/manager.go:223.47,225.39 2 1
github.com/sharedcode/sop/ai/dynamic/manager.go:225.39,226.41 1 0
github.com/sharedcode/sop/ai/dynamic/manager.go:229.25,237.39 4 1
github.com/sharedcode/sop/ai/dynamic/manager.go:237.39,238.41 1 0
github.com/sharedcode/sop/ai/dynamic/manager.go:242.25,243.38 2 1
github.com/sharedcode/sop/ai/dynamic/manager.go:243.38,246.67 3 1
github.com/sharedcode/sop/ai/dynamic/manager.go:246.67,248.115 1 1
github.com/sharedcode/sop/ai/dynamic/manager.go:248.115,250.42 1 1
github.com/sharedcode/sop/ai/dynamic/manager.go:250.47,252.42 1 0
github.com/sharedcode/sop/ai/dynamic/manager.go:254.33,256.64 2 1
github.com/sharedcode/sop/ai/dynamic/manager.go:256.64,258.34 1 1
github.com/sharedcode/sop/ai/dynamic/manager.go:259.33,259.87 1 1
github.com/sharedcode/sop/ai/dynamic/manager.go:262.25,263.47 2 1
github.com/sharedcode/sop/ai/dynamic/manager.go:267.9,269.39 3 1
github.com/sharedcode/sop/ai/dynamic/manager.go:269.39,272.10 2 1
github.com/sharedcode/sop/ai/dynamic/manager.go:274.9,274.19 1 1
github.com/sharedcode/sop/ai/dynamic/math.go:9.48,10.22 1 1
github.com/sharedcode/sop/ai/dynamic/math.go:10.22,12.3 1 0
github.com/sharedcode/sop/ai/dynamic/math.go:13.2,14.19 2 1
github.com/sharedcode/sop/ai/dynamic/math.go:14.19,17.3 2 1
github.com/sharedcode/sop/ai/dynamic/math.go:18.2,18.41 1 1
github.com/sharedcode/sop/ai/dynamic/math.go:22.47,23.37 1 0
github.com/sharedcode/sop/ai/dynamic/math.go:23.37,25.3 1 0
github.com/sharedcode/sop/ai/dynamic/math.go:26.2,27.19 2 0
github.com/sharedcode/sop/ai/dynamic/math.go:27.19,31.3 3 0
github.com/sharedcode/sop/ai/dynamic/math.go:32.2,32.24 1 0
github.com/sharedcode/sop/ai/dynamic/math.go:32.24,34.3 1 0
github.com/sharedcode/sop/ai/dynamic/math.go:35.2,35.82 1 0
github.com/sharedcode/sop/ai/dynamic/math.go:44.86,45.26 1 1
github.com/sharedcode/sop/ai/dynamic/math.go:45.26,47.3 1 0
github.com/sharedcode/sop/ai/dynamic/math.go:48.2,51.31 3 1
github.com/sharedcode/sop/ai/dynamic/math.go:51.31,53.18 2 1
github.com/sharedcode/sop/ai/dynamic/math.go:53.18,56.4 2 1
github.com/sharedcode/sop/ai/dynamic/math.go:58.2,58.25 1 1
github.com/sharedcode/sop/ai/dynamic/math.go:62.86,63.26 1 0
github.com/sharedcode/sop/ai/dynamic/math.go:63.26,65.3 1 0
github.com/sharedcode/sop/ai/dynamic/math.go:67.2,68.31 2 0
github.com/sharedcode/sop/ai/dynamic/math.go:68.31,73.3 1 0
github.com/sharedcode/sop/ai/dynamic/math.go:75.2,75.45 1 0
github.com/sharedcode/sop/ai/dynamic/math.go:75.45,77.3 1 0
github.com/sharedcode/sop/ai/dynamic/math.go:79.2,79.25 1 0
github.com/sharedcode/sop/ai/dynamic/math.go:79.25,81.3 1 0
github.com/sharedcode/sop/ai/dynamic/math.go:83.2,84.31 2 0
github.com/sharedcode/sop/ai/dynamic/math.go:84.31,86.3 1 0
github.com/sharedcode/sop/ai/dynamic/math.go:87.2,87.15 1 0
github.com/sharedcode/sop/ai/dynamic/store.go:27.25,34.2 1 1
github.com/sharedcode/sop/ai/dynamic/store.go:36.51,38.2 1 1
github.com/sharedcode/sop/ai/dynamic/store.go:40.71,42.16 2 1
github.com/sharedcode/sop/ai/dynamic/store.go:42.16,44.3 1 0
github.com/sharedcode/sop/ai/dynamic/store.go:47.2,50.16 4 1
github.com/sharedcode/sop/ai/dynamic/store.go:50.16,52.3 1 0
github.com/sharedcode/sop/ai/dynamic/store.go:53.2,53.9 1 1
github.com/sharedcode/sop/ai/dynamic/store.go:53.9,61.17 3 1
github.com/sharedcode/sop/ai/dynamic/store.go:61.17,63.4 1 0
github.com/sharedcode/sop/ai/dynamic/store.go:64.3,65.15 2 1
github.com/sharedcode/sop/ai/dynamic/store.go:66.8,67.7 1 1
github.com/sharedcode/sop/ai/dynamic/store.go:67.7,69.30 2 1
github.com/sharedcode/sop/ai/dynamic/store.go:69.30,71.42 2 1
github.com/sharedcode/sop/ai/dynamic/store.go:71.42,74.6 2 1
github.com/sharedcode/sop/ai/dynamic/store.go:76.4,77.33 2 1
github.com/sharedcode/sop/ai/dynamic/store.go:77.33,78.10 1 1
github.com/sharedcode/sop/ai/dynamic/store.go:84.2,97.16 5 1
github.com/sharedcode/sop/ai/dynamic/store.go:97.16,99.3 1 0
github.com/sharedcode/sop/ai/dynamic/store.go:102.2,103.16 2 1
github.com/sharedcode/sop/ai/dynamic/store.go:103.16,105.3 1 0
github.com/sharedcode/sop/ai/dynamic/store.go:107.2,107.15 1 1
github.com/sharedcode/sop/ai/dynamic/store.go:107.15,109.17 2 0
github.com/sharedcode/sop/ai/dynamic/store.go:109.17,111.4 1 0
github.com/sharedcode/sop/ai/dynamic/store.go:112.3,114.17 3 0
github.com/sharedcode/sop/ai/dynamic/store.go:114.17,116.4 1 0
github.com/sharedcode/sop/ai/dynamic/store.go:117.8,124.17 3 1
github.com/sharedcode/sop/ai/dynamic/store.go:124.17,126.4 1 0
github.com/sharedcode/sop/ai/dynamic/store.go:130.2,130.24 1 1
github.com/sharedcode/sop/ai/dynamic/store.go:130.24,133.17 3 1
github.com/sharedcode/sop/ai/dynamic/store.go:133.17,135.4 1 0
github.com/sharedcode/sop/ai/dynamic/store.go:138.2,138.12 1 1
github.com/sharedcode/sop/ai/dynamic/store.go:141.75,143.16 2 1
github.com/sharedcode/sop/ai/dynamic/store.go:143.16,145.3 1 0
github.com/sharedcode/sop/ai/dynamic/store.go:146.2,146.12 1 1
github.com/sharedcode/sop/ai/dynamic/store.go:146.12,148.3 1 0
github.com/sharedcode/sop/ai/dynamic/store.go:150.2,151.16 2 1
github.com/sharedcode/sop/ai/dynamic/store.go:151.16,153.3 1 0
github.com/sharedcode/sop/ai/dynamic/store.go:156.2,156.37 1 1
github.com/sharedcode/sop/ai/dynamic/store.go:156.37,158.17 2 1
github.com/sharedcode/sop/ai/dynamic/store.go:158.17,160.4 1 0
github.com/sharedcode/sop/ai/dynamic/store.go:164.2,165.12 2 1
github.com/sharedcode/sop/ai/dynamic/store.go:168.79,169.29 1 1
github.com/sharedcode/sop/ai/dynamic/store.go:169.29,170.45 1 1
github.com/sharedcode/sop/ai/dynamic/store.go:170.45,172.4 1 0
github.com/sharedcode/sop/ai/dynamic/store.go:174.2,174.12 1 1
github.com/sharedcode/sop/ai/dynamic/store.go:177.76,179.16 2 1
github.com/sharedcode/sop/ai/dynamic/store.go:179.16,181.3 1 0
github.com/sharedcode/sop/ai/dynamic/store.go:182.2,182.12 1 1
github.com/sharedcode/sop/ai/dynamic/store.go:182.12,184.3 1 1
github.com/sharedcode/sop/ai/dynamic/store.go:186.2,187.16 2 1
github.com/sharedcode/sop/ai/dynamic/store.go:187.16,189.3 1 0
github.com/sharedcode/sop/ai/dynamic/store.go:191.2,191.19 1 1
github.com/sharedcode/sop/ai/dynamic/store.go:194.67,196.2 1 1
github.com/sharedcode/sop/ai/dynamic/store.go:198.111,201.16 3 1
github.com/sharedcode/sop/ai/dynamic/store.go:201.16,203.3 1 0
github.com/sharedcode/sop/ai/dynamic/store.go:204.2,204.9 1 1
github.com/sharedcode/sop/ai/dynamic/store.go:204.9,206.3 1 0
github.com/sharedcode/sop/ai/dynamic/store.go:209.2,209.6 1 1
github.com/sharedcode/sop/ai/dynamic/store.go:209.6,211.29 2 1
github.com/sharedcode/sop/ai/dynamic/store.go:211.29,213.4 1 1
github.com/sharedcode/sop/ai/dynamic/store.go:214.3,215.32 2 1
github.com/sharedcode/sop/ai/dynamic/store.go:215.32,216.9 1 1
github.com/sharedcode/sop/ai/dynamic/store.go:221.2,222.25 2 1
github.com/sharedcode/sop/ai/dynamic/store.go:222.25,224.3 1 0
github.com/sharedcode/sop/ai/dynamic/store.go:226.2,231.16 3 1
github.com/sharedcode/sop/ai/dynamic/store.go:231.16,233.3 1 0
github.com/sharedcode/sop/ai/dynamic/store.go:235.2,236.8 2 1
github.com/sharedcode/sop/ai/dynamic/store.go:236.8,237.7 1 1
github.com/sharedcode/sop/ai/dynamic/store.go:237.7,240.55 2 1
github.com/sharedcode/sop/ai/dynamic/store.go:240.55,242.19 2 1
github.com/sharedcode/sop/ai/dynamic/store.go:242.19,244.6 1 1
github.com/sharedcode/sop/ai/dynamic/store.go:247.4,248.33 2 1
github.com/sharedcode/sop/ai/dynamic/store.go:248.33,249.10 1 1
github.com/sharedcode/sop/ai/dynamic/store.go:255.2,255.36 1 1
github.com/sharedcode/sop/ai/dynamic/store.go:255.36,257.30 2 1
github.com/sharedcode/sop/ai/dynamic/store.go:257.30,259.18 2 1
github.com/sharedcode/sop/ai/dynamic/store.go:259.18,262.43 1 1
github.com/sharedcode/sop/ai/dynamic/store.go:262.43,268.6 1 1
github.com/sharedcode/sop/ai/dynamic/store.go:274.2,274.33 1 1
github.com/sharedcode/sop/ai/dynamic/store.go:274.33,275.38 1 1
github.com/sharedcode/sop/ai/dynamic/store.go:275.38,276.37 1 0
github.com/sharedcode/sop/ai/dynamic/store.go:276.37,278.5 1 0
github.com/sharedcode/sop/ai/dynamic/store.go:282.2,282.19 1 1
github.com/sharedcode/sop/ai/dynamic/store.go:282.19,284.3 1 0
github.com/sharedcode/sop/ai/dynamic/store.go:285.2,285.18 1 1
github.com/sharedcode/sop/ai/dynamic/store.go:288.62,290.2 1 1
github.com/sharedcode/sop/ai/dynamic/store.go:292.103,294.2 1 1
github.com/sharedcode/sop/ai/dynamic/store.go:296.59,298.2 1 1
github.com/sharedcode/sop/ai/dynamic/store.go:300.113,302.2 1 1
github.com/sharedcode/sop/ai/dynamic/store.go:304.51,306.2 1 1
github.com/sharedcode/sop/ai/dynamic/store.go:308.98,310.2 1 1
github.com/sharedcode/sop/ai/dynamic/store.go:312.96,314.2 1 1
github.com/sharedcode/sop/ai/dynamic/store.go:316.64,318.2 1 1
github.com/sharedcode/sop/ai/dynamic/store.go:321.113,322.24 1 1
github.com/sharedcode/sop/ai/dynamic/store.go:322.24,324.3 1 0
github.com/sharedcode/sop/ai/dynamic/store.go:326.2,327.16 2 1
github.com/sharedcode/sop/ai/dynamic/store.go:327.16,329.3 1 0
github.com/sharedcode/sop/ai/dynamic/store.go:331.2,332.36 2 1
github.com/sharedcode/sop/ai/dynamic/store.go:332.36,333.24 1 1
github.com/sharedcode/sop/ai/dynamic/store.go:333.24,334.9 1 0
github.com/sharedcode/sop/ai/dynamic/store.go:338.3,339.17 2 1
github.com/sharedcode/sop/ai/dynamic/store.go:339.17,340.12 1 0
github.com/sharedcode/sop/ai/dynamic/store.go:342.3,344.30 3 1
github.com/sharedcode/sop/ai/dynamic/store.go:344.30,346.18 2 1
github.com/sharedcode/sop/ai/dynamic/store.go:346.18,348.42 2 1
github.com/sharedcode/sop/ai/dynamic/store.go:348.42,349.14 1 0
github.com/sharedcode/sop/ai/dynamic/store.go:354.3,358.5 1 1
github.com/sharedcode/sop/ai/dynamic/store.go:360.2,360.21 1 1
github.com/sharedcode/sop/ai/dynamic/store_categories.go:11.84,12.14 1 1
github.com/sharedcode/sop/ai/dynamic/store_categories.go:12.14,14.3 1 0
github.com/sharedcode/sop/ai/dynamic/store_categories.go:17.2,17.18 1 1
github.com/sharedcode/sop/ai/dynamic/store_categories.go:17.18,19.3 1 0
github.com/sharedcode/sop/ai/dynamic/store_categories.go:22.2,23.16 2 1
github.com/sharedcode/sop/ai/dynamic/store_categories.go:23.16,25.3 1 0
github.com/sharedcode/sop/ai/dynamic/store_categories.go:26.2,26.9 1 1
github.com/sharedcode/sop/ai/dynamic/store_categories.go:26.9,28.3 1 0
github.com/sharedcode/sop/ai/dynamic/store_categories.go:31.2,31.25 1 1
github.com/sharedcode/sop/ai/dynamic/store_categories.go:31.25,33.17 2 0
github.com/sharedcode/sop/ai/dynamic/store_categories.go:33.17,35.4 1 0
github.com/sharedcode/sop/ai/dynamic/store_categories.go:36.3,36.9 1 0
github.com/sharedcode/sop/ai/dynamic/store_categories.go:36.9,38.18 2 0
github.com/sharedcode/sop/ai/dynamic/store_categories.go:38.18,40.5 1 0
github.com/sharedcode/sop/ai/dynamic/store_categories.go:42.4,44.18 3 0
github.com/sharedcode/sop/ai/dynamic/store_categories.go:44.18,46.5 1 0
github.com/sharedcode/sop/ai/dynamic/store_categories.go:50.2,50.18 1 1
