mode: set
github.com/sharedcode/sop/common/mocks/mock_blob_store.go:14.39,18.2 1 0
github.com/sharedcode/sop/common/mocks/mock_blob_store.go:20.103,21.36 1 0
github.com/sharedcode/sop/common/mocks/mock_blob_store.go:21.36,23.3 1 0
github.com/sharedcode/sop/common/mocks/mock_blob_store.go:24.2,24.17 1 0
github.com/sharedcode/sop/common/mocks/mock_blob_store.go:27.124,28.41 1 0
github.com/sharedcode/sop/common/mocks/mock_blob_store.go:28.41,29.41 1 0
github.com/sharedcode/sop/common/mocks/mock_blob_store.go:29.41,32.4 2 0
github.com/sharedcode/sop/common/mocks/mock_blob_store.go:34.2,34.12 1 0
github.com/sharedcode/sop/common/mocks/mock_blob_store.go:37.127,38.41 1 0
github.com/sharedcode/sop/common/mocks/mock_blob_store.go:38.41,39.41 1 0
github.com/sharedcode/sop/common/mocks/mock_blob_store.go:39.41,42.4 2 0
github.com/sharedcode/sop/common/mocks/mock_blob_store.go:44.2,44.12 1 0
github.com/sharedcode/sop/common/mocks/mock_blob_store.go:47.104,48.46 1 0
github.com/sharedcode/sop/common/mocks/mock_blob_store.go:48.46,49.45 1 0
github.com/sharedcode/sop/common/mocks/mock_blob_store.go:49.45,51.4 1 0
github.com/sharedcode/sop/common/mocks/mock_blob_store.go:53.2,53.12 1 0
github.com/sharedcode/sop/common/mocks/mock_redis.go:17.32,22.2 1 0
github.com/sharedcode/sop/common/mocks/mock_redis.go:25.104,28.2 2 0
github.com/sharedcode/sop/common/mocks/mock_redis.go:29.80,31.9 2 0
github.com/sharedcode/sop/common/mocks/mock_redis.go:31.9,33.3 1 0
github.com/sharedcode/sop/common/mocks/mock_redis.go:34.2,34.21 1 0
github.com/sharedcode/sop/common/mocks/mock_redis.go:36.108,39.2 1 0
github.com/sharedcode/sop/common/mocks/mock_redis.go:40.53,40.67 1 0
github.com/sharedcode/sop/common/mocks/mock_redis.go:43.115,45.16 2 0
github.com/sharedcode/sop/common/mocks/mock_redis.go:45.16,47.3 1 0
github.com/sharedcode/sop/common/mocks/mock_redis.go:48.2,49.12 2 0
github.com/sharedcode/sop/common/mocks/mock_redis.go:52.98,54.9 2 0
github.com/sharedcode/sop/common/mocks/mock_redis.go:54.9,57.3 1 0
github.com/sharedcode/sop/common/mocks/mock_redis.go:58.2,59.18 2 0
github.com/sharedcode/sop/common/mocks/mock_redis.go:63.126,65.2 1 0
github.com/sharedcode/sop/common/mocks/mock_redis.go:68.78,70.25 2 0
github.com/sharedcode/sop/common/mocks/mock_redis.go:70.25,71.36 1 0
github.com/sharedcode/sop/common/mocks/mock_redis.go:71.36,74.4 2 0
github.com/sharedcode/sop/common/mocks/mock_redis.go:75.3,75.31 1 0
github.com/sharedcode/sop/common/mocks/mock_redis.go:75.31,78.4 2 0
github.com/sharedcode/sop/common/mocks/mock_redis.go:80.2,80.24 1 0
github.com/sharedcode/sop/common/mocks/mock_redis.go:84.52,84.70 1 0
github.com/sharedcode/sop/common/mocks/mock_redis.go:86.66,88.22 2 0
github.com/sharedcode/sop/common/mocks/mock_redis.go:88.22,93.3 1 0
github.com/sharedcode/sop/common/mocks/mock_redis.go:94.2,94.17 1 0
github.com/sharedcode/sop/common/mocks/mock_redis.go:96.93,98.22 2 0
github.com/sharedcode/sop/common/mocks/mock_redis.go:98.22,103.3 1 0
github.com/sharedcode/sop/common/mocks/mock_redis.go:104.2,104.17 1 0
github.com/sharedcode/sop/common/mocks/mock_redis.go:107.117,109.30 2 0
github.com/sharedcode/sop/common/mocks/mock_redis.go:109.30,110.68 1 0
github.com/sharedcode/sop/common/mocks/mock_redis.go:110.68,112.12 2 0
github.com/sharedcode/sop/common/mocks/mock_redis.go:114.3,115.12 2 0
github.com/sharedcode/sop/common/mocks/mock_redis.go:117.2,117.15 1 0
github.com/sharedcode/sop/common/mocks/mock_redis.go:120.120,122.30 1 0
github.com/sharedcode/sop/common/mocks/mock_redis.go:122.30,123.41 1 0
github.com/sharedcode/sop/common/mocks/mock_redis.go:123.41,124.31 1 0
github.com/sharedcode/sop/common/mocks/mock_redis.go:124.31,127.5 2 0
github.com/sharedcode/sop/common/mocks/mock_redis.go:129.4,129.12 1 0
github.com/sharedcode/sop/common/mocks/mock_redis.go:132.3,133.24 2 0
github.com/sharedcode/sop/common/mocks/mock_redis.go:135.2,135.31 1 0
github.com/sharedcode/sop/common/mocks/mock_redis.go:138.90,140.30 2 0
github.com/sharedcode/sop/common/mocks/mock_redis.go:140.30,141.68 1 0
github.com/sharedcode/sop/common/mocks/mock_redis.go:141.68,143.12 2 0
github.com/sharedcode/sop/common/mocks/mock_redis.go:145.3,146.12 2 0
github.com/sharedcode/sop/common/mocks/mock_redis.go:148.2,148.15 1 0
github.com/sharedcode/sop/common/mocks/mock_redis.go:151.96,152.28 1 0
github.com/sharedcode/sop/common/mocks/mock_redis.go:152.28,154.3 1 0
github.com/sharedcode/sop/common/mocks/mock_redis.go:155.2,155.33 1 0
github.com/sharedcode/sop/common/mocks/mock_redis.go:155.33,156.37 1 0
github.com/sharedcode/sop/common/mocks/mock_redis.go:156.37,158.4 1 0
github.com/sharedcode/sop/common/mocks/mock_redis.go:160.2,160.18 1 0
github.com/sharedcode/sop/common/mocks/mock_redis.go:163.80,164.30 1 0
github.com/sharedcode/sop/common/mocks/mock_redis.go:164.30,165.22 1 0
github.com/sharedcode/sop/common/mocks/mock_redis.go:165.22,166.12 1 0
github.com/sharedcode/sop/common/mocks/mock_redis.go:168.3,168.68 1 0
github.com/sharedcode/sop/common/mocks/mock_redis.go:168.68,170.4 1 0
github.com/sharedcode/sop/common/mocks/mock_redis.go:172.2,172.12 1 0
github.com/sharedcode/sop/common/mocks/mock_redis.go:175.54,179.2 3 0
github.com/sharedcode/sop/common/mocks/mock_registry.go:16.74,18.2 1 0
github.com/sharedcode/sop/common/mocks/mock_registry.go:20.109,21.45 1 0
github.com/sharedcode/sop/common/mocks/mock_registry.go:21.45,22.38 1 0
github.com/sharedcode/sop/common/mocks/mock_registry.go:22.38,24.4 1 0
github.com/sharedcode/sop/common/mocks/mock_registry.go:26.2,26.12 1 0
github.com/sharedcode/sop/common/mocks/mock_registry.go:29.112,30.40 1 0
github.com/sharedcode/sop/common/mocks/mock_registry.go:30.40,32.3 1 0
github.com/sharedcode/sop/common/mocks/mock_registry.go:33.2,33.45 1 0
github.com/sharedcode/sop/common/mocks/mock_registry.go:33.45,34.38 1 0
github.com/sharedcode/sop/common/mocks/mock_registry.go:34.38,36.4 1 0
github.com/sharedcode/sop/common/mocks/mock_registry.go:38.2,38.12 1 0
github.com/sharedcode/sop/common/mocks/mock_registry.go:40.138,41.56 1 0
github.com/sharedcode/sop/common/mocks/mock_registry.go:41.56,43.3 1 0
github.com/sharedcode/sop/common/mocks/mock_registry.go:44.2,44.45 1 0
github.com/sharedcode/sop/common/mocks/mock_registry.go:44.45,45.38 1 0
github.com/sharedcode/sop/common/mocks/mock_registry.go:45.38,47.4 1 0
github.com/sharedcode/sop/common/mocks/mock_registry.go:49.2,49.12 1 0
github.com/sharedcode/sop/common/mocks/mock_registry.go:52.141,54.39 2 0
github.com/sharedcode/sop/common/mocks/mock_registry.go:54.39,56.37 2 0
github.com/sharedcode/sop/common/mocks/mock_registry.go:56.37,58.27 2 0
github.com/sharedcode/sop/common/mocks/mock_registry.go:58.27,59.13 1 0
github.com/sharedcode/sop/common/mocks/mock_registry.go:61.4,61.32 1 0
github.com/sharedcode/sop/common/mocks/mock_registry.go:63.3,66.5 1 0
github.com/sharedcode/sop/common/mocks/mock_registry.go:68.2,68.27 1 0
github.com/sharedcode/sop/common/mocks/mock_registry.go:70.107,71.39 1 0
github.com/sharedcode/sop/common/mocks/mock_registry.go:71.39,72.37 1 0
github.com/sharedcode/sop/common/mocks/mock_registry.go:72.37,74.4 1 0
github.com/sharedcode/sop/common/mocks/mock_registry.go:76.2,76.12 1 0
github.com/sharedcode/sop/common/mocks/mock_registry.go:80.178,82.2 1 0
github.com/sharedcode/sop/common/mocks/mock_store_repository.go:17.51,21.2 1 0
github.com/sharedcode/sop/common/mocks/mock_store_repository.go:23.88,24.31 1 0
github.com/sharedcode/sop/common/mocks/mock_store_repository.go:24.31,26.3 1 0
github.com/sharedcode/sop/common/mocks/mock_store_repository.go:27.2,27.12 1 0
github.com/sharedcode/sop/common/mocks/mock_store_repository.go:30.109,31.31 1 0
github.com/sharedcode/sop/common/mocks/mock_store_repository.go:31.31,37.3 4 0
github.com/sharedcode/sop/common/mocks/mock_store_repository.go:38.2,38.17 1 0
github.com/sharedcode/sop/common/mocks/mock_store_repository.go:40.99,42.2 1 0
github.com/sharedcode/sop/common/mocks/mock_store_repository.go:43.78,46.27 3 0
github.com/sharedcode/sop/common/mocks/mock_store_repository.go:46.27,49.3 2 0
github.com/sharedcode/sop/common/mocks/mock_store_repository.go:50.2,50.24 1 0
github.com/sharedcode/sop/common/mocks/mock_store_repository.go:53.152,55.29 2 0
github.com/sharedcode/sop/common/mocks/mock_store_repository.go:55.29,58.3 2 0
github.com/sharedcode/sop/common/mocks/mock_store_repository.go:59.2,59.20 1 0
github.com/sharedcode/sop/common/mocks/mock_store_repository.go:62.83,63.29 1 0
github.com/sharedcode/sop/common/mocks/mock_store_repository.go:63.29,65.3 1 0
github.com/sharedcode/sop/common/mocks/mock_store_repository.go:66.2,66.12 1 0
github.com/sharedcode/sop/common/mocks/mock_store_repository.go:70.97,72.2 1 0
github.com/sharedcode/sop/common/mocks/mock_transaction_log.go:17.49,22.2 1 0
github.com/sharedcode/sop/common/mocks/mock_transaction_log.go:25.118,26.26 1 0
github.com/sharedcode/sop/common/mocks/mock_transaction_log.go:26.26,31.36 4 0
github.com/sharedcode/sop/common/mocks/mock_transaction_log.go:31.36,33.26 2 0
github.com/sharedcode/sop/common/mocks/mock_transaction_log.go:33.26,35.24 2 0
github.com/sharedcode/sop/common/mocks/mock_transaction_log.go:35.24,38.6 2 0
github.com/sharedcode/sop/common/mocks/mock_transaction_log.go:39.5,39.52 1 0
github.com/sharedcode/sop/common/mocks/mock_transaction_log.go:43.2,43.34 1 0
github.com/sharedcode/sop/common/mocks/mock_transaction_log.go:46.129,47.37 1 0
github.com/sharedcode/sop/common/mocks/mock_transaction_log.go:47.37,49.3 1 0
github.com/sharedcode/sop/common/mocks/mock_transaction_log.go:50.2,51.24 2 0
github.com/sharedcode/sop/common/mocks/mock_transaction_log.go:51.24,53.22 2 0
github.com/sharedcode/sop/common/mocks/mock_transaction_log.go:53.22,56.4 2 0
github.com/sharedcode/sop/common/mocks/mock_transaction_log.go:57.3,57.20 1 0
github.com/sharedcode/sop/common/mocks/mock_transaction_log.go:59.2,59.30 1 0
github.com/sharedcode/sop/common/mocks/mock_transaction_log.go:62.88,63.26 1 0
github.com/sharedcode/sop/common/mocks/mock_transaction_log.go:63.26,64.7 1 0
github.com/sharedcode/sop/common/mocks/mock_transaction_log.go:64.7,66.26 2 0
github.com/sharedcode/sop/common/mocks/mock_transaction_log.go:66.26,67.18 1 0
github.com/sharedcode/sop/common/mocks/mock_transaction_log.go:67.18,68.14 1 0
github.com/sharedcode/sop/common/mocks/mock_transaction_log.go:70.5,71.24 2 0
github.com/sharedcode/sop/common/mocks/mock_transaction_log.go:71.24,74.6 2 0
github.com/sharedcode/sop/common/mocks/mock_transaction_log.go:75.5,75.13 1 0
github.com/sharedcode/sop/common/mocks/mock_transaction_log.go:77.4,77.28 1 0
github.com/sharedcode/sop/common/mocks/mock_transaction_log.go:77.28,78.10 1 0
github.com/sharedcode/sop/common/mocks/mock_transaction_log.go:82.2,82.12 1 0
github.com/sharedcode/sop/common/mocks/mock_transaction_log.go:86.112,90.20 4 0
github.com/sharedcode/sop/common/mocks/mock_transaction_log.go:90.20,92.3 1 0
github.com/sharedcode/sop/common/mocks/mock_transaction_log.go:93.2,97.11 2 0
github.com/sharedcode/sop/common/mocks/mock_transaction_log.go:97.11,99.3 1 0
github.com/sharedcode/sop/common/mocks/mock_transaction_log.go:99.8,101.3 1 0
github.com/sharedcode/sop/common/mocks/mock_transaction_log.go:102.2,103.12 2 0
github.com/sharedcode/sop/common/mocks/mock_transaction_log.go:107.79,109.36 2 0
github.com/sharedcode/sop/common/mocks/mock_transaction_log.go:109.36,110.7 1 0
github.com/sharedcode/sop/common/mocks/mock_transaction_log.go:110.7,112.33 2 0
github.com/sharedcode/sop/common/mocks/mock_transaction_log.go:112.33,114.26 2 0
github.com/sharedcode/sop/common/mocks/mock_transaction_log.go:114.26,116.6 1 0
github.com/sharedcode/sop/common/mocks/mock_transaction_log.go:116.11,118.6 1 0
github.com/sharedcode/sop/common/mocks/mock_transaction_log.go:119.5,119.15 1 0
github.com/sharedcode/sop/common/mocks/mock_transaction_log.go:121.4,121.28 1 0
github.com/sharedcode/sop/common/mocks/mock_transaction_log.go:121.28,122.10 1 0
github.com/sharedcode/sop/common/mocks/mock_transaction_log.go:126.2,126.12 1 0
github.com/sharedcode/sop/common/mocks/mock_transaction_log.go:130.50,132.2 1 0
github.com/sharedcode/sop/common/mocks/mock_transaction_log.go:134.72,136.2 1 0
github.com/sharedcode/sop/common/mocks/mock_transaction_log.go:141.88,141.104 1 0
github.com/sharedcode/sop/common/mocks/mock_transaction_log.go:142.88,142.102 1 0
github.com/sharedcode/sop/common/mocks/mock_transaction_log.go:143.88,143.102 1 0
github.com/sharedcode/sop/common/mocks/mock_transaction_log.go:144.109,146.2 1 0
github.com/sharedcode/sop/common/mocks/mock_transaction_log.go:147.145,149.2 1 0
github.com/sharedcode/sop/common/mocks/mock_transaction_log.go:150.211,152.2 1 0
github.com/sharedcode/sop/common/mocks/mock_transaction_log.go:153.96,155.2 1 0
github.com/sharedcode/sop/common/mocks/mock_transaction_log.go:156.81,156.95 1 0
github.com/sharedcode/sop/common/mocks/mock_transaction_log.go:159.113,162.2 1 0
github.com/sharedcode/sop/common/mocks/mock_transaction_log.go:166.112,168.2 1 0
github.com/sharedcode/sop/common/instantiatemocktransaction.go:20.113,26.2 4 1
github.com/sharedcode/sop/common/instantiatemocktransaction.go:29.124,35.2 4 1
github.com/sharedcode/sop/common/instantiatemocktransaction.go:37.155,39.18 2 1
github.com/sharedcode/sop/common/instantiatemocktransaction.go:39.18,42.3 2 1
github.com/sharedcode/sop/common/instantiatemocktransaction.go:43.2,56.8 1 1
github.com/sharedcode/sop/common/itemactiontracker.go:47.173,55.2 1 1
github.com/sharedcode/sop/common/itemactiontracker.go:73.94,74.66 1 1
github.com/sharedcode/sop/common/itemactiontracker.go:74.66,75.48 1 1
github.com/sharedcode/sop/common/itemactiontracker.go:75.48,77.45 2 1
github.com/sharedcode/sop/common/itemactiontracker.go:77.45,80.52 3 1
github.com/sharedcode/sop/common/itemactiontracker.go:80.52,82.6 1 1
github.com/sharedcode/sop/common/itemactiontracker.go:82.11,84.6 1 1
github.com/sharedcode/sop/common/itemactiontracker.go:85.5,85.19 1 1
github.com/sharedcode/sop/common/itemactiontracker.go:85.19,87.6 1 0
github.com/sharedcode/sop/common/itemactiontracker.go:88.5,88.29 1 1
github.com/sharedcode/sop/common/itemactiontracker.go:88.29,91.87 2 0
github.com/sharedcode/sop/common/itemactiontracker.go:91.87,93.7 1 0
github.com/sharedcode/sop/common/itemactiontracker.go:94.6,95.20 2 0
github.com/sharedcode/sop/common/itemactiontracker.go:95.20,97.7 1 0
github.com/sharedcode/sop/common/itemactiontracker.go:100.6,100.136 1 0
github.com/sharedcode/sop/common/itemactiontracker.go:100.136,102.7 1 0
github.com/sharedcode/sop/common/itemactiontracker.go:104.10,107.86 3 1
github.com/sharedcode/sop/common/itemactiontracker.go:107.86,109.6 1 0
github.com/sharedcode/sop/common/itemactiontracker.go:110.5,111.19 2 1
github.com/sharedcode/sop/common/itemactiontracker.go:111.19,113.6 1 0
github.com/sharedcode/sop/common/itemactiontracker.go:115.4,117.10 3 1
github.com/sharedcode/sop/common/itemactiontracker.go:117.10,119.5 1 0
github.com/sharedcode/sop/common/itemactiontracker.go:121.3,128.4 1 1
github.com/sharedcode/sop/common/itemactiontracker.go:130.2,130.12 1 1
github.com/sharedcode/sop/common/itemactiontracker.go:133.94,146.46 4 1
github.com/sharedcode/sop/common/itemactiontracker.go:146.46,154.17 4 1
github.com/sharedcode/sop/common/itemactiontracker.go:154.17,156.4 1 0
github.com/sharedcode/sop/common/itemactiontracker.go:157.3,157.24 1 1
github.com/sharedcode/sop/common/itemactiontracker.go:157.24,159.4 1 1
github.com/sharedcode/sop/common/itemactiontracker.go:160.3,160.33 1 1
github.com/sharedcode/sop/common/itemactiontracker.go:160.33,162.111 1 1
github.com/sharedcode/sop/common/itemactiontracker.go:162.111,164.5 1 0
github.com/sharedcode/sop/common/itemactiontracker.go:165.4,165.116 1 1
github.com/sharedcode/sop/common/itemactiontracker.go:165.116,167.5 1 1
github.com/sharedcode/sop/common/itemactiontracker.go:168.4,168.45 1 0
github.com/sharedcode/sop/common/itemactiontracker.go:168.45,169.142 1 0
github.com/sharedcode/sop/common/itemactiontracker.go:169.142,171.6 1 0
github.com/sharedcode/sop/common/itemactiontracker.go:176.2,176.12 1 1
github.com/sharedcode/sop/common/itemactiontracker.go:179.97,182.53 2 1
github.com/sharedcode/sop/common/itemactiontracker.go:182.53,183.47 1 1
github.com/sharedcode/sop/common/itemactiontracker.go:183.47,191.18 4 0
github.com/sharedcode/sop/common/itemactiontracker.go:191.18,193.5 1 0
github.com/sharedcode/sop/common/itemactiontracker.go:194.4,194.25 1 0
github.com/sharedcode/sop/common/itemactiontracker.go:194.25,196.5 1 0
github.com/sharedcode/sop/common/itemactiontracker.go:197.4,197.34 1 0
github.com/sharedcode/sop/common/itemactiontracker.go:197.34,199.115 1 0
github.com/sharedcode/sop/common/itemactiontracker.go:199.115,201.6 1 0
github.com/sharedcode/sop/common/itemactiontracker.go:202.5,202.117 1 0
github.com/sharedcode/sop/common/itemactiontracker.go:202.117,204.6 1 0
github.com/sharedcode/sop/common/itemactiontracker.go:205.5,205.46 1 0
github.com/sharedcode/sop/common/itemactiontracker.go:205.46,206.143 1 0
github.com/sharedcode/sop/common/itemactiontracker.go:206.143,208.7 1 0
github.com/sharedcode/sop/common/itemactiontracker.go:212.3,212.13 1 1
github.com/sharedcode/sop/common/itemactiontracker.go:215.2,215.8 1 1
github.com/sharedcode/sop/common/itemactiontracker.go:215.8,216.28 1 1
github.com/sharedcode/sop/common/itemactiontracker.go:216.28,218.4 1 1
github.com/sharedcode/sop/common/itemactiontracker.go:219.3,222.36 4 1
github.com/sharedcode/sop/common/itemactiontracker.go:222.36,224.4 1 1
github.com/sharedcode/sop/common/itemactiontracker.go:225.3,225.28 1 1
github.com/sharedcode/sop/common/itemactiontracker.go:228.2,239.27 4 1
github.com/sharedcode/sop/common/itemactiontracker.go:242.97,243.46 1 1
github.com/sharedcode/sop/common/itemactiontracker.go:243.46,247.3 3 0
github.com/sharedcode/sop/common/itemactiontracker.go:249.2,249.60 1 1
github.com/sharedcode/sop/common/itemactiontracker.go:249.60,252.3 2 1
github.com/sharedcode/sop/common/itemactiontracker.go:253.2,261.12 2 1
github.com/sharedcode/sop/common/itemactiontracker.go:264.101,268.31 4 1
github.com/sharedcode/sop/common/itemactiontracker.go:268.31,270.3 1 1
github.com/sharedcode/sop/common/itemactiontracker.go:271.2,271.23 1 1
github.com/sharedcode/sop/common/itemactiontracker.go:274.60,276.2 1 1
github.com/sharedcode/sop/common/itemactiontracker.go:280.82,282.40 2 1
github.com/sharedcode/sop/common/itemactiontracker.go:282.40,283.37 1 1
github.com/sharedcode/sop/common/itemactiontracker.go:283.37,284.12 1 1
github.com/sharedcode/sop/common/itemactiontracker.go:286.3,287.114 2 1
github.com/sharedcode/sop/common/itemactiontracker.go:287.114,290.12 3 0
github.com/sharedcode/sop/common/itemactiontracker.go:293.3,293.43 1 1
github.com/sharedcode/sop/common/itemactiontracker.go:293.43,295.12 2 1
github.com/sharedcode/sop/common/itemactiontracker.go:298.3,298.69 1 0
github.com/sharedcode/sop/common/itemactiontracker.go:298.69,299.12 1 0
github.com/sharedcode/sop/common/itemactiontracker.go:301.3,302.79 2 0
github.com/sharedcode/sop/common/itemactiontracker.go:304.2,304.16 1 1
github.com/sharedcode/sop/common/itemactiontracker.go:309.93,310.40 1 1
github.com/sharedcode/sop/common/itemactiontracker.go:310.40,311.37 1 1
github.com/sharedcode/sop/common/itemactiontracker.go:311.37,312.12 1 1
github.com/sharedcode/sop/common/itemactiontracker.go:314.3,315.114 2 1
github.com/sharedcode/sop/common/itemactiontracker.go:315.114,316.18 1 1
github.com/sharedcode/sop/common/itemactiontracker.go:316.18,318.5 1 0
github.com/sharedcode/sop/common/itemactiontracker.go:320.4,320.123 1 1
github.com/sharedcode/sop/common/itemactiontracker.go:320.123,322.5 1 0
github.com/sharedcode/sop/common/itemactiontracker.go:324.4,324.115 1 1
github.com/sharedcode/sop/common/itemactiontracker.go:324.115,325.19 1 0
github.com/sharedcode/sop/common/itemactiontracker.go:325.19,327.6 1 0
github.com/sharedcode/sop/common/itemactiontracker.go:328.5,328.89 1 0
github.com/sharedcode/sop/common/itemactiontracker.go:329.10,329.51 1 1
github.com/sharedcode/sop/common/itemactiontracker.go:329.51,330.71 1 0
github.com/sharedcode/sop/common/itemactiontracker.go:330.71,331.14 1 0
github.com/sharedcode/sop/common/itemactiontracker.go:333.5,333.32 1 0
github.com/sharedcode/sop/common/itemactiontracker.go:333.32,335.6 1 0
github.com/sharedcode/sop/common/itemactiontracker.go:336.5,336.78 1 0
github.com/sharedcode/sop/common/itemactiontracker.go:339.4,341.12 3 1
github.com/sharedcode/sop/common/itemactiontracker.go:344.3,344.43 1 0
github.com/sharedcode/sop/common/itemactiontracker.go:344.43,345.12 1 0
github.com/sharedcode/sop/common/itemactiontracker.go:348.3,348.69 1 0
github.com/sharedcode/sop/common/itemactiontracker.go:348.69,349.12 1 0
github.com/sharedcode/sop/common/itemactiontracker.go:351.3,351.76 1 0
github.com/sharedcode/sop/common/itemactiontracker.go:353.2,353.12 1 1
github.com/sharedcode/sop/common/itemactiontracker.go:357.71,359.40 2 1
github.com/sharedcode/sop/common/itemactiontracker.go:359.40,360.37 1 1
github.com/sharedcode/sop/common/itemactiontracker.go:360.37,361.12 1 1
github.com/sharedcode/sop/common/itemactiontracker.go:363.3,363.30 1 1
github.com/sharedcode/sop/common/itemactiontracker.go:363.30,364.12 1 0
github.com/sharedcode/sop/common/itemactiontracker.go:366.3,366.110 1 1
github.com/sharedcode/sop/common/itemactiontracker.go:366.110,367.18 1 0
github.com/sharedcode/sop/common/itemactiontracker.go:367.18,369.5 1 0
github.com/sharedcode/sop/common/itemactiontracker.go:372.2,372.16 1 1
github.com/sharedcode/sop/common/itemactiontracker.valuedata.go:13.89,14.86 1 1
github.com/sharedcode/sop/common/itemactiontracker.valuedata.go:14.86,16.3 1 1
github.com/sharedcode/sop/common/itemactiontracker.valuedata.go:17.2,22.40 3 1
github.com/sharedcode/sop/common/itemactiontracker.valuedata.go:22.40,25.17 3 1
github.com/sharedcode/sop/common/itemactiontracker.valuedata.go:25.17,27.4 1 0
github.com/sharedcode/sop/common/itemactiontracker.valuedata.go:28.3,28.24 1 1
github.com/sharedcode/sop/common/itemactiontracker.valuedata.go:28.24,31.4 2 1
github.com/sharedcode/sop/common/itemactiontracker.valuedata.go:33.2,33.32 1 1
github.com/sharedcode/sop/common/itemactiontracker.valuedata.go:33.32,34.115 1 1
github.com/sharedcode/sop/common/itemactiontracker.valuedata.go:34.115,36.4 1 0
github.com/sharedcode/sop/common/itemactiontracker.valuedata.go:40.2,40.43 1 1
github.com/sharedcode/sop/common/itemactiontracker.valuedata.go:40.43,41.41 1 1
github.com/sharedcode/sop/common/itemactiontracker.valuedata.go:41.41,42.152 1 1
github.com/sharedcode/sop/common/itemactiontracker.valuedata.go:42.152,44.5 1 0
github.com/sharedcode/sop/common/itemactiontracker.valuedata.go:47.2,47.12 1 1
github.com/sharedcode/sop/common/itemactiontracker.valuedata.go:50.134,51.26 1 1
github.com/sharedcode/sop/common/itemactiontracker.valuedata.go:51.26,53.3 1 0
github.com/sharedcode/sop/common/itemactiontracker.valuedata.go:54.2,55.76 2 1
github.com/sharedcode/sop/common/itemactiontracker.valuedata.go:55.76,56.38 1 0
github.com/sharedcode/sop/common/itemactiontracker.valuedata.go:56.38,59.4 1 0
github.com/sharedcode/sop/common/itemactiontracker.valuedata.go:60.3,61.40 2 0
github.com/sharedcode/sop/common/itemactiontracker.valuedata.go:61.40,64.36 1 0
github.com/sharedcode/sop/common/itemactiontracker.valuedata.go:64.36,66.5 1 0
github.com/sharedcode/sop/common/itemactiontracker.valuedata.go:67.4,67.30 1 0
github.com/sharedcode/sop/common/itemactiontracker.valuedata.go:70.2,70.73 1 1
github.com/sharedcode/sop/common/itemactiontracker.valuedata.go:70.73,71.35 1 1
github.com/sharedcode/sop/common/itemactiontracker.valuedata.go:71.35,73.18 2 1
github.com/sharedcode/sop/common/itemactiontracker.valuedata.go:73.18,75.5 1 0
github.com/sharedcode/sop/common/itemactiontracker.valuedata.go:76.4,82.42 3 1
github.com/sharedcode/sop/common/itemactiontracker.valuedata.go:84.3,84.29 1 1
github.com/sharedcode/sop/common/itemactiontracker.valuedata.go:86.2,86.15 1 1
github.com/sharedcode/sop/common/itemactiontracker.valuedata.go:89.100,91.42 2 1
github.com/sharedcode/sop/common/itemactiontracker.valuedata.go:91.42,93.3 1 1
github.com/sharedcode/sop/common/itemactiontracker.valuedata.go:94.2,98.42 2 1
github.com/sharedcode/sop/common/itemactiontracker.valuedata.go:98.42,99.74 1 1
github.com/sharedcode/sop/common/itemactiontracker.valuedata.go:99.74,104.4 3 1
github.com/sharedcode/sop/common/itemactiontracker.valuedata.go:106.2,107.24 2 1
github.com/sharedcode/sop/common/itemactiontracker.valuedata.go:110.97,111.42 1 1
github.com/sharedcode/sop/common/itemactiontracker.valuedata.go:111.42,113.3 1 1
github.com/sharedcode/sop/common/itemactiontracker.valuedata.go:114.2,119.24 3 1
github.com/sharedcode/sop/common/itemactiontracker.valuedata.go:123.37,125.2 1 1
github.com/sharedcode/sop/common/managebtree.go:15.166,16.14 1 1
github.com/sharedcode/sop/common/managebtree.go:16.14,18.3 1 1
github.com/sharedcode/sop/common/managebtree.go:19.2,19.19 1 1
github.com/sharedcode/sop/common/managebtree.go:19.19,21.3 1 1
github.com/sharedcode/sop/common/managebtree.go:22.2,22.16 1 1
github.com/sharedcode/sop/common/managebtree.go:22.16,24.3 1 1
github.com/sharedcode/sop/common/managebtree.go:26.2,29.59 4 1
github.com/sharedcode/sop/common/managebtree.go:29.59,30.17 1 1
github.com/sharedcode/sop/common/managebtree.go:30.17,33.4 2 1
github.com/sharedcode/sop/common/managebtree.go:34.3,35.18 2 0
github.com/sharedcode/sop/common/managebtree.go:37.2,37.59 1 1
github.com/sharedcode/sop/common/managebtree.go:43.173,44.14 1 1
github.com/sharedcode/sop/common/managebtree.go:44.14,46.3 1 0
github.com/sharedcode/sop/common/managebtree.go:47.2,47.19 1 1
github.com/sharedcode/sop/common/managebtree.go:47.19,49.3 1 1
github.com/sharedcode/sop/common/managebtree.go:50.2,50.19 1 1
github.com/sharedcode/sop/common/managebtree.go:50.19,52.3 1 1
github.com/sharedcode/sop/common/managebtree.go:54.2,59.27 5 1
github.com/sharedcode/sop/common/managebtree.go:59.27,61.3 1 1
github.com/sharedcode/sop/common/managebtree.go:61.8,63.3 1 1
github.com/sharedcode/sop/common/managebtree.go:64.2,64.16 1 1
github.com/sharedcode/sop/common/managebtree.go:64.16,67.3 2 0
github.com/sharedcode/sop/common/managebtree.go:68.2,69.45 2 1
github.com/sharedcode/sop/common/managebtree.go:69.45,71.28 1 1
github.com/sharedcode/sop/common/managebtree.go:71.28,75.4 2 1
github.com/sharedcode/sop/common/managebtree.go:76.3,76.61 1 1
github.com/sharedcode/sop/common/managebtree.go:76.61,81.4 3 0
github.com/sharedcode/sop/common/managebtree.go:82.3,82.52 1 1
github.com/sharedcode/sop/common/managebtree.go:85.2,85.33 1 1
github.com/sharedcode/sop/common/managebtree.go:85.33,89.3 2 1
github.com/sharedcode/sop/common/managebtree.go:90.2,91.51 2 1
github.com/sharedcode/sop/common/managebtree.go:94.171,96.37 1 1
github.com/sharedcode/sop/common/managebtree.go:96.37,97.59 1 1
github.com/sharedcode/sop/common/managebtree.go:97.59,101.4 3 1
github.com/sharedcode/sop/common/managebtree.go:104.2,117.16 8 1
github.com/sharedcode/sop/common/managebtree.go:117.16,120.3 2 0
github.com/sharedcode/sop/common/managebtree.go:123.2,129.39 1 1
github.com/sharedcode/sop/common/managebtree.go:129.39,129.62 1 1
github.com/sharedcode/sop/common/managebtree.go:141.2,143.54 2 1
github.com/sharedcode/sop/common/managebtree.go:149.164,150.41 1 1
github.com/sharedcode/sop/common/managebtree.go:150.41,158.17 6 1
github.com/sharedcode/sop/common/managebtree.go:158.17,160.4 1 1
github.com/sharedcode/sop/common/managebtree.go:163.3,167.41 4 1
github.com/sharedcode/sop/common/managebtree.go:167.41,169.30 2 1
github.com/sharedcode/sop/common/managebtree.go:169.30,170.47 1 1
github.com/sharedcode/sop/common/managebtree.go:170.47,171.64 1 1
github.com/sharedcode/sop/common/managebtree.go:171.64,172.21 1 1
github.com/sharedcode/sop/common/managebtree.go:172.21,174.8 1 0
github.com/sharedcode/sop/common/managebtree.go:175.7,175.106 1 1
github.com/sharedcode/sop/common/managebtree.go:177.6,179.14 3 1
github.com/sharedcode/sop/common/managebtree.go:181.5,181.79 1 1
github.com/sharedcode/sop/common/managebtree.go:181.79,182.20 1 0
github.com/sharedcode/sop/common/managebtree.go:182.20,184.7 1 0
github.com/sharedcode/sop/common/managebtree.go:185.6,185.105 1 0
github.com/sharedcode/sop/common/managebtree.go:187.5,187.13 1 1
github.com/sharedcode/sop/common/managebtree.go:189.4,189.75 1 1
github.com/sharedcode/sop/common/managebtree.go:189.75,190.19 1 0
github.com/sharedcode/sop/common/managebtree.go:190.19,192.6 1 0
github.com/sharedcode/sop/common/managebtree.go:193.5,193.99 1 0
github.com/sharedcode/sop/common/managebtree.go:197.4,198.52 2 1
github.com/sharedcode/sop/common/managebtree.go:198.52,199.19 1 1
github.com/sharedcode/sop/common/managebtree.go:199.19,201.6 1 0
github.com/sharedcode/sop/common/managebtree.go:202.5,202.112 1 1
github.com/sharedcode/sop/common/managebtree.go:205.4,205.30 1 1
github.com/sharedcode/sop/common/managebtree.go:205.30,207.13 1 1
github.com/sharedcode/sop/common/managebtree.go:209.4,209.33 1 1
github.com/sharedcode/sop/common/managebtree.go:209.33,210.64 1 1
github.com/sharedcode/sop/common/managebtree.go:210.64,211.20 1 0
github.com/sharedcode/sop/common/managebtree.go:211.20,213.7 1 0
github.com/sharedcode/sop/common/managebtree.go:214.6,214.108 1 0
github.com/sharedcode/sop/common/managebtree.go:216.5,216.13 1 1
github.com/sharedcode/sop/common/managebtree.go:218.4,218.33 1 1
github.com/sharedcode/sop/common/managebtree.go:218.33,219.47 1 1
github.com/sharedcode/sop/common/managebtree.go:219.47,228.78 5 1
github.com/sharedcode/sop/common/managebtree.go:228.78,229.21 1 0
github.com/sharedcode/sop/common/managebtree.go:229.21,231.8 1 0
github.com/sharedcode/sop/common/managebtree.go:232.7,232.109 1 0
github.com/sharedcode/sop/common/managebtree.go:234.6,234.14 1 1
github.com/sharedcode/sop/common/managebtree.go:236.5,236.80 1 1
github.com/sharedcode/sop/common/managebtree.go:236.80,237.20 1 0
github.com/sharedcode/sop/common/managebtree.go:237.20,239.7 1 0
github.com/sharedcode/sop/common/managebtree.go:240.6,240.108 1 0
github.com/sharedcode/sop/common/managebtree.go:244.3,244.13 1 1
github.com/sharedcode/sop/common/noderepository.backend.go:66.124,79.2 2 1
github.com/sharedcode/sop/common/noderepository.backend.go:102.120,103.43 1 1
github.com/sharedcode/sop/common/noderepository.backend.go:103.43,104.31 1 1
github.com/sharedcode/sop/common/noderepository.backend.go:104.31,106.4 1 0
github.com/sharedcode/sop/common/noderepository.backend.go:107.3,107.21 1 1
github.com/sharedcode/sop/common/noderepository.backend.go:109.2,109.68 1 1
github.com/sharedcode/sop/common/noderepository.backend.go:109.68,111.3 1 1
github.com/sharedcode/sop/common/noderepository.backend.go:115.2,115.35 1 1
github.com/sharedcode/sop/common/noderepository.backend.go:115.35,116.89 1 1
github.com/sharedcode/sop/common/noderepository.backend.go:116.89,117.62 1 0
github.com/sharedcode/sop/common/noderepository.backend.go:117.62,123.5 3 0
github.com/sharedcode/sop/common/noderepository.backend.go:127.2,133.16 2 1
github.com/sharedcode/sop/common/noderepository.backend.go:133.16,135.3 1 0
github.com/sharedcode/sop/common/noderepository.backend.go:136.2,136.39 1 1
github.com/sharedcode/sop/common/noderepository.backend.go:136.39,138.3 1 1
github.com/sharedcode/sop/common/noderepository.backend.go:140.2,144.16 4 1
github.com/sharedcode/sop/common/noderepository.backend.go:144.16,146.3 1 0
github.com/sharedcode/sop/common/noderepository.backend.go:147.2,147.14 1 1
github.com/sharedcode/sop/common/noderepository.backend.go:147.14,154.3 4 1
github.com/sharedcode/sop/common/noderepository.backend.go:157.2,158.96 2 1
github.com/sharedcode/sop/common/noderepository.backend.go:158.96,160.3 1 0
github.com/sharedcode/sop/common/noderepository.backend.go:161.2,169.20 5 1
github.com/sharedcode/sop/common/noderepository.backend.go:173.73,178.2 1 1
github.com/sharedcode/sop/common/noderepository.backend.go:181.76,182.65 1 1
github.com/sharedcode/sop/common/noderepository.backend.go:182.65,188.3 2 1
github.com/sharedcode/sop/common/noderepository.backend.go:189.2,189.40 1 1
github.com/sharedcode/sop/common/noderepository.backend.go:189.40,192.28 2 1
github.com/sharedcode/sop/common/noderepository.backend.go:192.28,194.4 1 1
github.com/sharedcode/sop/common/noderepository.backend.go:195.3,196.9 2 1
github.com/sharedcode/sop/common/noderepository.backend.go:199.2,202.3 1 1
github.com/sharedcode/sop/common/noderepository.backend.go:206.58,207.65 1 1
github.com/sharedcode/sop/common/noderepository.backend.go:207.65,213.3 2 0
github.com/sharedcode/sop/common/noderepository.backend.go:214.2,214.40 1 1
github.com/sharedcode/sop/common/noderepository.backend.go:214.40,215.28 1 1
github.com/sharedcode/sop/common/noderepository.backend.go:215.28,218.4 2 1
github.com/sharedcode/sop/common/noderepository.backend.go:219.3,220.28 2 1
github.com/sharedcode/sop/common/noderepository.backend.go:227.173,228.21 1 1
github.com/sharedcode/sop/common/noderepository.backend.go:228.21,230.3 1 1
github.com/sharedcode/sop/common/noderepository.backend.go:231.2,233.16 3 1
github.com/sharedcode/sop/common/noderepository.backend.go:233.16,235.3 1 0
github.com/sharedcode/sop/common/noderepository.backend.go:236.2,237.25 2 1
github.com/sharedcode/sop/common/noderepository.backend.go:237.25,238.31 1 1
github.com/sharedcode/sop/common/noderepository.backend.go:238.31,240.4 1 1
github.com/sharedcode/sop/common/noderepository.backend.go:241.3,243.34 3 1
github.com/sharedcode/sop/common/noderepository.backend.go:243.34,245.45 1 1
github.com/sharedcode/sop/common/noderepository.backend.go:245.45,247.5 1 1
github.com/sharedcode/sop/common/noderepository.backend.go:248.4,251.18 4 1
github.com/sharedcode/sop/common/noderepository.backend.go:251.18,253.5 1 0
github.com/sharedcode/sop/common/noderepository.backend.go:254.4,254.33 1 1
github.com/sharedcode/sop/common/noderepository.backend.go:258.2,258.65 1 1
github.com/sharedcode/sop/common/noderepository.backend.go:258.65,260.3 1 0
github.com/sharedcode/sop/common/noderepository.backend.go:261.2,261.23 1 1
github.com/sharedcode/sop/common/noderepository.backend.go:261.23,262.35 1 1
github.com/sharedcode/sop/common/noderepository.backend.go:262.35,264.84 1 1
github.com/sharedcode/sop/common/noderepository.backend.go:264.84,267.5 1 0
github.com/sharedcode/sop/common/noderepository.backend.go:271.2,271.66 1 1
github.com/sharedcode/sop/common/noderepository.backend.go:271.66,273.3 1 0
github.com/sharedcode/sop/common/noderepository.backend.go:274.2,274.27 1 1
github.com/sharedcode/sop/common/noderepository.backend.go:279.173,280.21 1 1
github.com/sharedcode/sop/common/noderepository.backend.go:280.21,282.3 1 1
github.com/sharedcode/sop/common/noderepository.backend.go:284.2,286.16 3 1
github.com/sharedcode/sop/common/noderepository.backend.go:286.16,288.3 1 0
github.com/sharedcode/sop/common/noderepository.backend.go:290.2,291.25 2 1
github.com/sharedcode/sop/common/noderepository.backend.go:291.25,294.34 3 1
github.com/sharedcode/sop/common/noderepository.backend.go:294.34,297.168 2 1
github.com/sharedcode/sop/common/noderepository.backend.go:297.168,300.5 2 1
github.com/sharedcode/sop/common/noderepository.backend.go:301.4,301.78 1 1
github.com/sharedcode/sop/common/noderepository.backend.go:301.78,304.5 1 0
github.com/sharedcode/sop/common/noderepository.backend.go:306.4,307.25 2 1
github.com/sharedcode/sop/common/noderepository.backend.go:307.25,308.47 1 1
github.com/sharedcode/sop/common/noderepository.backend.go:308.47,312.6 2 0
github.com/sharedcode/sop/common/noderepository.backend.go:314.4,314.25 1 1
github.com/sharedcode/sop/common/noderepository.backend.go:314.25,318.5 2 1
github.com/sharedcode/sop/common/noderepository.backend.go:319.4,321.18 3 1
github.com/sharedcode/sop/common/noderepository.backend.go:321.18,323.5 1 0
github.com/sharedcode/sop/common/noderepository.backend.go:324.4,324.33 1 1
github.com/sharedcode/sop/common/noderepository.backend.go:327.2,330.83 2 1
github.com/sharedcode/sop/common/noderepository.backend.go:330.83,333.3 2 0
github.com/sharedcode/sop/common/noderepository.backend.go:336.2,336.65 1 1
github.com/sharedcode/sop/common/noderepository.backend.go:336.65,339.3 2 0
github.com/sharedcode/sop/common/noderepository.backend.go:340.2,340.23 1 1
github.com/sharedcode/sop/common/noderepository.backend.go:340.23,341.35 1 1
github.com/sharedcode/sop/common/noderepository.backend.go:341.35,342.190 1 1
github.com/sharedcode/sop/common/noderepository.backend.go:342.190,344.5 1 0
github.com/sharedcode/sop/common/noderepository.backend.go:347.2,347.27 1 1
github.com/sharedcode/sop/common/noderepository.backend.go:351.173,352.21 1 1
github.com/sharedcode/sop/common/noderepository.backend.go:352.21,354.3 1 1
github.com/sharedcode/sop/common/noderepository.backend.go:355.2,357.16 3 1
github.com/sharedcode/sop/common/noderepository.backend.go:357.16,359.3 1 0
github.com/sharedcode/sop/common/noderepository.backend.go:360.2,361.25 2 1
github.com/sharedcode/sop/common/noderepository.backend.go:361.25,362.34 1 1
github.com/sharedcode/sop/common/noderepository.backend.go:362.34,365.123 1 1
github.com/sharedcode/sop/common/noderepository.backend.go:365.123,367.5 1 1
github.com/sharedcode/sop/common/noderepository.backend.go:369.4,370.57 2 1
github.com/sharedcode/sop/common/noderepository.backend.go:374.2,374.83 1 1
github.com/sharedcode/sop/common/noderepository.backend.go:374.83,376.3 1 0
github.com/sharedcode/sop/common/noderepository.backend.go:377.2,377.27 1 1
github.com/sharedcode/sop/common/noderepository.backend.go:381.165,389.21 1 1
github.com/sharedcode/sop/common/noderepository.backend.go:389.21,391.3 1 1
github.com/sharedcode/sop/common/noderepository.backend.go:392.2,394.23 3 1
github.com/sharedcode/sop/common/noderepository.backend.go:394.23,400.35 6 1
github.com/sharedcode/sop/common/noderepository.backend.go:400.35,408.18 6 1
github.com/sharedcode/sop/common/noderepository.backend.go:408.18,410.5 1 0
github.com/sharedcode/sop/common/noderepository.backend.go:411.4,414.172 3 1
github.com/sharedcode/sop/common/noderepository.backend.go:414.172,416.5 1 0
github.com/sharedcode/sop/common/noderepository.backend.go:420.2,420.66 1 1
github.com/sharedcode/sop/common/noderepository.backend.go:420.66,422.3 1 0
github.com/sharedcode/sop/common/noderepository.backend.go:424.2,424.65 1 1
github.com/sharedcode/sop/common/noderepository.backend.go:424.65,426.3 1 0
github.com/sharedcode/sop/common/noderepository.backend.go:427.2,427.21 1 1
github.com/sharedcode/sop/common/noderepository.backend.go:431.141,432.21 1 1
github.com/sharedcode/sop/common/noderepository.backend.go:432.21,434.3 1 1
github.com/sharedcode/sop/common/noderepository.backend.go:436.2,438.16 3 1
github.com/sharedcode/sop/common/noderepository.backend.go:438.16,440.3 1 0
github.com/sharedcode/sop/common/noderepository.backend.go:441.2,441.25 1 1
github.com/sharedcode/sop/common/noderepository.backend.go:441.25,442.34 1 1
github.com/sharedcode/sop/common/noderepository.backend.go:442.34,444.91 1 1
github.com/sharedcode/sop/common/noderepository.backend.go:444.91,446.5 1 1
github.com/sharedcode/sop/common/noderepository.backend.go:449.2,449.18 1 1
github.com/sharedcode/sop/common/noderepository.backend.go:453.169,454.34 1 1
github.com/sharedcode/sop/common/noderepository.backend.go:454.34,456.3 1 0
github.com/sharedcode/sop/common/noderepository.backend.go:457.2,459.20 3 1
github.com/sharedcode/sop/common/noderepository.backend.go:459.20,461.3 1 0
github.com/sharedcode/sop/common/noderepository.backend.go:463.2,465.67 2 1
github.com/sharedcode/sop/common/noderepository.backend.go:465.67,468.3 2 0
github.com/sharedcode/sop/common/noderepository.backend.go:469.2,469.22 1 1
github.com/sharedcode/sop/common/noderepository.backend.go:469.22,470.31 1 1
github.com/sharedcode/sop/common/noderepository.backend.go:470.31,471.114 1 1
github.com/sharedcode/sop/common/noderepository.backend.go:471.114,473.23 2 0
github.com/sharedcode/sop/common/noderepository.backend.go:473.23,475.6 1 0
github.com/sharedcode/sop/common/noderepository.backend.go:476.5,476.26 1 0
github.com/sharedcode/sop/common/noderepository.backend.go:481.2,481.63 1 1
github.com/sharedcode/sop/common/noderepository.backend.go:481.63,482.67 1 1
github.com/sharedcode/sop/common/noderepository.backend.go:482.67,485.4 2 0
github.com/sharedcode/sop/common/noderepository.backend.go:487.2,487.16 1 1
github.com/sharedcode/sop/common/noderepository.backend.go:491.167,494.20 3 1
github.com/sharedcode/sop/common/noderepository.backend.go:494.20,496.3 1 1
github.com/sharedcode/sop/common/noderepository.backend.go:497.2,498.67 2 1
github.com/sharedcode/sop/common/noderepository.backend.go:498.67,501.3 2 0
github.com/sharedcode/sop/common/noderepository.backend.go:503.2,503.66 1 1
github.com/sharedcode/sop/common/noderepository.backend.go:503.66,506.3 2 0
github.com/sharedcode/sop/common/noderepository.backend.go:508.2,508.22 1 1
github.com/sharedcode/sop/common/noderepository.backend.go:508.22,509.31 1 1
github.com/sharedcode/sop/common/noderepository.backend.go:509.31,510.114 1 1
github.com/sharedcode/sop/common/noderepository.backend.go:510.114,512.23 2 0
github.com/sharedcode/sop/common/noderepository.backend.go:512.23,514.6 1 0
github.com/sharedcode/sop/common/noderepository.backend.go:515.5,515.26 1 0
github.com/sharedcode/sop/common/noderepository.backend.go:519.2,519.16 1 1
github.com/sharedcode/sop/common/noderepository.backend.go:527.141,528.20 1 1
github.com/sharedcode/sop/common/noderepository.backend.go:528.20,530.3 1 1
github.com/sharedcode/sop/common/noderepository.backend.go:531.2,532.16 2 1
github.com/sharedcode/sop/common/noderepository.backend.go:532.16,534.3 1 0
github.com/sharedcode/sop/common/noderepository.backend.go:535.2,536.25 2 1
github.com/sharedcode/sop/common/noderepository.backend.go:536.25,539.34 3 1
github.com/sharedcode/sop/common/noderepository.backend.go:539.34,540.50 1 1
github.com/sharedcode/sop/common/noderepository.backend.go:540.50,542.13 2 0
github.com/sharedcode/sop/common/noderepository.backend.go:544.4,545.40 2 1
github.com/sharedcode/sop/common/noderepository.backend.go:548.2,550.70 2 1
github.com/sharedcode/sop/common/noderepository.backend.go:550.70,553.3 2 0
github.com/sharedcode/sop/common/noderepository.backend.go:555.2,555.20 1 1
github.com/sharedcode/sop/common/noderepository.backend.go:555.20,556.83 1 1
github.com/sharedcode/sop/common/noderepository.backend.go:556.83,559.4 2 0
github.com/sharedcode/sop/common/noderepository.backend.go:560.8,561.69 1 0
github.com/sharedcode/sop/common/noderepository.backend.go:561.69,564.4 2 0
github.com/sharedcode/sop/common/noderepository.backend.go:567.2,567.26 1 1
github.com/sharedcode/sop/common/noderepository.backend.go:567.26,568.37 1 1
github.com/sharedcode/sop/common/noderepository.backend.go:568.37,569.119 1 1
github.com/sharedcode/sop/common/noderepository.backend.go:569.119,571.23 2 0
github.com/sharedcode/sop/common/noderepository.backend.go:571.23,573.6 1 0
github.com/sharedcode/sop/common/noderepository.backend.go:574.5,574.26 1 0
github.com/sharedcode/sop/common/noderepository.backend.go:578.2,578.16 1 1
github.com/sharedcode/sop/common/noderepository.backend.go:582.112,583.24 1 1
github.com/sharedcode/sop/common/noderepository.backend.go:583.24,585.3 1 0
github.com/sharedcode/sop/common/noderepository.backend.go:586.2,588.71 2 1
github.com/sharedcode/sop/common/noderepository.backend.go:588.71,591.3 2 0
github.com/sharedcode/sop/common/noderepository.backend.go:593.2,593.26 1 1
github.com/sharedcode/sop/common/noderepository.backend.go:593.26,594.37 1 1
github.com/sharedcode/sop/common/noderepository.backend.go:594.37,595.120 1 1
github.com/sharedcode/sop/common/noderepository.backend.go:595.120,597.23 2 0
github.com/sharedcode/sop/common/noderepository.backend.go:597.23,599.6 1 0
github.com/sharedcode/sop/common/noderepository.backend.go:600.5,600.26 1 0
github.com/sharedcode/sop/common/noderepository.backend.go:604.2,604.16 1 1
github.com/sharedcode/sop/common/noderepository.backend.go:608.141,609.20 1 1
github.com/sharedcode/sop/common/noderepository.backend.go:609.20,611.3 1 1
github.com/sharedcode/sop/common/noderepository.backend.go:612.2,613.16 2 1
github.com/sharedcode/sop/common/noderepository.backend.go:613.16,617.3 3 0
github.com/sharedcode/sop/common/noderepository.backend.go:618.2,619.25 2 1
github.com/sharedcode/sop/common/noderepository.backend.go:619.25,624.34 2 1
github.com/sharedcode/sop/common/noderepository.backend.go:624.34,626.86 1 1
github.com/sharedcode/sop/common/noderepository.backend.go:626.86,630.5 3 1
github.com/sharedcode/sop/common/noderepository.backend.go:635.2,635.20 1 1
github.com/sharedcode/sop/common/noderepository.backend.go:635.20,636.95 1 1
github.com/sharedcode/sop/common/noderepository.backend.go:636.95,640.4 3 0
github.com/sharedcode/sop/common/noderepository.backend.go:641.8,642.81 1 1
github.com/sharedcode/sop/common/noderepository.backend.go:642.81,646.4 3 0
github.com/sharedcode/sop/common/noderepository.backend.go:648.2,648.12 1 1
github.com/sharedcode/sop/common/noderepository.backend.go:652.142,653.25 1 1
github.com/sharedcode/sop/common/noderepository.backend.go:653.25,654.34 1 1
github.com/sharedcode/sop/common/noderepository.backend.go:654.34,663.4 3 1
github.com/sharedcode/sop/common/noderepository.backend.go:666.2,666.21 1 1
github.com/sharedcode/sop/common/noderepository.backend.go:670.131,671.23 1 1
github.com/sharedcode/sop/common/noderepository.backend.go:671.23,673.3 1 1
github.com/sharedcode/sop/common/noderepository.backend.go:674.2,674.25 1 1
github.com/sharedcode/sop/common/noderepository.backend.go:674.25,675.34 1 1
github.com/sharedcode/sop/common/noderepository.backend.go:675.34,679.4 2 1
github.com/sharedcode/sop/common/noderepository.backend.go:682.2,682.21 1 1
github.com/sharedcode/sop/common/noderepository.backend.go:687.107,689.30 2 1
github.com/sharedcode/sop/common/noderepository.backend.go:689.30,694.39 2 1
github.com/sharedcode/sop/common/noderepository.backend.go:694.39,695.55 1 1
github.com/sharedcode/sop/common/noderepository.backend.go:695.55,696.13 1 1
github.com/sharedcode/sop/common/noderepository.backend.go:698.4,698.82 1 1
github.com/sharedcode/sop/common/noderepository.backend.go:701.2,701.13 1 1
github.com/sharedcode/sop/common/noderepository.backend.go:705.113,707.23 2 1
github.com/sharedcode/sop/common/noderepository.backend.go:707.23,712.35 2 1
github.com/sharedcode/sop/common/noderepository.backend.go:712.35,714.4 1 1
github.com/sharedcode/sop/common/noderepository.backend.go:716.2,716.13 1 1
github.com/sharedcode/sop/common/noderepository.backend.go:720.120,722.23 2 1
github.com/sharedcode/sop/common/noderepository.backend.go:722.23,730.35 2 1
github.com/sharedcode/sop/common/noderepository.backend.go:730.35,732.4 1 1
github.com/sharedcode/sop/common/noderepository.backend.go:734.2,734.13 1 1
github.com/sharedcode/sop/common/noderepository.backend.go:738.80,740.23 2 1
github.com/sharedcode/sop/common/noderepository.backend.go:740.23,741.35 1 1
github.com/sharedcode/sop/common/noderepository.backend.go:741.35,743.4 1 1
github.com/sharedcode/sop/common/noderepository.backend.go:745.2,745.14 1 1
github.com/sharedcode/sop/common/noderepository.backend.go:749.61,751.2 1 1
github.com/sharedcode/sop/common/noderepository.frontend.go:19.70,21.2 1 1
github.com/sharedcode/sop/common/noderepository.frontend.go:24.73,26.2 1 1
github.com/sharedcode/sop/common/noderepository.frontend.go:29.114,32.14 3 1
github.com/sharedcode/sop/common/noderepository.frontend.go:32.14,34.3 1 1
github.com/sharedcode/sop/common/noderepository.frontend.go:35.2,35.37 1 1
github.com/sharedcode/sop/common/noderepository.frontend.go:39.68,41.17 2 1
github.com/sharedcode/sop/common/noderepository.frontend.go:41.17,48.3 2 1
github.com/sharedcode/sop/common/noderepository.frontend.go:52.67,54.2 1 1
github.com/sharedcode/sop/common/transactionlogger.go:52.84,58.2 1 1
github.com/sharedcode/sop/common/transactionlogger.go:61.92,63.33 2 1
github.com/sharedcode/sop/common/transactionlogger.go:63.33,65.3 1 1
github.com/sharedcode/sop/common/transactionlogger.go:67.2,67.70 1 1
github.com/sharedcode/sop/common/transactionlogger.go:71.65,72.17 1 1
github.com/sharedcode/sop/common/transactionlogger.go:72.17,74.3 1 1
github.com/sharedcode/sop/common/transactionlogger.go:75.2,76.12 2 1
github.com/sharedcode/sop/common/transactionlogger.go:84.100,89.30 5 1
github.com/sharedcode/sop/common/transactionlogger.go:89.30,91.17 2 1
github.com/sharedcode/sop/common/transactionlogger.go:91.17,93.4 1 0
github.com/sharedcode/sop/common/transactionlogger.go:94.3,94.26 1 1
github.com/sharedcode/sop/common/transactionlogger.go:95.8,97.17 2 1
github.com/sharedcode/sop/common/transactionlogger.go:97.17,99.4 1 0
github.com/sharedcode/sop/common/transactionlogger.go:101.2,101.17 1 1
github.com/sharedcode/sop/common/transactionlogger.go:101.17,104.3 2 1
github.com/sharedcode/sop/common/transactionlogger.go:105.2,105.56 1 1
github.com/sharedcode/sop/common/transactionlogger.go:108.98,111.58 3 1
github.com/sharedcode/sop/common/transactionlogger.go:111.58,112.48 1 1
github.com/sharedcode/sop/common/transactionlogger.go:112.48,114.4 1 0
github.com/sharedcode/sop/common/transactionlogger.go:115.3,120.20 5 1
github.com/sharedcode/sop/common/transactionlogger.go:120.20,124.87 3 1
github.com/sharedcode/sop/common/transactionlogger.go:124.87,126.13 2 1
github.com/sharedcode/sop/common/transactionlogger.go:128.4,128.60 1 1
github.com/sharedcode/sop/common/transactionlogger.go:128.60,131.13 3 1
github.com/sharedcode/sop/common/transactionlogger.go:134.4,137.68 3 1
github.com/sharedcode/sop/common/transactionlogger.go:137.68,138.89 1 1
github.com/sharedcode/sop/common/transactionlogger.go:138.89,141.6 1 1
github.com/sharedcode/sop/common/transactionlogger.go:142.5,143.13 2 0
github.com/sharedcode/sop/common/transactionlogger.go:146.4,147.64 2 1
github.com/sharedcode/sop/common/transactionlogger.go:147.64,149.5 1 0
github.com/sharedcode/sop/common/transactionlogger.go:149.10,150.28 1 1
github.com/sharedcode/sop/common/transactionlogger.go:150.28,151.37 1 1
github.com/sharedcode/sop/common/transactionlogger.go:151.37,152.134 1 1
github.com/sharedcode/sop/common/transactionlogger.go:152.134,160.8 2 1
github.com/sharedcode/sop/common/transactionlogger.go:165.4,165.72 1 1
github.com/sharedcode/sop/common/transactionlogger.go:165.72,173.5 2 0
github.com/sharedcode/sop/common/transactionlogger.go:175.4,175.53 1 1
github.com/sharedcode/sop/common/transactionlogger.go:175.53,177.5 1 0
github.com/sharedcode/sop/common/transactionlogger.go:177.10,179.5 1 1
github.com/sharedcode/sop/common/transactionlogger.go:182.4,185.87 2 1
github.com/sharedcode/sop/common/transactionlogger.go:185.87,187.5 1 0
github.com/sharedcode/sop/common/transactionlogger.go:190.3,190.26 1 1
github.com/sharedcode/sop/common/transactionlogger.go:192.2,192.19 1 0
github.com/sharedcode/sop/common/transactionlogger.go:198.164,202.34 3 1
github.com/sharedcode/sop/common/transactionlogger.go:202.34,203.31 1 1
github.com/sharedcode/sop/common/transactionlogger.go:203.31,205.4 1 1
github.com/sharedcode/sop/common/transactionlogger.go:209.2,211.6 3 1
github.com/sharedcode/sop/common/transactionlogger.go:211.6,213.27 2 1
github.com/sharedcode/sop/common/transactionlogger.go:213.27,214.9 1 1
github.com/sharedcode/sop/common/transactionlogger.go:218.2,218.77 1 1
github.com/sharedcode/sop/common/transactionlogger.go:218.77,219.51 1 1
github.com/sharedcode/sop/common/transactionlogger.go:219.51,221.4 1 1
github.com/sharedcode/sop/common/transactionlogger.go:221.9,221.24 1 0
github.com/sharedcode/sop/common/transactionlogger.go:221.24,224.4 2 0
github.com/sharedcode/sop/common/transactionlogger.go:224.9,233.4 2 0
github.com/sharedcode/sop/common/transactionlogger.go:234.8,234.30 1 1
github.com/sharedcode/sop/common/transactionlogger.go:234.30,235.33 1 1
github.com/sharedcode/sop/common/transactionlogger.go:235.33,241.4 2 1
github.com/sharedcode/sop/common/transactionlogger.go:245.3,246.23 2 1
github.com/sharedcode/sop/common/transactionlogger.go:246.23,249.4 2 1
github.com/sharedcode/sop/common/transactionlogger.go:250.3,250.23 1 1
github.com/sharedcode/sop/common/transactionlogger.go:250.23,251.83 1 1
github.com/sharedcode/sop/common/transactionlogger.go:251.83,252.29 1 1
github.com/sharedcode/sop/common/transactionlogger.go:252.29,256.6 2 1
github.com/sharedcode/sop/common/transactionlogger.go:256.11,263.6 2 0
github.com/sharedcode/sop/common/transactionlogger.go:264.10,264.25 1 0
github.com/sharedcode/sop/common/transactionlogger.go:264.25,268.5 2 0
github.com/sharedcode/sop/common/transactionlogger.go:271.3,271.19 1 1
github.com/sharedcode/sop/common/transactionlogger.go:272.8,275.3 2 0
github.com/sharedcode/sop/common/transactionlogger.go:279.101,280.64 1 1
github.com/sharedcode/sop/common/transactionlogger.go:280.64,282.3 1 0
github.com/sharedcode/sop/common/transactionlogger.go:282.8,284.21 1 1
github.com/sharedcode/sop/common/transactionlogger.go:284.21,286.4 1 1
github.com/sharedcode/sop/common/transactionlogger.go:288.3,288.36 1 1
github.com/sharedcode/sop/common/transactionlogger.go:288.36,290.4 1 1
github.com/sharedcode/sop/common/transactionlogger.go:291.3,291.71 1 1
github.com/sharedcode/sop/common/transactionlogger.go:291.71,298.4 1 1
github.com/sharedcode/sop/common/transactionlogger.go:299.3,299.43 1 1
github.com/sharedcode/sop/common/transactionlogger.go:305.148,306.37 1 1
github.com/sharedcode/sop/common/transactionlogger.go:306.37,307.19 1 0
github.com/sharedcode/sop/common/transactionlogger.go:307.19,309.4 1 0
github.com/sharedcode/sop/common/transactionlogger.go:310.3,310.13 1 0
github.com/sharedcode/sop/common/transactionlogger.go:313.2,315.55 3 1
github.com/sharedcode/sop/common/transactionlogger.go:315.55,317.104 1 1
github.com/sharedcode/sop/common/transactionlogger.go:317.104,319.96 2 0
github.com/sharedcode/sop/common/transactionlogger.go:319.96,321.5 1 0
github.com/sharedcode/sop/common/transactionlogger.go:322.4,322.12 1 0
github.com/sharedcode/sop/common/transactionlogger.go:326.3,326.53 1 1
github.com/sharedcode/sop/common/transactionlogger.go:326.53,327.45 1 1
github.com/sharedcode/sop/common/transactionlogger.go:327.45,328.58 1 1
github.com/sharedcode/sop/common/transactionlogger.go:328.58,329.63 1 0
github.com/sharedcode/sop/common/transactionlogger.go:329.63,331.7 1 0
github.com/sharedcode/sop/common/transactionlogger.go:332.6,332.20 1 0
github.com/sharedcode/sop/common/transactionlogger.go:334.5,334.13 1 1
github.com/sharedcode/sop/common/transactionlogger.go:336.4,337.60 2 1
github.com/sharedcode/sop/common/transactionlogger.go:337.60,338.69 1 1
github.com/sharedcode/sop/common/transactionlogger.go:338.69,340.6 1 0
github.com/sharedcode/sop/common/transactionlogger.go:342.4,342.57 1 1
github.com/sharedcode/sop/common/transactionlogger.go:342.57,343.87 1 1
github.com/sharedcode/sop/common/transactionlogger.go:343.87,345.6 1 0
github.com/sharedcode/sop/common/transactionlogger.go:346.5,346.62 1 1
github.com/sharedcode/sop/common/transactionlogger.go:346.62,348.6 1 0
github.com/sharedcode/sop/common/transactionlogger.go:349.5,349.19 1 1
github.com/sharedcode/sop/common/transactionlogger.go:351.4,351.12 1 1
github.com/sharedcode/sop/common/transactionlogger.go:353.3,353.54 1 1
github.com/sharedcode/sop/common/transactionlogger.go:353.54,354.91 1 1
github.com/sharedcode/sop/common/transactionlogger.go:354.91,356.65 2 1
github.com/sharedcode/sop/common/transactionlogger.go:356.65,358.6 1 0
github.com/sharedcode/sop/common/transactionlogger.go:360.4,360.12 1 1
github.com/sharedcode/sop/common/transactionlogger.go:362.3,362.55 1 1
github.com/sharedcode/sop/common/transactionlogger.go:362.55,363.92 1 1
github.com/sharedcode/sop/common/transactionlogger.go:363.92,365.89 2 1
github.com/sharedcode/sop/common/transactionlogger.go:365.89,367.6 1 0
github.com/sharedcode/sop/common/transactionlogger.go:369.4,369.12 1 1
github.com/sharedcode/sop/common/transactionlogger.go:371.3,371.57 1 1
github.com/sharedcode/sop/common/transactionlogger.go:371.57,372.94 1 1
github.com/sharedcode/sop/common/transactionlogger.go:372.94,374.100 2 1
github.com/sharedcode/sop/common/transactionlogger.go:374.100,376.6 1 0
github.com/sharedcode/sop/common/transactionlogger.go:378.4,378.12 1 1
github.com/sharedcode/sop/common/transactionlogger.go:380.3,380.57 1 1
github.com/sharedcode/sop/common/transactionlogger.go:380.57,381.95 1 1
github.com/sharedcode/sop/common/transactionlogger.go:381.95,386.88 3 1
github.com/sharedcode/sop/common/transactionlogger.go:386.88,388.6 1 0
github.com/sharedcode/sop/common/transactionlogger.go:390.4,390.12 1 1
github.com/sharedcode/sop/common/transactionlogger.go:392.3,392.57 1 1
github.com/sharedcode/sop/common/transactionlogger.go:392.57,393.94 1 1
github.com/sharedcode/sop/common/transactionlogger.go:393.94,395.91 2 1
github.com/sharedcode/sop/common/transactionlogger.go:395.91,397.6 1 0
github.com/sharedcode/sop/common/transactionlogger.go:399.4,399.12 1 1
github.com/sharedcode/sop/common/transactionlogger.go:401.3,401.63 1 1
github.com/sharedcode/sop/common/transactionlogger.go:401.63,402.101 1 1
github.com/sharedcode/sop/common/transactionlogger.go:402.101,404.64 2 1
github.com/sharedcode/sop/common/transactionlogger.go:404.64,406.6 1 0
github.com/sharedcode/sop/common/transactionlogger.go:408.4,408.12 1 1
github.com/sharedcode/sop/common/transactionlogger.go:412.2,412.59 1 1
github.com/sharedcode/sop/common/transactionlogger.go:412.59,414.3 1 0
github.com/sharedcode/sop/common/transactionlogger.go:416.2,416.16 1 1
github.com/sharedcode/sop/common/transactionlogger.go:419.36,421.16 2 1
github.com/sharedcode/sop/common/transactionlogger.go:421.16,423.3 1 1
github.com/sharedcode/sop/common/transactionlogger.go:424.2,425.10 2 1
github.com/sharedcode/sop/common/transactionlogger.go:428.42,431.2 2 1
github.com/sharedcode/sop/common/twophasecommittransaction.go:76.163,78.18 1 1
github.com/sharedcode/sop/common/twophasecommittransaction.go:78.18,80.3 1 1
github.com/sharedcode/sop/common/twophasecommittransaction.go:82.2,82.42 1 1
github.com/sharedcode/sop/common/twophasecommittransaction.go:82.42,84.3 1 1
github.com/sharedcode/sop/common/twophasecommittransaction.go:85.2,96.8 1 1
github.com/sharedcode/sop/common/twophasecommittransaction.go:99.37,100.18 1 1
github.com/sharedcode/sop/common/twophasecommittransaction.go:100.18,102.3 1 1
github.com/sharedcode/sop/common/twophasecommittransaction.go:103.2,103.22 1 1
github.com/sharedcode/sop/common/twophasecommittransaction.go:103.22,105.3 1 1
github.com/sharedcode/sop/common/twophasecommittransaction.go:106.2,107.12 2 1
github.com/sharedcode/sop/common/twophasecommittransaction.go:111.37,113.49 1 1
github.com/sharedcode/sop/common/twophasecommittransaction.go:113.49,115.3 1 0
github.com/sharedcode/sop/common/twophasecommittransaction.go:116.2,116.12 1 1
github.com/sharedcode/sop/common/twophasecommittransaction.go:122.63,126.19 2 1
github.com/sharedcode/sop/common/twophasecommittransaction.go:126.19,128.3 1 1
github.com/sharedcode/sop/common/twophasecommittransaction.go:129.2,129.22 1 1
github.com/sharedcode/sop/common/twophasecommittransaction.go:129.22,131.3 1 0
github.com/sharedcode/sop/common/twophasecommittransaction.go:132.2,133.27 2 1
github.com/sharedcode/sop/common/twophasecommittransaction.go:133.27,135.3 1 1
github.com/sharedcode/sop/common/twophasecommittransaction.go:136.2,136.30 1 1
github.com/sharedcode/sop/common/twophasecommittransaction.go:136.30,138.3 1 1
github.com/sharedcode/sop/common/twophasecommittransaction.go:139.2,139.44 1 1
github.com/sharedcode/sop/common/twophasecommittransaction.go:139.44,144.45 3 1
github.com/sharedcode/sop/common/twophasecommittransaction.go:144.45,146.4 1 0
github.com/sharedcode/sop/common/twophasecommittransaction.go:148.3,148.18 1 1
github.com/sharedcode/sop/common/twophasecommittransaction.go:148.18,150.4 1 0
github.com/sharedcode/sop/common/twophasecommittransaction.go:151.3,151.63 1 1
github.com/sharedcode/sop/common/twophasecommittransaction.go:153.2,154.12 2 1
github.com/sharedcode/sop/common/twophasecommittransaction.go:161.63,162.19 1 1
github.com/sharedcode/sop/common/twophasecommittransaction.go:162.19,164.3 1 1
github.com/sharedcode/sop/common/twophasecommittransaction.go:165.2,165.22 1 1
github.com/sharedcode/sop/common/twophasecommittransaction.go:165.22,167.3 1 1
github.com/sharedcode/sop/common/twophasecommittransaction.go:168.2,168.22 1 1
github.com/sharedcode/sop/common/twophasecommittransaction.go:168.22,170.3 1 0
github.com/sharedcode/sop/common/twophasecommittransaction.go:171.2,175.30 3 1
github.com/sharedcode/sop/common/twophasecommittransaction.go:175.30,177.3 1 1
github.com/sharedcode/sop/common/twophasecommittransaction.go:178.2,178.44 1 1
github.com/sharedcode/sop/common/twophasecommittransaction.go:178.44,179.29 1 0
github.com/sharedcode/sop/common/twophasecommittransaction.go:179.29,180.75 1 0
github.com/sharedcode/sop/common/twophasecommittransaction.go:180.75,183.91 2 0
github.com/sharedcode/sop/common/twophasecommittransaction.go:183.91,185.6 1 0
github.com/sharedcode/sop/common/twophasecommittransaction.go:187.4,187.26 1 0
github.com/sharedcode/sop/common/twophasecommittransaction.go:188.9,189.72 1 0
github.com/sharedcode/sop/common/twophasecommittransaction.go:189.72,191.5 1 0
github.com/sharedcode/sop/common/twophasecommittransaction.go:194.3,197.45 2 0
github.com/sharedcode/sop/common/twophasecommittransaction.go:197.45,199.4 1 0
github.com/sharedcode/sop/common/twophasecommittransaction.go:201.3,201.18 1 0
github.com/sharedcode/sop/common/twophasecommittransaction.go:201.18,203.4 1 0
github.com/sharedcode/sop/common/twophasecommittransaction.go:204.3,204.63 1 0
github.com/sharedcode/sop/common/twophasecommittransaction.go:206.2,206.12 1 1
github.com/sharedcode/sop/common/twophasecommittransaction.go:211.70,212.22 1 1
github.com/sharedcode/sop/common/twophasecommittransaction.go:212.22,214.3 1 1
github.com/sharedcode/sop/common/twophasecommittransaction.go:215.2,215.19 1 1
github.com/sharedcode/sop/common/twophasecommittransaction.go:215.19,217.3 1 1
github.com/sharedcode/sop/common/twophasecommittransaction.go:219.2,220.48 2 1
github.com/sharedcode/sop/common/twophasecommittransaction.go:220.48,224.45 2 0
github.com/sharedcode/sop/common/twophasecommittransaction.go:224.45,226.4 1 0
github.com/sharedcode/sop/common/twophasecommittransaction.go:228.3,228.58 1 0
github.com/sharedcode/sop/common/twophasecommittransaction.go:230.2,233.44 2 1
github.com/sharedcode/sop/common/twophasecommittransaction.go:233.44,235.3 1 0
github.com/sharedcode/sop/common/twophasecommittransaction.go:237.2,237.12 1 1
github.com/sharedcode/sop/common/twophasecommittransaction.go:241.53,243.2 1 1
github.com/sharedcode/sop/common/twophasecommittransaction.go:246.39,248.2 1 1
github.com/sharedcode/sop/common/twophasecommittransaction.go:250.72,252.2 1 1
github.com/sharedcode/sop/common/twophasecommittransaction.go:255.64,257.2 1 1
github.com/sharedcode/sop/common/twophasecommittransaction.go:259.40,261.2 1 1
github.com/sharedcode/sop/common/twophasecommittransaction.go:265.63,266.26 1 1
github.com/sharedcode/sop/common/twophasecommittransaction.go:266.26,268.3 1 1
github.com/sharedcode/sop/common/twophasecommittransaction.go:270.2,271.57 2 1
github.com/sharedcode/sop/common/twophasecommittransaction.go:271.57,274.3 1 0
github.com/sharedcode/sop/common/twophasecommittransaction.go:275.2,277.65 2 1
github.com/sharedcode/sop/common/twophasecommittransaction.go:277.65,279.3 1 0
github.com/sharedcode/sop/common/twophasecommittransaction.go:281.2,281.48 1 1
github.com/sharedcode/sop/common/twophasecommittransaction.go:281.48,283.3 1 0
github.com/sharedcode/sop/common/twophasecommittransaction.go:285.2,299.18 8 1
github.com/sharedcode/sop/common/twophasecommittransaction.go:299.18,304.51 3 1
github.com/sharedcode/sop/common/twophasecommittransaction.go:304.51,306.4 1 0
github.com/sharedcode/sop/common/twophasecommittransaction.go:309.3,309.67 1 1
github.com/sharedcode/sop/common/twophasecommittransaction.go:309.67,315.12 5 0
github.com/sharedcode/sop/common/twophasecommittransaction.go:318.3,318.73 1 1
github.com/sharedcode/sop/common/twophasecommittransaction.go:318.73,321.12 3 0
github.com/sharedcode/sop/common/twophasecommittransaction.go:324.3,324.27 1 1
github.com/sharedcode/sop/common/twophasecommittransaction.go:324.27,326.62 2 1
github.com/sharedcode/sop/common/twophasecommittransaction.go:326.62,329.5 2 1
github.com/sharedcode/sop/common/twophasecommittransaction.go:331.4,331.67 1 0
github.com/sharedcode/sop/common/twophasecommittransaction.go:331.67,333.5 1 0
github.com/sharedcode/sop/common/twophasecommittransaction.go:334.4,334.49 1 0
github.com/sharedcode/sop/common/twophasecommittransaction.go:334.49,337.5 2 0
github.com/sharedcode/sop/common/twophasecommittransaction.go:339.4,342.12 4 0
github.com/sharedcode/sop/common/twophasecommittransaction.go:346.3,346.120 1 1
github.com/sharedcode/sop/common/twophasecommittransaction.go:346.120,348.4 1 0
github.com/sharedcode/sop/common/twophasecommittransaction.go:349.3,349.57 1 1
github.com/sharedcode/sop/common/twophasecommittransaction.go:349.57,351.4 1 0
github.com/sharedcode/sop/common/twophasecommittransaction.go:354.3,354.34 1 1
github.com/sharedcode/sop/common/twophasecommittransaction.go:354.34,357.4 2 0
github.com/sharedcode/sop/common/twophasecommittransaction.go:359.3,367.19 4 1
github.com/sharedcode/sop/common/twophasecommittransaction.go:367.19,369.4 1 0
github.com/sharedcode/sop/common/twophasecommittransaction.go:370.3,370.127 1 1
github.com/sharedcode/sop/common/twophasecommittransaction.go:370.127,372.27 2 0
github.com/sharedcode/sop/common/twophasecommittransaction.go:372.27,373.70 1 0
github.com/sharedcode/sop/common/twophasecommittransaction.go:373.70,375.6 1 0
github.com/sharedcode/sop/common/twophasecommittransaction.go:376.10,378.5 1 0
github.com/sharedcode/sop/common/twophasecommittransaction.go:381.3,381.17 1 1
github.com/sharedcode/sop/common/twophasecommittransaction.go:381.17,383.72 1 1
github.com/sharedcode/sop/common/twophasecommittransaction.go:383.72,385.5 1 0
github.com/sharedcode/sop/common/twophasecommittransaction.go:386.4,386.112 1 1
github.com/sharedcode/sop/common/twophasecommittransaction.go:386.112,388.5 1 0
github.com/sharedcode/sop/common/twophasecommittransaction.go:390.3,390.17 1 1
github.com/sharedcode/sop/common/twophasecommittransaction.go:390.17,392.130 1 1
github.com/sharedcode/sop/common/twophasecommittransaction.go:392.130,394.28 2 0
github.com/sharedcode/sop/common/twophasecommittransaction.go:394.28,395.71 1 0
github.com/sharedcode/sop/common/twophasecommittransaction.go:395.71,397.7 1 0
github.com/sharedcode/sop/common/twophasecommittransaction.go:398.11,400.6 1 0
github.com/sharedcode/sop/common/twophasecommittransaction.go:403.4,403.123 1 1
github.com/sharedcode/sop/common/twophasecommittransaction.go:403.123,405.5 1 0
github.com/sharedcode/sop/common/twophasecommittransaction.go:408.3,408.17 1 1
github.com/sharedcode/sop/common/twophasecommittransaction.go:408.17,410.124 1 1
github.com/sharedcode/sop/common/twophasecommittransaction.go:410.124,412.5 1 0
github.com/sharedcode/sop/common/twophasecommittransaction.go:413.4,413.130 1 1
github.com/sharedcode/sop/common/twophasecommittransaction.go:413.130,415.5 1 0
github.com/sharedcode/sop/common/twophasecommittransaction.go:419.3,419.17 1 1
github.com/sharedcode/sop/common/twophasecommittransaction.go:419.17,424.20 1 1
github.com/sharedcode/sop/common/twophasecommittransaction.go:424.20,426.5 1 0
github.com/sharedcode/sop/common/twophasecommittransaction.go:427.4,427.113 1 1
github.com/sharedcode/sop/common/twophasecommittransaction.go:427.113,429.28 2 0
github.com/sharedcode/sop/common/twophasecommittransaction.go:429.28,430.71 1 0
github.com/sharedcode/sop/common/twophasecommittransaction.go:430.71,432.7 1 0
github.com/sharedcode/sop/common/twophasecommittransaction.go:433.6,433.24 1 0
github.com/sharedcode/sop/common/twophasecommittransaction.go:434.11,436.6 1 0
github.com/sharedcode/sop/common/twophasecommittransaction.go:440.3,440.18 1 1
github.com/sharedcode/sop/common/twophasecommittransaction.go:440.18,442.51 1 1
github.com/sharedcode/sop/common/twophasecommittransaction.go:442.51,444.5 1 0
github.com/sharedcode/sop/common/twophasecommittransaction.go:446.4,449.24 3 1
github.com/sharedcode/sop/common/twophasecommittransaction.go:453.2,457.99 3 1
github.com/sharedcode/sop/common/twophasecommittransaction.go:457.99,459.3 1 0
github.com/sharedcode/sop/common/twophasecommittransaction.go:460.2,460.64 1 1
github.com/sharedcode/sop/common/twophasecommittransaction.go:460.64,462.3 1 0
github.com/sharedcode/sop/common/twophasecommittransaction.go:465.2,465.63 1 1
github.com/sharedcode/sop/common/twophasecommittransaction.go:465.63,467.3 1 0
github.com/sharedcode/sop/common/twophasecommittransaction.go:469.2,469.66 1 1
github.com/sharedcode/sop/common/twophasecommittransaction.go:469.66,473.3 1 1
github.com/sharedcode/sop/common/twophasecommittransaction.go:476.2,477.16 2 1
github.com/sharedcode/sop/common/twophasecommittransaction.go:477.16,479.3 1 0
github.com/sharedcode/sop/common/twophasecommittransaction.go:482.2,483.16 2 1
github.com/sharedcode/sop/common/twophasecommittransaction.go:483.16,485.3 1 0
github.com/sharedcode/sop/common/twophasecommittransaction.go:488.2,488.49 1 1
github.com/sharedcode/sop/common/twophasecommittransaction.go:488.49,490.3 1 0
github.com/sharedcode/sop/common/twophasecommittransaction.go:492.2,502.12 7 1
github.com/sharedcode/sop/common/twophasecommittransaction.go:506.63,511.57 4 1
github.com/sharedcode/sop/common/twophasecommittransaction.go:511.57,516.3 1 1
github.com/sharedcode/sop/common/twophasecommittransaction.go:518.2,518.75 1 1
github.com/sharedcode/sop/common/twophasecommittransaction.go:518.75,521.3 2 0
github.com/sharedcode/sop/common/twophasecommittransaction.go:524.2,526.68 2 1
github.com/sharedcode/sop/common/twophasecommittransaction.go:526.68,528.116 1 1
github.com/sharedcode/sop/common/twophasecommittransaction.go:528.116,530.4 1 0
github.com/sharedcode/sop/common/twophasecommittransaction.go:531.3,531.22 1 1
github.com/sharedcode/sop/common/twophasecommittransaction.go:531.22,533.84 1 1
github.com/sharedcode/sop/common/twophasecommittransaction.go:533.84,535.5 1 0
github.com/sharedcode/sop/common/twophasecommittransaction.go:536.4,536.14 1 1
github.com/sharedcode/sop/common/twophasecommittransaction.go:540.2,540.21 1 1
github.com/sharedcode/sop/common/twophasecommittransaction.go:540.21,541.149 1 1
github.com/sharedcode/sop/common/twophasecommittransaction.go:541.149,543.4 1 0
github.com/sharedcode/sop/common/twophasecommittransaction.go:544.3,544.13 1 1
github.com/sharedcode/sop/common/twophasecommittransaction.go:546.2,546.21 1 1
github.com/sharedcode/sop/common/twophasecommittransaction.go:546.21,547.91 1 1
github.com/sharedcode/sop/common/twophasecommittransaction.go:547.91,549.4 1 0
github.com/sharedcode/sop/common/twophasecommittransaction.go:550.3,550.13 1 1
github.com/sharedcode/sop/common/twophasecommittransaction.go:552.2,552.21 1 1
github.com/sharedcode/sop/common/twophasecommittransaction.go:552.21,553.189 1 1
github.com/sharedcode/sop/common/twophasecommittransaction.go:553.189,555.4 1 0
github.com/sharedcode/sop/common/twophasecommittransaction.go:556.3,556.13 1 1
github.com/sharedcode/sop/common/twophasecommittransaction.go:558.2,567.50 4 1
github.com/sharedcode/sop/common/twophasecommittransaction.go:567.50,571.3 1 0
github.com/sharedcode/sop/common/twophasecommittransaction.go:574.2,578.12 3 1
github.com/sharedcode/sop/common/twophasecommittransaction.go:581.56,586.2 3 1
github.com/sharedcode/sop/common/twophasecommittransaction.go:588.166,589.23 1 1
github.com/sharedcode/sop/common/twophasecommittransaction.go:589.23,590.35 1 1
github.com/sharedcode/sop/common/twophasecommittransaction.go:590.35,594.4 3 1
github.com/sharedcode/sop/common/twophasecommittransaction.go:598.97,604.66 3 1
github.com/sharedcode/sop/common/twophasecommittransaction.go:604.66,605.46 1 1
github.com/sharedcode/sop/common/twophasecommittransaction.go:605.46,607.11 2 1
github.com/sharedcode/sop/common/twophasecommittransaction.go:607.11,610.5 2 1
github.com/sharedcode/sop/common/twophasecommittransaction.go:611.4,611.73 1 1
github.com/sharedcode/sop/common/twophasecommittransaction.go:611.73,615.5 3 0
github.com/sharedcode/sop/common/twophasecommittransaction.go:617.4,621.14 5 1
github.com/sharedcode/sop/common/twophasecommittransaction.go:625.2,625.12 1 0
github.com/sharedcode/sop/common/twophasecommittransaction2.go:15.58,17.70 1 1
github.com/sharedcode/sop/common/twophasecommittransaction2.go:17.70,19.3 1 0
github.com/sharedcode/sop/common/twophasecommittransaction2.go:20.2,23.73 3 1
github.com/sharedcode/sop/common/twophasecommittransaction2.go:23.73,25.3 1 0
github.com/sharedcode/sop/common/twophasecommittransaction2.go:26.2,30.12 3 1
github.com/sharedcode/sop/common/twophasecommittransaction2.go:33.121,36.38 2 1
github.com/sharedcode/sop/common/twophasecommittransaction2.go:36.38,41.47 2 1
github.com/sharedcode/sop/common/twophasecommittransaction2.go:41.47,44.4 1 1
github.com/sharedcode/sop/common/twophasecommittransaction2.go:45.3,45.50 1 1
github.com/sharedcode/sop/common/twophasecommittransaction2.go:49.2,50.38 2 1
github.com/sharedcode/sop/common/twophasecommittransaction2.go:50.38,57.47 4 1
github.com/sharedcode/sop/common/twophasecommittransaction2.go:57.47,61.4 2 1
github.com/sharedcode/sop/common/twophasecommittransaction2.go:62.3,62.50 1 1
github.com/sharedcode/sop/common/twophasecommittransaction2.go:65.2,68.3 1 1
github.com/sharedcode/sop/common/twophasecommittransaction2.go:71.92,75.57 2 1
github.com/sharedcode/sop/common/twophasecommittransaction2.go:75.57,77.73 2 0
github.com/sharedcode/sop/common/twophasecommittransaction2.go:77.73,79.4 1 0
github.com/sharedcode/sop/common/twophasecommittransaction2.go:81.3,84.17 3 0
github.com/sharedcode/sop/common/twophasecommittransaction2.go:88.2,88.46 1 1
github.com/sharedcode/sop/common/twophasecommittransaction2.go:88.46,91.3 1 0
github.com/sharedcode/sop/common/twophasecommittransaction2.go:93.2,93.47 1 1
github.com/sharedcode/sop/common/twophasecommittransaction2.go:93.47,95.71 1 1
github.com/sharedcode/sop/common/twophasecommittransaction2.go:95.71,97.4 1 0
github.com/sharedcode/sop/common/twophasecommittransaction2.go:100.2,102.47 2 1
github.com/sharedcode/sop/common/twophasecommittransaction2.go:102.47,104.78 2 1
github.com/sharedcode/sop/common/twophasecommittransaction2.go:104.78,106.4 1 0
github.com/sharedcode/sop/common/twophasecommittransaction2.go:108.2,108.48 1 1
github.com/sharedcode/sop/common/twophasecommittransaction2.go:108.48,112.87 4 1
github.com/sharedcode/sop/common/twophasecommittransaction2.go:112.87,114.4 1 0
github.com/sharedcode/sop/common/twophasecommittransaction2.go:116.2,116.50 1 1
github.com/sharedcode/sop/common/twophasecommittransaction2.go:116.50,118.115 2 1
github.com/sharedcode/sop/common/twophasecommittransaction2.go:118.115,120.4 1 0
github.com/sharedcode/sop/common/twophasecommittransaction2.go:122.2,122.50 1 1
github.com/sharedcode/sop/common/twophasecommittransaction2.go:122.50,124.115 2 1
github.com/sharedcode/sop/common/twophasecommittransaction2.go:124.115,126.4 1 0
github.com/sharedcode/sop/common/twophasecommittransaction2.go:129.2,130.50 2 1
github.com/sharedcode/sop/common/twophasecommittransaction2.go:130.50,134.89 4 1
github.com/sharedcode/sop/common/twophasecommittransaction2.go:134.89,136.4 1 0
github.com/sharedcode/sop/common/twophasecommittransaction2.go:138.2,138.87 1 1
github.com/sharedcode/sop/common/twophasecommittransaction2.go:138.87,140.73 2 1
github.com/sharedcode/sop/common/twophasecommittransaction2.go:140.73,142.4 1 0
github.com/sharedcode/sop/common/twophasecommittransaction2.go:144.2,144.49 1 1
github.com/sharedcode/sop/common/twophasecommittransaction2.go:144.49,145.51 1 1
github.com/sharedcode/sop/common/twophasecommittransaction2.go:145.51,147.4 1 0
github.com/sharedcode/sop/common/twophasecommittransaction2.go:150.2,154.16 3 1
github.com/sharedcode/sop/common/twophasecommittransaction2.go:157.75,158.33 1 1
github.com/sharedcode/sop/common/twophasecommittransaction2.go:158.33,159.74 1 1
github.com/sharedcode/sop/common/twophasecommittransaction2.go:159.74,161.4 1 1
github.com/sharedcode/sop/common/twophasecommittransaction2.go:163.2,163.12 1 1
github.com/sharedcode/sop/common/twophasecommittransaction2.go:166.104,168.33 2 1
github.com/sharedcode/sop/common/twophasecommittransaction2.go:168.33,170.61 2 1
github.com/sharedcode/sop/common/twophasecommittransaction2.go:170.61,175.4 1 1
github.com/sharedcode/sop/common/twophasecommittransaction2.go:177.2,177.10 1 1
github.com/sharedcode/sop/common/twophasecommittransaction2.go:180.101,182.33 2 1
github.com/sharedcode/sop/common/twophasecommittransaction2.go:182.33,184.61 2 1
github.com/sharedcode/sop/common/twophasecommittransaction2.go:184.61,189.4 1 1
github.com/sharedcode/sop/common/twophasecommittransaction2.go:191.2,191.10 1 1
github.com/sharedcode/sop/common/twophasecommittransaction2.go:194.137,196.32 2 1
github.com/sharedcode/sop/common/twophasecommittransaction2.go:196.32,198.30 1 1
github.com/sharedcode/sop/common/twophasecommittransaction2.go:198.30,199.51 1 1
github.com/sharedcode/sop/common/twophasecommittransaction2.go:199.51,200.122 1 1
github.com/sharedcode/sop/common/twophasecommittransaction2.go:200.122,202.6 1 0
github.com/sharedcode/sop/common/twophasecommittransaction2.go:205.3,205.105 1 1
github.com/sharedcode/sop/common/twophasecommittransaction2.go:205.105,207.4 1 0
github.com/sharedcode/sop/common/twophasecommittransaction2.go:209.2,209.16 1 1
github.com/sharedcode/sop/common/twophasecommittransaction2.go:213.77,214.30 1 1
github.com/sharedcode/sop/common/twophasecommittransaction2.go:214.30,216.3 1 0
github.com/sharedcode/sop/common/twophasecommittransaction2.go:217.2,217.26 1 1
github.com/sharedcode/sop/common/twophasecommittransaction2.go:217.26,219.3 1 1
github.com/sharedcode/sop/common/twophasecommittransaction2.go:221.2,222.6 2 1
github.com/sharedcode/sop/common/twophasecommittransaction2.go:222.6,225.52 2 1
github.com/sharedcode/sop/common/twophasecommittransaction2.go:225.52,227.4 1 0
github.com/sharedcode/sop/common/twophasecommittransaction2.go:229.3,230.104 2 1
github.com/sharedcode/sop/common/twophasecommittransaction2.go:230.104,232.4 1 0
github.com/sharedcode/sop/common/twophasecommittransaction2.go:232.9,232.16 1 1
github.com/sharedcode/sop/common/twophasecommittransaction2.go:232.16,235.4 2 1
github.com/sharedcode/sop/common/twophasecommittransaction2.go:237.3,242.61 3 0
github.com/sharedcode/sop/common/twophasecommittransaction2.go:242.61,244.4 1 0
github.com/sharedcode/sop/common/twophasecommittransaction2.go:249.79,251.33 2 1
github.com/sharedcode/sop/common/twophasecommittransaction2.go:251.33,252.65 1 1
github.com/sharedcode/sop/common/twophasecommittransaction2.go:252.65,254.4 1 1
github.com/sharedcode/sop/common/twophasecommittransaction2.go:256.2,256.12 1 1
github.com/sharedcode/sop/common/twophasecommittransaction2.go:265.46,267.36 2 1
github.com/sharedcode/sop/common/twophasecommittransaction2.go:267.36,269.57 2 1
github.com/sharedcode/sop/common/twophasecommittransaction2.go:269.57,272.130 1 1
github.com/sharedcode/sop/common/twophasecommittransaction2.go:272.130,274.13 2 1
github.com/sharedcode/sop/common/twophasecommittransaction2.go:276.4,276.28 1 1
github.com/sharedcode/sop/common/twophasecommittransaction2.go:277.22,278.56 1 1
github.com/sharedcode/sop/common/twophasecommittransaction2.go:279.22,280.56 1 1
github.com/sharedcode/sop/common/twophasecommittransaction2.go:281.19,282.52 1 1
github.com/sharedcode/sop/common/twophasecommittransaction2.go:283.19,284.56 1 1
github.com/sharedcode/sop/common/twophasecommittransaction2.go:287.3,287.28 1 1
github.com/sharedcode/sop/common/twophasecommittransaction2.go:287.28,292.4 1 1
github.com/sharedcode/sop/common/twophasecommittransaction2.go:293.3,293.28 1 1
github.com/sharedcode/sop/common/twophasecommittransaction2.go:293.28,298.4 1 1
github.com/sharedcode/sop/common/twophasecommittransaction2.go:299.3,299.26 1 1
github.com/sharedcode/sop/common/twophasecommittransaction2.go:299.26,304.4 1 1
github.com/sharedcode/sop/common/twophasecommittransaction2.go:305.3,305.28 1 1
github.com/sharedcode/sop/common/twophasecommittransaction2.go:305.28,310.4 1 1
github.com/sharedcode/sop/common/twophasecommittransaction2.go:311.3,311.25 1 1
github.com/sharedcode/sop/common/twophasecommittransaction2.go:311.25,316.4 1 1
github.com/sharedcode/sop/common/twophasecommittransaction2.go:318.2,318.102 1 1
github.com/sharedcode/sop/common/twophasecommittransaction2.go:321.82,324.2 2 1
github.com/sharedcode/sop/common/twophasecommittransaction2.go:326.61,328.33 2 1
github.com/sharedcode/sop/common/twophasecommittransaction2.go:328.33,335.3 5 1
github.com/sharedcode/sop/common/twophasecommittransaction2.go:336.2,336.15 1 1
github.com/sharedcode/sop/common/twophasecommittransaction2.go:339.63,341.33 2 1
github.com/sharedcode/sop/common/twophasecommittransaction2.go:341.33,347.3 4 1
github.com/sharedcode/sop/common/twophasecommittransaction2.go:348.2,348.15 1 1
github.com/sharedcode/sop/common/twophasecommittransaction2.go:351.46,352.36 1 1
github.com/sharedcode/sop/common/twophasecommittransaction2.go:352.36,353.26 1 1
github.com/sharedcode/sop/common/twophasecommittransaction2.go:353.26,355.4 1 1
github.com/sharedcode/sop/common/twophasecommittransaction2.go:357.2,357.14 1 1
github.com/sharedcode/sop/common/twophasecommittransaction2.go:361.68,362.36 1 1
github.com/sharedcode/sop/common/twophasecommittransaction2.go:362.36,363.50 1 1
github.com/sharedcode/sop/common/twophasecommittransaction2.go:363.50,365.4 1 1
github.com/sharedcode/sop/common/twophasecommittransaction2.go:367.2,367.12 1 1
github.com/sharedcode/sop/common/twophasecommittransaction2.go:370.67,371.36 1 1
github.com/sharedcode/sop/common/twophasecommittransaction2.go:371.36,372.60 1 1
github.com/sharedcode/sop/common/twophasecommittransaction2.go:372.60,374.4 1 1
github.com/sharedcode/sop/common/twophasecommittransaction2.go:376.2,376.12 1 1
github.com/sharedcode/sop/common/twophasecommittransaction2.go:379.69,381.36 2 1
github.com/sharedcode/sop/common/twophasecommittransaction2.go:381.36,382.51 1 1
github.com/sharedcode/sop/common/twophasecommittransaction2.go:382.51,384.4 1 1
github.com/sharedcode/sop/common/twophasecommittransaction2.go:386.2,386.16 1 1
github.com/sharedcode/sop/common/twophasecommittransaction2.go:391.104,393.28 2 1
github.com/sharedcode/sop/common/twophasecommittransaction2.go:393.28,395.32 1 1
github.com/sharedcode/sop/common/twophasecommittransaction2.go:395.32,396.80 1 1
github.com/sharedcode/sop/common/twophasecommittransaction2.go:396.80,399.5 2 0
github.com/sharedcode/sop/common/twophasecommittransaction2.go:401.3,401.64 1 1
github.com/sharedcode/sop/common/twophasecommittransaction2.go:401.64,403.4 1 0
github.com/sharedcode/sop/common/twophasecommittransaction2.go:407.2,407.67 1 1
github.com/sharedcode/sop/common/twophasecommittransaction2.go:407.67,409.3 1 0
github.com/sharedcode/sop/common/twophasecommittransaction2.go:410.2,410.16 1 1
github.com/sharedcode/sop/common/twophasecommittransaction2.go:413.80,415.2 1 1
github.com/sharedcode/sop/common/twophasecommittransaction2.go:417.66,418.24 1 1
github.com/sharedcode/sop/common/twophasecommittransaction2.go:418.24,420.3 1 1
github.com/sharedcode/sop/common/twophasecommittransaction2.go:421.2,423.12 3 1
github.com/sharedcode/sop/common/twophasecommittransaction2.go:426.49,428.2 1 1
github.com/sharedcode/sop/common/twophasecommittransaction2.go:430.157,433.54 1 1
github.com/sharedcode/sop/common/twophasecommittransaction2.go:433.54,438.3 3 1
github.com/sharedcode/sop/common/twophasecommittransaction2.go:440.2,445.26 5 1
github.com/sharedcode/sop/common/twophasecommittransaction2.go:445.26,447.3 1 1
github.com/sharedcode/sop/common/twophasecommittransaction2.go:448.2,448.26 1 1
github.com/sharedcode/sop/common/twophasecommittransaction2.go:448.26,450.3 1 1
github.com/sharedcode/sop/common/twophasecommittransaction2.go:452.2,454.6 3 1
github.com/sharedcode/sop/common/twophasecommittransaction2.go:454.6,457.27 3 1
github.com/sharedcode/sop/common/twophasecommittransaction2.go:457.27,458.9 1 1
github.com/sharedcode/sop/common/twophasecommittransaction2.go:462.2,462.33 1 1
github.com/sharedcode/sop/common/twophasecommittransaction2.go:462.33,463.43 1 1
github.com/sharedcode/sop/common/twophasecommittransaction2.go:463.43,465.12 2 1
github.com/sharedcode/sop/common/twophasecommittransaction2.go:466.9,469.4 1 1
github.com/sharedcode/sop/common/twophasecommittransaction2.go:473.2,475.6 3 1
github.com/sharedcode/sop/common/twophasecommittransaction2.go:475.6,477.27 2 1
github.com/sharedcode/sop/common/twophasecommittransaction2.go:477.27,478.9 1 1
github.com/sharedcode/sop/common/twophasecommittransaction2.go:482.2,482.20 1 1
github.com/sharedcode/sop/common/twophasecommittransaction2.go:492.51,494.31 1 1
github.com/sharedcode/sop/common/twophasecommittransaction2.go:494.31,496.3 1 1
github.com/sharedcode/sop/common/twophasecommittransaction2.go:499.2,500.22 2 1
github.com/sharedcode/sop/common/twophasecommittransaction2.go:500.22,502.3 1 0
github.com/sharedcode/sop/common/twophasecommittransaction2.go:503.2,504.80 2 1
github.com/sharedcode/sop/common/twophasecommittransaction2.go:504.80,507.43 3 0
github.com/sharedcode/sop/common/twophasecommittransaction2.go:507.43,510.4 2 0
github.com/sharedcode/sop/common/twophasecommittransaction2.go:511.3,512.14 2 0
github.com/sharedcode/sop/common/twophasecommittransaction2.go:512.14,513.70 1 0
github.com/sharedcode/sop/common/twophasecommittransaction2.go:513.70,517.5 2 0
github.com/sharedcode/sop/common/twophasecommittransaction2.go:517.10,519.5 1 0
github.com/sharedcode/sop/common/twophasecommittransaction2.go:526.2,527.30 2 1
github.com/sharedcode/sop/common/twophasecommittransaction2.go:527.30,529.3 1 1
github.com/sharedcode/sop/common/twophasecommittransaction2.go:530.2,531.37 2 1
github.com/sharedcode/sop/common/twophasecommittransaction2.go:531.37,534.38 3 1
github.com/sharedcode/sop/common/twophasecommittransaction2.go:534.38,537.4 2 1
github.com/sharedcode/sop/common/twophasecommittransaction2.go:538.3,539.14 2 1
github.com/sharedcode/sop/common/twophasecommittransaction2.go:539.14,541.4 1 1
