mode: set
github.com/sharedcode/sop/ai/dynamic/handle.go:26.36,31.2 1 0
github.com/sharedcode/sop/ai/dynamic/handle.go:34.40,35.19 1 0
github.com/sharedcode/sop/ai/dynamic/handle.go:35.19,37.3 1 0
github.com/sharedcode/sop/ai/dynamic/handle.go:38.2,38.22 1 0
github.com/sharedcode/sop/ai/dynamic/handle.go:42.42,43.19 1 0
github.com/sharedcode/sop/ai/dynamic/handle.go:43.19,45.3 1 0
github.com/sharedcode/sop/ai/dynamic/handle.go:46.2,46.22 1 0
github.com/sharedcode/sop/ai/dynamic/handle.go:50.37,52.2 1 0
github.com/sharedcode/sop/ai/dynamic/handle.go:55.42,57.2 1 0
github.com/sharedcode/sop/ai/dynamic/handle.go:60.33,62.2 1 0
github.com/sharedcode/sop/ai/dynamic/handle.go:65.36,66.19 1 0
github.com/sharedcode/sop/ai/dynamic/handle.go:66.19,68.3 1 0
github.com/sharedcode/sop/ai/dynamic/handle.go:68.8,70.3 1 0
github.com/sharedcode/sop/ai/dynamic/handle.go:74.33,78.2 1 0
github.com/sharedcode/sop/ai/dynamic/handle.go:81.42,85.2 1 0
github.com/sharedcode/sop/ai/dynamic/manager.go:23.119,30.2 1 1
github.com/sharedcode/sop/ai/dynamic/manager.go:36.90,40.16 4 1
github.com/sharedcode/sop/ai/dynamic/manager.go:40.16,42.3 1 0
github.com/sharedcode/sop/ai/dynamic/manager.go:43.2,46.16 3 1
github.com/sharedcode/sop/ai/dynamic/manager.go:46.16,48.3 1 0
github.com/sharedcode/sop/ai/dynamic/manager.go:50.2,51.16 2 1
github.com/sharedcode/sop/ai/dynamic/manager.go:51.16,53.3 1 0
github.com/sharedcode/sop/ai/dynamic/manager.go:55.2,60.34 2 1
github.com/sharedcode/sop/ai/dynamic/manager.go:64.103,66.16 2 1
github.com/sharedcode/sop/ai/dynamic/manager.go:66.16,68.3 1 0
github.com/sharedcode/sop/ai/dynamic/manager.go:70.2,71.23 2 1
github.com/sharedcode/sop/ai/dynamic/manager.go:71.23,73.58 2 0
github.com/sharedcode/sop/ai/dynamic/manager.go:73.58,75.4 1 0
github.com/sharedcode/sop/ai/dynamic/manager.go:76.3,76.37 1 0
github.com/sharedcode/sop/ai/dynamic/manager.go:79.2,80.16 2 1
github.com/sharedcode/sop/ai/dynamic/manager.go:80.16,82.3 1 0
github.com/sharedcode/sop/ai/dynamic/manager.go:84.2,94.16 4 1
github.com/sharedcode/sop/ai/dynamic/manager.go:94.16,96.3 1 0
github.com/sharedcode/sop/ai/dynamic/manager.go:97.2,97.17 1 1
github.com/sharedcode/sop/ai/dynamic/manager.go:103.66,105.16 2 1
github.com/sharedcode/sop/ai/dynamic/manager.go:105.16,107.3 1 0
github.com/sharedcode/sop/ai/dynamic/manager.go:109.2,110.23 2 1
github.com/sharedcode/sop/ai/dynamic/manager.go:110.23,114.49 2 1
github.com/sharedcode/sop/ai/dynamic/manager.go:114.49,116.18 2 0
github.com/sharedcode/sop/ai/dynamic/manager.go:116.18,118.5 1 0
github.com/sharedcode/sop/ai/dynamic/manager.go:120.3,120.37 1 1
github.com/sharedcode/sop/ai/dynamic/manager.go:123.2,123.12 1 1
github.com/sharedcode/sop/ai/dynamic/manager.go:128.95,136.2 1 0
github.com/sharedcode/sop/ai/dynamic/math.go:9.48,10.22 1 1
github.com/sharedcode/sop/ai/dynamic/math.go:10.22,12.3 1 0
github.com/sharedcode/sop/ai/dynamic/math.go:13.2,14.19 2 1
github.com/sharedcode/sop/ai/dynamic/math.go:14.19,17.3 2 1
github.com/sharedcode/sop/ai/dynamic/math.go:18.2,18.41 1 1
github.com/sharedcode/sop/ai/dynamic/math.go:22.47,23.37 1 0
github.com/sharedcode/sop/ai/dynamic/math.go:23.37,25.3 1 0
github.com/sharedcode/sop/ai/dynamic/math.go:26.2,27.19 2 0
github.com/sharedcode/sop/ai/dynamic/math.go:27.19,31.3 3 0
github.com/sharedcode/sop/ai/dynamic/math.go:32.2,32.24 1 0
github.com/sharedcode/sop/ai/dynamic/math.go:32.24,34.3 1 0
github.com/sharedcode/sop/ai/dynamic/math.go:35.2,35.82 1 0
github.com/sharedcode/sop/ai/dynamic/math.go:44.86,45.26 1 1
github.com/sharedcode/sop/ai/dynamic/math.go:45.26,47.3 1 0
github.com/sharedcode/sop/ai/dynamic/math.go:48.2,51.31 3 1
github.com/sharedcode/sop/ai/dynamic/math.go:51.31,53.18 2 1
github.com/sharedcode/sop/ai/dynamic/math.go:53.18,56.4 2 1
github.com/sharedcode/sop/ai/dynamic/math.go:58.2,58.25 1 1
github.com/sharedcode/sop/ai/dynamic/math.go:62.86,63.26 1 0
github.com/sharedcode/sop/ai/dynamic/math.go:63.26,65.3 1 0
github.com/sharedcode/sop/ai/dynamic/math.go:67.2,68.31 2 0
github.com/sharedcode/sop/ai/dynamic/math.go:68.31,73.3 1 0
github.com/sharedcode/sop/ai/dynamic/math.go:75.2,75.45 1 0
github.com/sharedcode/sop/ai/dynamic/math.go:75.45,77.3 1 0
github.com/sharedcode/sop/ai/dynamic/math.go:79.2,79.25 1 0
github.com/sharedcode/sop/ai/dynamic/math.go:79.25,81.3 1 0
github.com/sharedcode/sop/ai/dynamic/math.go:83.2,84.31 2 0
github.com/sharedcode/sop/ai/dynamic/math.go:84.31,86.3 1 0
github.com/sharedcode/sop/ai/dynamic/math.go:87.2,87.15 1 0
github.com/sharedcode/sop/ai/dynamic/store.go:27.25,34.2 1 1
github.com/sharedcode/sop/ai/dynamic/store.go:36.51,38.2 1 1
github.com/sharedcode/sop/ai/dynamic/store.go:40.71,42.16 2 1
github.com/sharedcode/sop/ai/dynamic/store.go:42.16,44.3 1 0
github.com/sharedcode/sop/ai/dynamic/store.go:47.2,50.16 4 1
github.com/sharedcode/sop/ai/dynamic/store.go:50.16,52.3 1 0
github.com/sharedcode/sop/ai/dynamic/store.go:53.2,53.9 1 1
github.com/sharedcode/sop/ai/dynamic/store.go:53.9,61.17 3 1
github.com/sharedcode/sop/ai/dynamic/store.go:61.17,63.4 1 0
github.com/sharedcode/sop/ai/dynamic/store.go:64.3,65.15 2 1
github.com/sharedcode/sop/ai/dynamic/store.go:66.8,67.7 1 1
github.com/sharedcode/sop/ai/dynamic/store.go:67.7,69.30 2 1
github.com/sharedcode/sop/ai/dynamic/store.go:69.30,71.42 2 1
github.com/sharedcode/sop/ai/dynamic/store.go:71.42,74.6 2 1
github.com/sharedcode/sop/ai/dynamic/store.go:76.4,77.33 2 1
github.com/sharedcode/sop/ai/dynamic/store.go:77.33,78.10 1 1
github.com/sharedcode/sop/ai/dynamic/store.go:84.2,97.16 5 1
github.com/sharedcode/sop/ai/dynamic/store.go:97.16,99.3 1 0
github.com/sharedcode/sop/ai/dynamic/store.go:102.2,103.16 2 1
github.com/sharedcode/sop/ai/dynamic/store.go:103.16,105.3 1 0
github.com/sharedcode/sop/ai/dynamic/store.go:107.2,107.15 1 1
github.com/sharedcode/sop/ai/dynamic/store.go:107.15,109.17 2 0
github.com/sharedcode/sop/ai/dynamic/store.go:109.17,111.4 1 0
github.com/sharedcode/sop/ai/dynamic/store.go:112.3,114.17 3 0
github.com/sharedcode/sop/ai/dynamic/store.go:114.17,116.4 1 0
github.com/sharedcode/sop/ai/dynamic/store.go:117.8,124.17 3 1
github.com/sharedcode/sop/ai/dynamic/store.go:124.17,126.4 1 0
github.com/sharedcode/sop/ai/dynamic/store.go:130.2,130.24 1 1
github.com/sharedcode/sop/ai/dynamic/store.go:130.24,133.17 3 1
github.com/sharedcode/sop/ai/dynamic/store.go:133.17,135.4 1 0
github.com/sharedcode/sop/ai/dynamic/store.go:138.2,138.12 1 1
github.com/sharedcode/sop/ai/dynamic/store.go:141.75,143.16 2 1
github.com/sharedcode/sop/ai/dynamic/store.go:143.16,145.3 1 0
github.com/sharedcode/sop/ai/dynamic/store.go:146.2,146.12 1 1
github.com/sharedcode/sop/ai/dynamic/store.go:146.12,148.3 1 0
github.com/sharedcode/sop/ai/dynamic/store.go:150.2,151.16 2 1
github.com/sharedcode/sop/ai/dynamic/store.go:151.16,153.3 1 0
github.com/sharedcode/sop/ai/dynamic/store.go:156.2,156.37 1 1
github.com/sharedcode/sop/ai/dynamic/store.go:156.37,158.17 2 1
github.com/sharedcode/sop/ai/dynamic/store.go:158.17,160.4 1 0
github.com/sharedcode/sop/ai/dynamic/store.go:164.2,165.12 2 1
github.com/sharedcode/sop/ai/dynamic/store.go:168.79,169.29 1 1
github.com/sharedcode/sop/ai/dynamic/store.go:169.29,170.45 1 1
github.com/sharedcode/sop/ai/dynamic/store.go:170.45,172.4 1 0
github.com/sharedcode/sop/ai/dynamic/store.go:174.2,174.12 1 1
github.com/sharedcode/sop/ai/dynamic/store.go:177.76,179.16 2 1
github.com/sharedcode/sop/ai/dynamic/store.go:179.16,181.3 1 0
github.com/sharedcode/sop/ai/dynamic/store.go:182.2,182.12 1 1
github.com/sharedcode/sop/ai/dynamic/store.go:182.12,184.3 1 1
github.com/sharedcode/sop/ai/dynamic/store.go:186.2,187.16 2 1
github.com/sharedcode/sop/ai/dynamic/store.go:187.16,189.3 1 0
github.com/sharedcode/sop/ai/dynamic/store.go:191.2,191.19 1 1
github.com/sharedcode/sop/ai/dynamic/store.go:194.67,196.2 1 1
github.com/sharedcode/sop/ai/dynamic/store.go:198.111,201.16 3 1
github.com/sharedcode/sop/ai/dynamic/store.go:201.16,203.3 1 0
github.com/sharedcode/sop/ai/dynamic/store.go:204.2,204.9 1 1
github.com/sharedcode/sop/ai/dynamic/store.go:204.9,206.3 1 0
github.com/sharedcode/sop/ai/dynamic/store.go:209.2,209.6 1 1
github.com/sharedcode/sop/ai/dynamic/store.go:209.6,211.29 2 1
github.com/sharedcode/sop/ai/dynamic/store.go:211.29,213.4 1 1
github.com/sharedcode/sop/ai/dynamic/store.go:214.3,215.32 2 1
github.com/sharedcode/sop/ai/dynamic/store.go:215.32,216.9 1 1
github.com/sharedcode/sop/ai/dynamic/store.go:221.2,222.25 2 1
github.com/sharedcode/sop/ai/dynamic/store.go:222.25,224.3 1 0
github.com/sharedcode/sop/ai/dynamic/store.go:226.2,231.16 3 1
github.com/sharedcode/sop/ai/dynamic/store.go:231.16,233.3 1 0
github.com/sharedcode/sop/ai/dynamic/store.go:235.2,236.8 2 1
github.com/sharedcode/sop/ai/dynamic/store.go:236.8,237.7 1 1
github.com/sharedcode/sop/ai/dynamic/store.go:237.7,240.55 2 1
github.com/sharedcode/sop/ai/dynamic/store.go:240.55,242.19 2 1
github.com/sharedcode/sop/ai/dynamic/store.go:242.19,244.6 1 1
github.com/sharedcode/sop/ai/dynamic/store.go:247.4,248.33 2 1
github.com/sharedcode/sop/ai/dynamic/store.go:248.33,249.10 1 1
github.com/sharedcode/sop/ai/dynamic/store.go:255.2,255.36 1 1
github.com/sharedcode/sop/ai/dynamic/store.go:255.36,257.30 2 1
github.com/sharedcode/sop/ai/dynamic/store.go:257.30,259.18 2 1
github.com/sharedcode/sop/ai/dynamic/store.go:259.18,262.43 1 1
github.com/sharedcode/sop/ai/dynamic/store.go:262.43,268.6 1 1
github.com/sharedcode/sop/ai/dynamic/store.go:274.2,274.33 1 1
github.com/sharedcode/sop/ai/dynamic/store.go:274.33,275.38 1 1
github.com/sharedcode/sop/ai/dynamic/store.go:275.38,276.37 1 0
github.com/sharedcode/sop/ai/dynamic/store.go:276.37,278.5 1 0
github.com/sharedcode/sop/ai/dynamic/store.go:282.2,282.19 1 1
github.com/sharedcode/sop/ai/dynamic/store.go:282.19,284.3 1 0
github.com/sharedcode/sop/ai/dynamic/store.go:285.2,285.18 1 1
github.com/sharedcode/sop/ai/dynamic/store.go:288.62,290.2 1 1
github.com/sharedcode/sop/ai/dynamic/store.go:292.103,294.2 1 1
github.com/sharedcode/sop/ai/dynamic/store.go:296.59,298.2 1 1
github.com/sharedcode/sop/ai/dynamic/store.go:300.113,302.2 1 1
github.com/sharedcode/sop/ai/dynamic/store.go:304.51,306.2 1 1
github.com/sharedcode/sop/ai/dynamic/store.go:308.98,310.2 1 1
github.com/sharedcode/sop/ai/dynamic/store.go:312.96,314.2 1 1
github.com/sharedcode/sop/ai/dynamic/store.go:316.64,318.2 1 1
github.com/sharedcode/sop/ai/dynamic/store.go:321.113,322.24 1 1
github.com/sharedcode/sop/ai/dynamic/store.go:322.24,324.3 1 0
github.com/sharedcode/sop/ai/dynamic/store.go:326.2,327.16 2 1
github.com/sharedcode/sop/ai/dynamic/store.go:327.16,329.3 1 0
github.com/sharedcode/sop/ai/dynamic/store.go:331.2,332.36 2 1
github.com/sharedcode/sop/ai/dynamic/store.go:332.36,333.24 1 1
github.com/sharedcode/sop/ai/dynamic/store.go:333.24,334.9 1 0
github.com/sharedcode/sop/ai/dynamic/store.go:338.3,339.17 2 1
github.com/sharedcode/sop/ai/dynamic/store.go:339.17,340.12 1 0
github.com/sharedcode/sop/ai/dynamic/store.go:342.3,344.30 3 1
github.com/sharedcode/sop/ai/dynamic/store.go:344.30,346.18 2 1
github.com/sharedcode/sop/ai/dynamic/store.go:346.18,348.42 2 1
github.com/sharedcode/sop/ai/dynamic/store.go:348.42,349.14 1 0
github.com/sharedcode/sop/ai/dynamic/store.go:354.3,358.5 1 1
github.com/sharedcode/sop/ai/dynamic/store.go:360.2,360.21 1 1
github.com/sharedcode/sop/ai/dynamic/store_categories.go:11.84,12.14 1 1
github.com/sharedcode/sop/ai/dynamic/store_categories.go:12.14,14.3 1 0
github.com/sharedcode/sop/ai/dynamic/store_categories.go:17.2,17.18 1 1
github.com/sharedcode/sop/ai/dynamic/store_categories.go:17.18,19.3 1 0
github.com/sharedcode/sop/ai/dynamic/store_categories.go:22.2,23.16 2 1
github.com/sharedcode/sop/ai/dynamic/store_categories.go:23.16,25.3 1 0
github.com/sharedcode/sop/ai/dynamic/store_categories.go:26.2,26.9 1 1
github.com/sharedcode/sop/ai/dynamic/store_categories.go:26.9,28.3 1 0
github.com/sharedcode/sop/ai/dynamic/store_categories.go:31.2,31.25 1 1
github.com/sharedcode/sop/ai/dynamic/store_categories.go:31.25,33.17 2 0
github.com/sharedcode/sop/ai/dynamic/store_categories.go:33.17,35.4 1 0
github.com/sharedcode/sop/ai/dynamic/store_categories.go:36.3,36.9 1 0
github.com/sharedcode/sop/ai/dynamic/store_categories.go:36.9,38.18 2 0
github.com/sharedcode/sop/ai/dynamic/store_categories.go:38.18,40.5 1 0
github.com/sharedcode/sop/ai/dynamic/store_categories.go:42.4,44.18 3 0
github.com/sharedcode/sop/ai/dynamic/store_categories.go:44.18,46.5 1 0
github.com/sharedcode/sop/ai/dynamic/store_categories.go:50.2,50.18 1 1
github.com/sharedcode/sop/ai/dynamic/store_categories.go:57.82,60.16 2 0
github.com/sharedcode/sop/ai/dynamic/store_categories.go:60.16,62.3 1 0
github.com/sharedcode/sop/ai/dynamic/store_categories.go:63.2,63.9 1 0
github.com/sharedcode/sop/ai/dynamic/store_categories.go:63.9,65.3 1 0
github.com/sharedcode/sop/ai/dynamic/store_categories.go:66.2,67.16 2 0
github.com/sharedcode/sop/ai/dynamic/store_categories.go:67.16,69.3 1 0
github.com/sharedcode/sop/ai/dynamic/store_categories.go:73.2,78.16 4 0
github.com/sharedcode/sop/ai/dynamic/store_categories.go:78.16,80.3 1 0
github.com/sharedcode/sop/ai/dynamic/store_categories.go:82.2,82.8 1 0
github.com/sharedcode/sop/ai/dynamic/store_categories.go:82.8,83.7 1 0
github.com/sharedcode/sop/ai/dynamic/store_categories.go:83.7,85.39 2 0
github.com/sharedcode/sop/ai/dynamic/store_categories.go:85.39,86.10 1 0
github.com/sharedcode/sop/ai/dynamic/store_categories.go:88.4,89.18 2 0
github.com/sharedcode/sop/ai/dynamic/store_categories.go:89.18,91.5 1 0
github.com/sharedcode/sop/ai/dynamic/store_categories.go:92.4,95.33 3 0
github.com/sharedcode/sop/ai/dynamic/store_categories.go:95.33,96.10 1 0
github.com/sharedcode/sop/ai/dynamic/store_categories.go:102.2,102.25 1 0
github.com/sharedcode/sop/ai/dynamic/store_categories.go:102.25,109.3 2 0
github.com/sharedcode/sop/ai/dynamic/store_categories.go:113.2,116.88 3 0
