mode: set
github.com/sharedcode/sop/ai/perceptron/perceptron.go:16.55,19.33 2 0
github.com/sharedcode/sop/ai/perceptron/perceptron.go:19.33,21.3 1 0
github.com/sharedcode/sop/ai/perceptron/perceptron.go:23.2,26.3 1 0
github.com/sharedcode/sop/ai/perceptron/perceptron.go:30.63,32.2 1 0
github.com/sharedcode/sop/ai/perceptron/perceptron.go:35.60,37.2 1 0
github.com/sharedcode/sop/ai/perceptron/perceptron.go:40.92,41.35 1 0
github.com/sharedcode/sop/ai/perceptron/perceptron.go:41.35,43.3 1 0
github.com/sharedcode/sop/ai/perceptron/perceptron.go:45.2,46.35 2 0
github.com/sharedcode/sop/ai/perceptron/perceptron.go:46.35,48.3 1 0
github.com/sharedcode/sop/ai/perceptron/perceptron.go:49.2,52.24 3 0
github.com/sharedcode/sop/ai/perceptron/perceptron.go:53.17,54.44 1 0
github.com/sharedcode/sop/ai/perceptron/perceptron.go:55.14,56.41 1 0
github.com/sharedcode/sop/ai/perceptron/perceptron.go:57.10,58.102 1 0
github.com/sharedcode/sop/ai/perceptron/perceptron.go:61.2,61.20 1 0
github.com/sharedcode/sop/ai/perceptron/perceptron.go:64.13,77.16 8 0
github.com/sharedcode/sop/ai/perceptron/perceptron.go:77.16,79.3 1 0
github.com/sharedcode/sop/ai/perceptron/perceptron.go:79.8,81.3 1 0
github.com/sharedcode/sop/ai/perceptron/perceptron.go:83.2,84.16 2 0
github.com/sharedcode/sop/ai/perceptron/perceptron.go:84.16,86.3 1 0
github.com/sharedcode/sop/ai/perceptron/perceptron.go:86.8,88.3 1 0
github.com/sharedcode/sop/ai/perceptron/perceptron.go:89.2,93.16 3 0
github.com/sharedcode/sop/ai/perceptron/perceptron.go:93.16,95.3 1 0
github.com/sharedcode/sop/ai/perceptron/perceptron.go:95.8,97.3 1 0
github.com/sharedcode/sop/ai/perceptron/perceptron.go:99.2,100.16 2 0
github.com/sharedcode/sop/ai/perceptron/perceptron.go:100.16,102.3 1 0
github.com/sharedcode/sop/ai/perceptron/perceptron.go:102.8,104.3 1 0
github.com/sharedcode/sop/ai/perceptron/perceptron.go:107.2,110.16 4 0
github.com/sharedcode/sop/ai/perceptron/perceptron.go:110.16,112.3 1 0
github.com/sharedcode/sop/ai/perceptron/perceptron.go:112.8,115.3 2 0
github.com/sharedcode/sop/ai/enhanced_perceptron/perceptron2.go:18.77,20.33 2 0
github.com/sharedcode/sop/ai/enhanced_perceptron/perceptron2.go:20.33,23.3 1 0
github.com/sharedcode/sop/ai/enhanced_perceptron/perceptron2.go:25.2,29.3 1 0
github.com/sharedcode/sop/ai/enhanced_perceptron/perceptron2.go:34.60,35.11 1 0
github.com/sharedcode/sop/ai/enhanced_perceptron/perceptron2.go:35.11,37.3 1 0
github.com/sharedcode/sop/ai/enhanced_perceptron/perceptron2.go:38.2,38.12 1 0
github.com/sharedcode/sop/ai/enhanced_perceptron/perceptron2.go:43.78,44.35 1 0
github.com/sharedcode/sop/ai/enhanced_perceptron/perceptron2.go:44.35,46.3 1 0
github.com/sharedcode/sop/ai/enhanced_perceptron/perceptron2.go:48.2,49.35 2 0
github.com/sharedcode/sop/ai/enhanced_perceptron/perceptron2.go:49.35,51.3 1 0
github.com/sharedcode/sop/ai/enhanced_perceptron/perceptron2.go:52.2,56.33 3 0
github.com/sharedcode/sop/ai/enhanced_perceptron/perceptron2.go:61.78,63.16 2 0
github.com/sharedcode/sop/ai/enhanced_perceptron/perceptron2.go:63.16,65.3 1 0
github.com/sharedcode/sop/ai/enhanced_perceptron/perceptron2.go:68.2,71.16 2 0
github.com/sharedcode/sop/ai/enhanced_perceptron/perceptron2.go:71.16,73.39 1 0
github.com/sharedcode/sop/ai/enhanced_perceptron/perceptron2.go:73.39,75.4 1 0
github.com/sharedcode/sop/ai/enhanced_perceptron/perceptron2.go:77.3,77.35 1 0
github.com/sharedcode/sop/ai/enhanced_perceptron/perceptron2.go:79.2,79.12 1 0
github.com/sharedcode/sop/ai/enhanced_perceptron/perceptron2.go:82.13,109.37 8 0
github.com/sharedcode/sop/ai/enhanced_perceptron/perceptron2.go:109.37,112.37 3 0
github.com/sharedcode/sop/ai/enhanced_perceptron/perceptron2.go:112.37,115.18 2 0
github.com/sharedcode/sop/ai/enhanced_perceptron/perceptron2.go:115.18,117.13 2 0
github.com/sharedcode/sop/ai/enhanced_perceptron/perceptron2.go:121.4,126.118 4 0
github.com/sharedcode/sop/ai/enhanced_perceptron/perceptron2.go:128.3,130.22 2 0
github.com/sharedcode/sop/ai/enhanced_perceptron/perceptron2.go:130.22,132.9 2 0
github.com/sharedcode/sop/ai/enhanced_perceptron/perceptron2.go:136.2,154.35 6 0
github.com/sharedcode/sop/ai/enhanced_perceptron/perceptron2.go:154.35,156.17 2 0
github.com/sharedcode/sop/ai/enhanced_perceptron/perceptron2.go:156.17,158.12 2 0
github.com/sharedcode/sop/ai/enhanced_perceptron/perceptron2.go:160.3,160.182 1 0
github.com/sharedcode/sop/error.go:29.31,31.2 1 0
github.com/sharedcode/sop/handle.go:35.32,40.2 1 0
github.com/sharedcode/sop/handle.go:43.36,44.19 1 0
github.com/sharedcode/sop/handle.go:44.19,46.3 1 0
github.com/sharedcode/sop/handle.go:47.2,47.22 1 0
github.com/sharedcode/sop/handle.go:51.38,52.19 1 0
github.com/sharedcode/sop/handle.go:52.19,54.3 1 0
github.com/sharedcode/sop/handle.go:55.2,55.22 1 0
github.com/sharedcode/sop/handle.go:59.37,61.2 1 0
github.com/sharedcode/sop/handle.go:65.36,66.22 1 0
github.com/sharedcode/sop/handle.go:66.22,68.3 1 0
github.com/sharedcode/sop/handle.go:69.2,71.19 3 0
github.com/sharedcode/sop/handle.go:71.19,74.3 2 0
github.com/sharedcode/sop/handle.go:75.2,76.11 2 0
github.com/sharedcode/sop/handle.go:80.43,86.2 3 0
github.com/sharedcode/sop/handle.go:89.38,91.2 1 0
github.com/sharedcode/sop/handle.go:94.33,96.2 1 0
github.com/sharedcode/sop/handle.go:99.36,100.19 1 0
github.com/sharedcode/sop/handle.go:100.19,102.3 1 0
github.com/sharedcode/sop/handle.go:102.8,104.3 1 0
github.com/sharedcode/sop/handle.go:105.2,105.31 1 0
github.com/sharedcode/sop/handle.go:109.33,116.2 1 0
github.com/sharedcode/sop/handle.go:119.42,124.2 1 0
github.com/sharedcode/sop/handle.go:127.88,129.30 2 0
github.com/sharedcode/sop/handle.go:129.30,133.39 4 0
github.com/sharedcode/sop/handle.go:133.39,135.4 1 0
github.com/sharedcode/sop/handle.go:137.2,137.10 1 0
github.com/sharedcode/sop/sleep.go:21.33,22.14 1 0
github.com/sharedcode/sop/sleep.go:22.14,24.3 1 0
github.com/sharedcode/sop/sleep.go:28.99,29.22 1 0
github.com/sharedcode/sop/sleep.go:29.22,31.3 1 0
github.com/sharedcode/sop/sleep.go:32.2,33.20 2 0
github.com/sharedcode/sop/sleep.go:33.20,35.3 1 0
github.com/sharedcode/sop/sleep.go:36.2,36.12 1 0
github.com/sharedcode/sop/sleep.go:41.67,43.20 2 0
github.com/sharedcode/sop/sleep.go:43.20,45.3 1 0
github.com/sharedcode/sop/sleep.go:46.2,48.16 3 0
github.com/sharedcode/sop/sleep.go:52.39,54.2 1 0
github.com/sharedcode/sop/sleep.go:57.58,58.20 1 0
github.com/sharedcode/sop/sleep.go:58.20,60.3 1 0
github.com/sharedcode/sop/sleep.go:61.2,63.16 3 0
github.com/sharedcode/sop/sleep.go:68.115,70.72 2 0
github.com/sharedcode/sop/sleep.go:70.72,72.24 2 0
github.com/sharedcode/sop/sleep.go:72.24,74.4 1 0
github.com/sharedcode/sop/sleep.go:75.3,75.13 1 0
github.com/sharedcode/sop/sleep.go:77.2,77.12 1 0
github.com/sharedcode/sop/sleep.go:81.34,82.16 1 1
github.com/sharedcode/sop/sleep.go:82.16,84.3 1 1
github.com/sharedcode/sop/sleep.go:86.2,86.82 1 1
github.com/sharedcode/sop/sleep.go:86.82,88.3 1 1
github.com/sharedcode/sop/sleep.go:91.2,94.31 1 1
github.com/sharedcode/sop/sleep.go:94.31,96.3 1 1
github.com/sharedcode/sop/sleep.go:100.2,100.9 1 1
github.com/sharedcode/sop/sleep.go:116.34,117.15 1 1
github.com/sharedcode/sop/sleep.go:121.2,121.60 1 1
github.com/sharedcode/sop/sleep.go:121.60,123.3 1 1
github.com/sharedcode/sop/sleep.go:125.2,125.13 1 1
github.com/sharedcode/sop/storeinfo.go:74.90,75.59 1 0
github.com/sharedcode/sop/storeinfo.go:75.59,77.3 1 0
github.com/sharedcode/sop/storeinfo.go:78.2,78.38 1 0
github.com/sharedcode/sop/storeinfo.go:78.38,80.3 1 0
github.com/sharedcode/sop/storeinfo.go:81.2,90.3 1 0
github.com/sharedcode/sop/storeinfo.go:94.51,95.75 1 0
github.com/sharedcode/sop/storeinfo.go:95.75,97.3 1 0
github.com/sharedcode/sop/storeinfo.go:98.2,98.54 1 0
github.com/sharedcode/sop/storeinfo.go:98.54,100.3 1 0
github.com/sharedcode/sop/storeinfo.go:102.2,102.32 1 0
github.com/sharedcode/sop/storeinfo.go:102.32,104.3 1 0
github.com/sharedcode/sop/storeinfo.go:106.2,106.83 1 0
github.com/sharedcode/sop/storeinfo.go:106.83,108.3 1 0
github.com/sharedcode/sop/storeinfo.go:109.2,109.62 1 0
github.com/sharedcode/sop/storeinfo.go:109.62,111.3 1 0
github.com/sharedcode/sop/storeinfo.go:112.2,112.36 1 0
github.com/sharedcode/sop/storeinfo.go:112.36,117.3 1 0
github.com/sharedcode/sop/storeinfo.go:119.2,119.85 1 0
github.com/sharedcode/sop/storeinfo.go:119.85,121.3 1 0
github.com/sharedcode/sop/storeinfo.go:122.2,122.64 1 0
github.com/sharedcode/sop/storeinfo.go:122.64,124.3 1 0
github.com/sharedcode/sop/storeinfo.go:125.2,125.37 1 0
github.com/sharedcode/sop/storeinfo.go:125.37,127.3 1 0
github.com/sharedcode/sop/storeinfo.go:130.2,130.64 1 0
github.com/sharedcode/sop/storeinfo.go:130.64,132.3 1 0
github.com/sharedcode/sop/storeinfo.go:133.2,133.37 1 0
github.com/sharedcode/sop/storeinfo.go:133.37,135.3 1 0
github.com/sharedcode/sop/storeinfo.go:139.47,141.26 1 0
github.com/sharedcode/sop/storeinfo.go:141.26,143.3 1 0
github.com/sharedcode/sop/storeinfo.go:145.2,145.23 1 0
github.com/sharedcode/sop/storeinfo.go:145.23,147.3 1 0
github.com/sharedcode/sop/storeinfo.go:149.2,152.40 3 0
github.com/sharedcode/sop/storeinfo.go:152.40,155.3 1 0
github.com/sharedcode/sop/storeinfo.go:156.2,156.36 1 0
github.com/sharedcode/sop/storeinfo.go:156.36,158.39 2 0
github.com/sharedcode/sop/storeinfo.go:158.39,160.63 1 0
github.com/sharedcode/sop/storeinfo.go:160.63,162.5 1 0
github.com/sharedcode/sop/storeinfo.go:163.4,163.46 1 0
github.com/sharedcode/sop/storeinfo.go:167.2,171.35 2 0
github.com/sharedcode/sop/storeinfo.go:171.35,173.3 1 0
github.com/sharedcode/sop/storeinfo.go:176.2,176.33 1 0
github.com/sharedcode/sop/storeinfo.go:176.33,179.3 2 0
github.com/sharedcode/sop/storeinfo.go:182.2,182.27 1 0
github.com/sharedcode/sop/storeinfo.go:182.27,185.3 2 0
github.com/sharedcode/sop/storeinfo.go:187.2,190.47 2 0
github.com/sharedcode/sop/storeinfo.go:190.47,192.3 1 0
github.com/sharedcode/sop/storeinfo.go:194.2,208.3 1 0
github.com/sharedcode/sop/storeinfo.go:212.35,215.2 2 0
github.com/sharedcode/sop/storeinfo.go:218.51,229.2 1 0
github.com/sharedcode/sop/storeinfo.go:232.46,234.2 1 0
github.com/sharedcode/sop/storeoptions.go:62.60,64.2 1 0
github.com/sharedcode/sop/storeoptions.go:67.46,69.2 1 0
github.com/sharedcode/sop/storeoptions.go:74.165,93.33 2 0
github.com/sharedcode/sop/storeoptions.go:93.33,96.3 2 0
github.com/sharedcode/sop/storeoptions.go:97.2,97.30 1 0
github.com/sharedcode/sop/storeoptions.go:97.30,101.3 3 0
github.com/sharedcode/sop/storeoptions.go:102.2,102.11 1 0
github.com/sharedcode/sop/taskrunner.go:17.73,19.24 2 0
github.com/sharedcode/sop/taskrunner.go:19.24,21.3 1 0
github.com/sharedcode/sop/taskrunner.go:22.2,25.3 1 0
github.com/sharedcode/sop/taskrunner.go:29.52,31.2 1 0
github.com/sharedcode/sop/taskrunner.go:34.45,36.2 1 0
github.com/sharedcode/sop/taskrunner.go:39.36,41.2 1 0
github.com/sharedcode/sop/transaction.go:86.60,91.2 2 0
github.com/sharedcode/sop/transaction.go:94.48,95.60 1 0
github.com/sharedcode/sop/transaction.go:95.60,97.3 1 0
github.com/sharedcode/sop/transaction.go:98.2,98.40 1 0
github.com/sharedcode/sop/transaction.go:98.40,99.35 1 0
github.com/sharedcode/sop/transaction.go:99.35,101.4 1 0
github.com/sharedcode/sop/transaction.go:104.2,104.12 1 0
github.com/sharedcode/sop/transaction.go:108.48,110.2 1 0
github.com/sharedcode/sop/transaction.go:113.68,115.70 1 0
github.com/sharedcode/sop/transaction.go:115.70,118.3 2 0
github.com/sharedcode/sop/transaction.go:120.2,120.41 1 0
github.com/sharedcode/sop/transaction.go:120.41,121.46 1 0
github.com/sharedcode/sop/transaction.go:121.46,124.4 2 0
github.com/sharedcode/sop/transaction.go:128.2,128.70 1 0
github.com/sharedcode/sop/transaction.go:128.70,132.3 3 0
github.com/sharedcode/sop/transaction.go:135.2,135.41 1 0
github.com/sharedcode/sop/transaction.go:135.41,137.3 1 0
github.com/sharedcode/sop/transaction.go:138.2,138.12 1 0
github.com/sharedcode/sop/transaction.go:142.70,145.41 3 0
github.com/sharedcode/sop/transaction.go:145.41,146.47 1 0
github.com/sharedcode/sop/transaction.go:146.47,148.4 1 0
github.com/sharedcode/sop/transaction.go:150.2,150.16 1 0
github.com/sharedcode/sop/transaction.go:154.60,156.2 1 0
github.com/sharedcode/sop/transaction.go:159.50,161.2 1 0
github.com/sharedcode/sop/transaction.go:164.83,166.2 1 0
github.com/sharedcode/sop/transaction.go:169.102,171.2 1 0
github.com/sharedcode/sop/transaction.go:174.83,176.2 1 0
github.com/sharedcode/sop/transaction.go:179.47,181.2 1 0
github.com/sharedcode/sop/uuid.go:14.41,17.2 2 0
github.com/sharedcode/sop/uuid.go:21.21,25.26 2 0
github.com/sharedcode/sop/uuid.go:25.26,28.17 3 0
github.com/sharedcode/sop/uuid.go:28.17,30.4 1 0
github.com/sharedcode/sop/uuid.go:32.3,32.50 1 0
github.com/sharedcode/sop/uuid.go:35.2,35.12 1 0
github.com/sharedcode/sop/uuid.go:42.29,44.2 1 0
github.com/sharedcode/sop/uuid.go:47.32,49.2 1 0
github.com/sharedcode/sop/uuid.go:52.41,57.25 3 0
github.com/sharedcode/sop/uuid.go:57.25,59.3 1 0
github.com/sharedcode/sop/uuid.go:61.2,62.26 2 0
github.com/sharedcode/sop/uuid.go:62.26,64.3 1 0
github.com/sharedcode/sop/uuid.go:65.2,65.18 1 0
github.com/sharedcode/sop/uuid.go:69.35,72.19 3 0
github.com/sharedcode/sop/uuid.go:72.19,74.3 1 0
github.com/sharedcode/sop/uuid.go:75.2,75.19 1 0
github.com/sharedcode/sop/uuid.go:75.19,77.3 1 0
github.com/sharedcode/sop/uuid.go:78.2,78.17 1 0
github.com/sharedcode/sop/uuid.go:78.17,80.3 1 0
github.com/sharedcode/sop/uuid.go:81.2,81.17 1 0
github.com/sharedcode/sop/uuid.go:81.17,83.3 1 0
github.com/sharedcode/sop/uuid.go:84.2,84.10 1 0
github.com/sharedcode/sop/btree/btree.go:44.48,46.2 1 1
github.com/sharedcode/sop/btree/btree.go:47.46,49.2 1 1
github.com/sharedcode/sop/btree/btree.go:72.135,74.15 1 1
github.com/sharedcode/sop/btree/btree.go:74.15,76.3 1 1
github.com/sharedcode/sop/btree/btree.go:77.2,77.30 1 1
github.com/sharedcode/sop/btree/btree.go:77.30,79.3 1 1
github.com/sharedcode/sop/btree/btree.go:80.2,80.33 1 1
github.com/sharedcode/sop/btree/btree.go:80.33,82.3 1 1
github.com/sharedcode/sop/btree/btree.go:83.2,83.25 1 1
github.com/sharedcode/sop/btree/btree.go:83.25,85.3 1 1
github.com/sharedcode/sop/btree/btree.go:86.2,94.17 2 1
github.com/sharedcode/sop/btree/btree.go:98.78,100.2 1 1
github.com/sharedcode/sop/btree/btree.go:103.58,105.2 1 1
github.com/sharedcode/sop/btree/btree.go:108.43,110.2 1 1
github.com/sharedcode/sop/btree/btree.go:113.86,117.16 3 1
github.com/sharedcode/sop/btree/btree.go:117.16,119.3 1 0
github.com/sharedcode/sop/btree/btree.go:120.2,121.16 2 1
github.com/sharedcode/sop/btree/btree.go:121.16,123.3 1 0
github.com/sharedcode/sop/btree/btree.go:125.2,125.13 1 1
github.com/sharedcode/sop/btree/btree.go:125.13,127.3 1 1
github.com/sharedcode/sop/btree/btree.go:130.2,130.78 1 1
github.com/sharedcode/sop/btree/btree.go:130.78,132.3 1 1
github.com/sharedcode/sop/btree/btree.go:135.2,135.46 1 1
github.com/sharedcode/sop/btree/btree.go:135.46,137.3 1 0
github.com/sharedcode/sop/btree/btree.go:138.2,143.18 3 1
github.com/sharedcode/sop/btree/btree.go:147.92,149.16 2 1
github.com/sharedcode/sop/btree/btree.go:149.16,151.3 1 1
github.com/sharedcode/sop/btree/btree.go:152.2,153.16 2 1
github.com/sharedcode/sop/btree/btree.go:153.16,155.3 1 1
github.com/sharedcode/sop/btree/btree.go:157.2,157.13 1 1
github.com/sharedcode/sop/btree/btree.go:157.13,159.3 1 1
github.com/sharedcode/sop/btree/btree.go:162.2,162.46 1 1
github.com/sharedcode/sop/btree/btree.go:162.46,164.3 1 0
github.com/sharedcode/sop/btree/btree.go:165.2,170.18 3 1
github.com/sharedcode/sop/btree/btree.go:175.53,176.27 1 1
github.com/sharedcode/sop/btree/btree.go:176.27,178.3 1 1
github.com/sharedcode/sop/btree/btree.go:179.2,179.34 1 1
github.com/sharedcode/sop/btree/btree.go:179.34,181.3 1 1
github.com/sharedcode/sop/btree/btree.go:182.2,182.36 1 1
github.com/sharedcode/sop/btree/btree.go:186.100,188.32 1 1
github.com/sharedcode/sop/btree/btree.go:188.32,190.3 1 1
github.com/sharedcode/sop/btree/btree.go:192.2,192.35 1 1
github.com/sharedcode/sop/btree/btree.go:192.35,194.17 2 1
github.com/sharedcode/sop/btree/btree.go:194.17,196.4 1 0
github.com/sharedcode/sop/btree/btree.go:197.3,197.59 1 1
github.com/sharedcode/sop/btree/btree.go:197.59,199.4 1 1
github.com/sharedcode/sop/btree/btree.go:201.2,202.16 2 1
github.com/sharedcode/sop/btree/btree.go:202.16,204.3 1 1
github.com/sharedcode/sop/btree/btree.go:205.2,207.15 3 1
github.com/sharedcode/sop/btree/btree.go:211.96,212.61 1 1
github.com/sharedcode/sop/btree/btree.go:212.61,213.7 1 1
github.com/sharedcode/sop/btree/btree.go:213.7,214.58 1 1
github.com/sharedcode/sop/btree/btree.go:214.58,216.5 1 0
github.com/sharedcode/sop/btree/btree.go:216.10,216.28 1 1
github.com/sharedcode/sop/btree/btree.go:216.28,218.5 1 1
github.com/sharedcode/sop/btree/btree.go:219.4,219.53 1 1
github.com/sharedcode/sop/btree/btree.go:219.53,221.5 1 1
github.com/sharedcode/sop/btree/btree.go:223.8,225.3 1 0
github.com/sharedcode/sop/btree/btree.go:229.58,231.30 2 1
github.com/sharedcode/sop/btree/btree.go:231.30,233.3 1 1
github.com/sharedcode/sop/btree/btree.go:234.2,237.3 1 1
github.com/sharedcode/sop/btree/btree.go:241.78,243.71 2 1
github.com/sharedcode/sop/btree/btree.go:243.71,245.3 1 1
github.com/sharedcode/sop/btree/btree.go:245.8,248.79 2 1
github.com/sharedcode/sop/btree/btree.go:248.79,250.4 1 0
github.com/sharedcode/sop/btree/btree.go:251.3,252.56 2 1
github.com/sharedcode/sop/btree/btree.go:252.56,254.4 1 1
github.com/sharedcode/sop/btree/btree.go:255.3,255.26 1 1
github.com/sharedcode/sop/btree/btree.go:260.87,262.71 2 1
github.com/sharedcode/sop/btree/btree.go:262.71,264.3 1 1
github.com/sharedcode/sop/btree/btree.go:264.8,266.79 2 1
github.com/sharedcode/sop/btree/btree.go:266.79,268.4 1 0
github.com/sharedcode/sop/btree/btree.go:269.3,270.56 2 1
github.com/sharedcode/sop/btree/btree.go:270.56,272.4 1 0
github.com/sharedcode/sop/btree/btree.go:273.3,273.20 1 1
github.com/sharedcode/sop/btree/btree.go:278.96,284.2 5 1
github.com/sharedcode/sop/btree/btree.go:287.70,289.32 1 1
github.com/sharedcode/sop/btree/btree.go:289.32,291.3 1 1
github.com/sharedcode/sop/btree/btree.go:292.2,293.16 2 1
github.com/sharedcode/sop/btree/btree.go:293.16,295.3 1 0
github.com/sharedcode/sop/btree/btree.go:296.2,298.15 3 1
github.com/sharedcode/sop/btree/btree.go:302.69,304.32 1 1
github.com/sharedcode/sop/btree/btree.go:304.32,306.3 1 1
github.com/sharedcode/sop/btree/btree.go:307.2,308.16 2 1
github.com/sharedcode/sop/btree/btree.go:308.16,310.3 1 0
github.com/sharedcode/sop/btree/btree.go:311.2,313.15 3 1
github.com/sharedcode/sop/btree/btree.go:317.69,319.66 1 1
github.com/sharedcode/sop/btree/btree.go:319.66,321.3 1 1
github.com/sharedcode/sop/btree/btree.go:322.2,323.16 2 1
github.com/sharedcode/sop/btree/btree.go:323.16,325.3 1 0
github.com/sharedcode/sop/btree/btree.go:326.2,326.79 1 1
github.com/sharedcode/sop/btree/btree.go:326.79,328.3 1 1
github.com/sharedcode/sop/btree/btree.go:329.2,331.15 3 1
github.com/sharedcode/sop/btree/btree.go:335.73,337.66 1 1
github.com/sharedcode/sop/btree/btree.go:337.66,339.3 1 1
github.com/sharedcode/sop/btree/btree.go:340.2,341.16 2 1
github.com/sharedcode/sop/btree/btree.go:341.16,343.3 1 0
github.com/sharedcode/sop/btree/btree.go:344.2,344.79 1 1
github.com/sharedcode/sop/btree/btree.go:344.79,346.3 1 1
github.com/sharedcode/sop/btree/btree.go:347.2,349.15 3 1
github.com/sharedcode/sop/btree/btree.go:353.92,355.16 2 1
github.com/sharedcode/sop/btree/btree.go:355.16,357.3 1 0
github.com/sharedcode/sop/btree/btree.go:358.2,358.9 1 1
github.com/sharedcode/sop/btree/btree.go:358.9,360.3 1 1
github.com/sharedcode/sop/btree/btree.go:361.2,361.47 1 1
github.com/sharedcode/sop/btree/btree.go:365.95,366.53 1 1
github.com/sharedcode/sop/btree/btree.go:366.53,368.3 1 1
github.com/sharedcode/sop/btree/btree.go:369.2,370.16 2 1
github.com/sharedcode/sop/btree/btree.go:370.16,372.3 1 0
github.com/sharedcode/sop/btree/btree.go:373.2,373.79 1 1
github.com/sharedcode/sop/btree/btree.go:373.79,375.3 1 1
github.com/sharedcode/sop/btree/btree.go:376.2,379.81 3 1
github.com/sharedcode/sop/btree/btree.go:379.81,381.3 1 1
github.com/sharedcode/sop/btree/btree.go:383.2,384.18 2 1
github.com/sharedcode/sop/btree/btree.go:388.106,389.53 1 1
github.com/sharedcode/sop/btree/btree.go:389.53,391.3 1 1
github.com/sharedcode/sop/btree/btree.go:392.2,393.16 2 1
github.com/sharedcode/sop/btree/btree.go:393.16,395.3 1 0
github.com/sharedcode/sop/btree/btree.go:396.2,396.79 1 1
github.com/sharedcode/sop/btree/btree.go:396.79,398.3 1 1
github.com/sharedcode/sop/btree/btree.go:399.2,405.18 5 1
github.com/sharedcode/sop/btree/btree.go:409.89,410.72 1 1
github.com/sharedcode/sop/btree/btree.go:410.72,411.17 1 1
github.com/sharedcode/sop/btree/btree.go:411.17,413.4 1 0
github.com/sharedcode/sop/btree/btree.go:415.3,415.39 1 1
github.com/sharedcode/sop/btree/btree.go:417.2,417.18 1 1
github.com/sharedcode/sop/btree/btree.go:421.79,423.16 2 1
github.com/sharedcode/sop/btree/btree.go:423.16,425.3 1 1
github.com/sharedcode/sop/btree/btree.go:426.2,426.9 1 1
github.com/sharedcode/sop/btree/btree.go:426.9,428.3 1 1
github.com/sharedcode/sop/btree/btree.go:429.2,429.37 1 1
github.com/sharedcode/sop/btree/btree.go:433.82,434.53 1 1
github.com/sharedcode/sop/btree/btree.go:434.53,436.3 1 1
github.com/sharedcode/sop/btree/btree.go:437.2,438.16 2 1
github.com/sharedcode/sop/btree/btree.go:438.16,440.3 1 1
github.com/sharedcode/sop/btree/btree.go:441.2,441.79 1 1
github.com/sharedcode/sop/btree/btree.go:441.79,443.3 1 1
github.com/sharedcode/sop/btree/btree.go:445.2,445.24 1 1
github.com/sharedcode/sop/btree/btree.go:445.24,448.88 3 1
github.com/sharedcode/sop/btree/btree.go:448.88,449.10 1 1
github.com/sharedcode/sop/btree/btree.go:449.10,451.91 1 1
github.com/sharedcode/sop/btree/btree.go:451.91,453.6 1 0
github.com/sharedcode/sop/btree/btree.go:455.5,456.28 2 1
github.com/sharedcode/sop/btree/btree.go:458.4,458.18 1 1
github.com/sharedcode/sop/btree/btree.go:462.3,462.64 1 1
github.com/sharedcode/sop/btree/btree.go:462.64,464.4 1 1
github.com/sharedcode/sop/btree/btree.go:465.3,466.39 2 1
github.com/sharedcode/sop/btree/btree.go:466.39,468.4 1 0
github.com/sharedcode/sop/btree/btree.go:472.3,475.129 4 1
github.com/sharedcode/sop/btree/btree.go:475.129,476.10 1 0
github.com/sharedcode/sop/btree/btree.go:476.10,478.91 1 0
github.com/sharedcode/sop/btree/btree.go:478.91,480.6 1 0
github.com/sharedcode/sop/btree/btree.go:482.5,483.28 2 0
github.com/sharedcode/sop/btree/btree.go:485.4,485.18 1 0
github.com/sharedcode/sop/btree/btree.go:487.3,487.21 1 1
github.com/sharedcode/sop/btree/btree.go:489.2,490.16 2 1
github.com/sharedcode/sop/btree/btree.go:490.16,492.3 1 0
github.com/sharedcode/sop/btree/btree.go:494.2,498.18 3 1
github.com/sharedcode/sop/btree/btree.go:502.61,504.2 1 1
github.com/sharedcode/sop/btree/btree.go:507.45,509.2 1 1
github.com/sharedcode/sop/btree/btree.go:513.51,515.99 1 1
github.com/sharedcode/sop/btree/btree.go:515.99,519.3 3 1
github.com/sharedcode/sop/btree/btree.go:523.88,524.41 1 1
github.com/sharedcode/sop/btree/btree.go:524.41,527.3 2 1
github.com/sharedcode/sop/btree/btree.go:528.2,528.30 1 1
github.com/sharedcode/sop/btree/btree.go:528.30,530.3 1 1
github.com/sharedcode/sop/btree/btree.go:531.2,532.16 2 1
github.com/sharedcode/sop/btree/btree.go:532.16,534.3 1 1
github.com/sharedcode/sop/btree/btree.go:535.2,536.31 2 1
github.com/sharedcode/sop/btree/btree.go:540.88,542.14 2 1
github.com/sharedcode/sop/btree/btree.go:542.14,544.3 1 1
github.com/sharedcode/sop/btree/btree.go:545.2,545.15 1 1
github.com/sharedcode/sop/btree/btree.go:549.85,551.71 1 1
github.com/sharedcode/sop/btree/btree.go:551.71,553.18 2 1
github.com/sharedcode/sop/btree/btree.go:553.18,555.4 1 1
github.com/sharedcode/sop/btree/btree.go:558.2,558.70 1 1
github.com/sharedcode/sop/btree/btree.go:558.70,560.41 2 1
github.com/sharedcode/sop/btree/btree.go:560.41,564.4 3 1
github.com/sharedcode/sop/btree/btree.go:565.3,566.19 2 1
github.com/sharedcode/sop/btree/btree.go:569.2,570.16 2 1
github.com/sharedcode/sop/btree/btree.go:570.16,572.3 1 1
github.com/sharedcode/sop/btree/btree.go:573.2,573.17 1 1
github.com/sharedcode/sop/btree/btree.go:573.17,575.3 1 0
github.com/sharedcode/sop/btree/btree.go:576.2,576.18 1 1
github.com/sharedcode/sop/btree/btree.go:580.94,582.14 2 1
github.com/sharedcode/sop/btree/btree.go:582.14,584.3 1 1
github.com/sharedcode/sop/btree/btree.go:585.2,585.15 1 1
github.com/sharedcode/sop/btree/btree.go:589.78,592.99 3 1
github.com/sharedcode/sop/btree/btree.go:592.99,594.3 1 1
github.com/sharedcode/sop/btree/btree.go:595.2,596.48 2 1
github.com/sharedcode/sop/btree/btree.go:599.45,601.2 1 1
github.com/sharedcode/sop/btree/btree.go:603.49,605.2 1 1
github.com/sharedcode/sop/btree/btree.go:607.58,609.2 1 1
github.com/sharedcode/sop/btree/btree.go:612.67,613.47 1 1
github.com/sharedcode/sop/btree/btree.go:613.47,622.46 6 1
github.com/sharedcode/sop/btree/btree.go:622.46,623.63 1 1
github.com/sharedcode/sop/btree/btree.go:623.63,625.5 1 0
github.com/sharedcode/sop/btree/btree.go:626.9,627.64 1 1
github.com/sharedcode/sop/btree/btree.go:627.64,629.5 1 1
github.com/sharedcode/sop/btree/btree.go:632.2,632.12 1 1
github.com/sharedcode/sop/btree/btree.go:636.58,637.44 1 1
github.com/sharedcode/sop/btree/btree.go:637.44,646.3 6 1
github.com/sharedcode/sop/btree/btree.go:650.58,651.21 1 1
github.com/sharedcode/sop/btree/btree.go:651.21,655.3 3 1
github.com/sharedcode/sop/btree/btree.go:656.2,656.50 1 1
github.com/sharedcode/sop/btree/btree.go:660.60,661.21 1 1
github.com/sharedcode/sop/btree/btree.go:661.21,663.3 1 1
github.com/sharedcode/sop/btree/btree.go:664.2,664.53 1 1
github.com/sharedcode/sop/btree/comparer.go:30.34,31.21 1 1
github.com/sharedcode/sop/btree/comparer.go:32.11,35.29 3 1
github.com/sharedcode/sop/btree/comparer.go:36.12,39.29 3 1
github.com/sharedcode/sop/btree/comparer.go:40.13,43.29 3 1
github.com/sharedcode/sop/btree/comparer.go:44.13,47.29 3 1
github.com/sharedcode/sop/btree/comparer.go:48.13,51.29 3 1
github.com/sharedcode/sop/btree/comparer.go:52.12,55.29 3 1
github.com/sharedcode/sop/btree/comparer.go:56.13,59.29 3 1
github.com/sharedcode/sop/btree/comparer.go:60.14,63.29 3 1
github.com/sharedcode/sop/btree/comparer.go:64.14,67.29 3 1
github.com/sharedcode/sop/btree/comparer.go:68.14,71.29 3 1
github.com/sharedcode/sop/btree/comparer.go:72.15,75.29 3 1
github.com/sharedcode/sop/btree/comparer.go:76.15,79.29 3 1
github.com/sharedcode/sop/btree/comparer.go:80.15,83.29 3 1
github.com/sharedcode/sop/btree/comparer.go:84.14,87.29 3 1
github.com/sharedcode/sop/btree/comparer.go:88.17,91.24 3 0
github.com/sharedcode/sop/btree/comparer.go:92.16,95.24 3 1
github.com/sharedcode/sop/btree/comparer.go:96.17,99.24 3 1
github.com/sharedcode/sop/btree/comparer.go:100.10,101.33 1 1
github.com/sharedcode/sop/btree/comparer.go:101.33,103.4 1 1
github.com/sharedcode/sop/btree/comparer.go:104.3,104.18 1 1
github.com/sharedcode/sop/btree/comparer.go:104.18,106.4 1 1
github.com/sharedcode/sop/btree/comparer.go:107.3,107.18 1 1
github.com/sharedcode/sop/btree/comparer.go:107.18,109.4 1 0
github.com/sharedcode/sop/btree/comparer.go:110.3,111.9 2 1
github.com/sharedcode/sop/btree/comparer.go:111.9,113.4 1 1
github.com/sharedcode/sop/btree/comparer.go:115.3,117.29 3 1
github.com/sharedcode/sop/btree/comparer.go:123.50,124.21 1 1
github.com/sharedcode/sop/btree/comparer.go:125.11,126.29 1 1
github.com/sharedcode/sop/btree/comparer.go:126.29,130.4 3 1
github.com/sharedcode/sop/btree/comparer.go:131.12,132.29 1 1
github.com/sharedcode/sop/btree/comparer.go:132.29,136.4 3 1
github.com/sharedcode/sop/btree/comparer.go:137.13,138.29 1 1
github.com/sharedcode/sop/btree/comparer.go:138.29,142.4 3 1
github.com/sharedcode/sop/btree/comparer.go:143.13,144.29 1 1
github.com/sharedcode/sop/btree/comparer.go:144.29,148.4 3 1
github.com/sharedcode/sop/btree/comparer.go:149.13,150.29 1 1
github.com/sharedcode/sop/btree/comparer.go:150.29,154.4 3 1
github.com/sharedcode/sop/btree/comparer.go:155.12,156.29 1 1
github.com/sharedcode/sop/btree/comparer.go:156.29,160.4 3 1
github.com/sharedcode/sop/btree/comparer.go:161.13,162.29 1 1
github.com/sharedcode/sop/btree/comparer.go:162.29,166.4 3 1
github.com/sharedcode/sop/btree/comparer.go:167.14,168.29 1 1
github.com/sharedcode/sop/btree/comparer.go:168.29,172.4 3 1
github.com/sharedcode/sop/btree/comparer.go:173.14,174.29 1 1
github.com/sharedcode/sop/btree/comparer.go:174.29,178.4 3 1
github.com/sharedcode/sop/btree/comparer.go:179.14,180.29 1 1
github.com/sharedcode/sop/btree/comparer.go:180.29,184.4 3 1
github.com/sharedcode/sop/btree/comparer.go:185.15,186.29 1 1
github.com/sharedcode/sop/btree/comparer.go:186.29,190.4 3 1
github.com/sharedcode/sop/btree/comparer.go:191.15,192.29 1 1
github.com/sharedcode/sop/btree/comparer.go:192.29,196.4 3 1
github.com/sharedcode/sop/btree/comparer.go:197.15,198.29 1 1
github.com/sharedcode/sop/btree/comparer.go:198.29,202.4 3 1
github.com/sharedcode/sop/btree/comparer.go:203.14,204.29 1 1
github.com/sharedcode/sop/btree/comparer.go:204.29,208.4 3 1
github.com/sharedcode/sop/btree/comparer.go:209.17,210.29 1 0
github.com/sharedcode/sop/btree/comparer.go:210.29,214.4 3 0
github.com/sharedcode/sop/btree/comparer.go:215.16,216.29 1 1
github.com/sharedcode/sop/btree/comparer.go:216.29,220.4 3 1
github.com/sharedcode/sop/btree/comparer.go:221.17,222.29 1 1
github.com/sharedcode/sop/btree/comparer.go:222.29,226.4 3 1
github.com/sharedcode/sop/btree/comparer.go:227.10,228.29 1 1
github.com/sharedcode/sop/btree/comparer.go:228.29,229.28 1 1
github.com/sharedcode/sop/btree/comparer.go:229.28,231.5 1 0
github.com/sharedcode/sop/btree/comparer.go:232.4,232.16 1 1
github.com/sharedcode/sop/btree/comparer.go:232.16,234.5 1 0
github.com/sharedcode/sop/btree/comparer.go:235.4,235.16 1 1
github.com/sharedcode/sop/btree/comparer.go:235.16,237.5 1 0
github.com/sharedcode/sop/btree/comparer.go:238.4,239.10 2 1
github.com/sharedcode/sop/btree/comparer.go:239.10,241.5 1 0
github.com/sharedcode/sop/btree/comparer.go:243.4,245.30 3 1
github.com/sharedcode/sop/btree/node.go:42.66,48.2 1 1
github.com/sharedcode/sop/btree/node.go:66.41,68.2 1 1
github.com/sharedcode/sop/btree/node.go:71.43,73.2 1 1
github.com/sharedcode/sop/btree/node.go:76.44,78.2 1 1
github.com/sharedcode/sop/btree/node.go:81.63,86.2 1 1
github.com/sharedcode/sop/btree/node.go:90.108,93.6 3 1
github.com/sharedcode/sop/btree/node.go:93.6,98.17 3 1
github.com/sharedcode/sop/btree/node.go:98.17,102.4 2 1
github.com/sharedcode/sop/btree/node.go:103.3,103.32 1 1
github.com/sharedcode/sop/btree/node.go:103.32,105.24 2 1
github.com/sharedcode/sop/btree/node.go:105.24,107.5 1 0
github.com/sharedcode/sop/btree/node.go:109.4,110.40 2 1
github.com/sharedcode/sop/btree/node.go:110.40,112.5 1 0
github.com/sharedcode/sop/btree/node.go:113.9,114.9 1 1
github.com/sharedcode/sop/btree/node.go:117.2,117.47 1 1
github.com/sharedcode/sop/btree/node.go:117.47,119.46 2 1
github.com/sharedcode/sop/btree/node.go:119.46,121.4 1 1
github.com/sharedcode/sop/btree/node.go:122.3,122.73 1 1
github.com/sharedcode/sop/btree/node.go:122.73,126.4 2 0
github.com/sharedcode/sop/btree/node.go:128.2,128.71 1 1
github.com/sharedcode/sop/btree/node.go:128.71,130.3 1 1
github.com/sharedcode/sop/btree/node.go:131.2,131.18 1 1
github.com/sharedcode/sop/btree/node.go:136.117,138.40 1 1
github.com/sharedcode/sop/btree/node.go:138.40,144.3 3 1
github.com/sharedcode/sop/btree/node.go:147.2,160.24 8 1
github.com/sharedcode/sop/btree/node.go:160.24,162.17 2 1
github.com/sharedcode/sop/btree/node.go:162.17,164.4 1 0
github.com/sharedcode/sop/btree/node.go:165.3,166.17 2 1
github.com/sharedcode/sop/btree/node.go:166.17,168.4 1 1
github.com/sharedcode/sop/btree/node.go:170.3,170.48 1 1
github.com/sharedcode/sop/btree/node.go:170.48,174.26 2 1
github.com/sharedcode/sop/btree/node.go:174.26,176.5 1 1
github.com/sharedcode/sop/btree/node.go:177.4,182.26 4 1
github.com/sharedcode/sop/btree/node.go:182.26,191.5 4 1
github.com/sharedcode/sop/btree/node.go:192.4,196.14 4 1
github.com/sharedcode/sop/btree/node.go:199.3,199.19 1 1
github.com/sharedcode/sop/btree/node.go:199.19,232.4 18 1
github.com/sharedcode/sop/btree/node.go:236.3,256.17 12 1
github.com/sharedcode/sop/btree/node.go:256.17,258.4 1 0
github.com/sharedcode/sop/btree/node.go:259.3,259.15 1 1
github.com/sharedcode/sop/btree/node.go:259.15,261.4 1 0
github.com/sharedcode/sop/btree/node.go:264.3,269.13 5 1
github.com/sharedcode/sop/btree/node.go:280.2,306.12 19 1
github.com/sharedcode/sop/btree/node.go:313.120,319.15 6 1
github.com/sharedcode/sop/btree/node.go:319.15,321.18 2 1
github.com/sharedcode/sop/btree/node.go:321.18,322.54 1 1
github.com/sharedcode/sop/btree/node.go:322.54,324.5 1 1
github.com/sharedcode/sop/btree/node.go:326.4,326.70 1 1
github.com/sharedcode/sop/btree/node.go:326.70,330.26 3 1
github.com/sharedcode/sop/btree/node.go:330.26,331.11 1 1
github.com/sharedcode/sop/btree/node.go:336.3,336.22 1 1
github.com/sharedcode/sop/btree/node.go:336.22,338.43 1 1
github.com/sharedcode/sop/btree/node.go:338.43,339.10 1 1
github.com/sharedcode/sop/btree/node.go:341.4,342.18 2 1
github.com/sharedcode/sop/btree/node.go:342.18,344.5 1 0
github.com/sharedcode/sop/btree/node.go:345.4,345.12 1 1
github.com/sharedcode/sop/btree/node.go:348.3,348.8 1 1
github.com/sharedcode/sop/btree/node.go:350.2,350.26 1 1
github.com/sharedcode/sop/btree/node.go:350.26,353.3 2 1
github.com/sharedcode/sop/btree/node.go:357.2,357.22 1 1
github.com/sharedcode/sop/btree/node.go:357.22,360.3 1 1
github.com/sharedcode/sop/btree/node.go:361.2,361.27 1 1
github.com/sharedcode/sop/btree/node.go:361.27,363.3 1 1
github.com/sharedcode/sop/btree/node.go:363.8,369.17 4 0
github.com/sharedcode/sop/btree/node.go:369.17,371.4 1 0
github.com/sharedcode/sop/btree/node.go:373.2,373.19 1 1
github.com/sharedcode/sop/btree/node.go:378.96,382.27 4 1
github.com/sharedcode/sop/btree/node.go:382.27,386.25 3 1
github.com/sharedcode/sop/btree/node.go:386.25,387.9 1 0
github.com/sharedcode/sop/btree/node.go:389.3,390.17 2 1
github.com/sharedcode/sop/btree/node.go:390.17,392.4 1 0
github.com/sharedcode/sop/btree/node.go:393.3,393.15 1 1
github.com/sharedcode/sop/btree/node.go:393.15,394.9 1 0
github.com/sharedcode/sop/btree/node.go:397.2,397.14 1 1
github.com/sharedcode/sop/btree/node.go:397.14,399.3 1 1
github.com/sharedcode/sop/btree/node.go:400.2,401.18 2 1
github.com/sharedcode/sop/btree/node.go:406.95,409.27 3 1
github.com/sharedcode/sop/btree/node.go:409.27,412.25 2 1
github.com/sharedcode/sop/btree/node.go:412.25,413.9 1 1
github.com/sharedcode/sop/btree/node.go:415.3,416.29 2 1
github.com/sharedcode/sop/btree/node.go:416.29,418.4 1 0
github.com/sharedcode/sop/btree/node.go:420.2,421.33 2 1
github.com/sharedcode/sop/btree/node.go:427.95,433.17 6 1
github.com/sharedcode/sop/btree/node.go:433.17,434.7 1 1
github.com/sharedcode/sop/btree/node.go:434.7,435.16 1 1
github.com/sharedcode/sop/btree/node.go:435.16,438.5 2 1
github.com/sharedcode/sop/btree/node.go:439.4,439.23 1 1
github.com/sharedcode/sop/btree/node.go:439.23,440.94 1 1
github.com/sharedcode/sop/btree/node.go:440.94,442.6 1 1
github.com/sharedcode/sop/btree/node.go:443.5,444.19 2 1
github.com/sharedcode/sop/btree/node.go:444.19,446.6 1 1
github.com/sharedcode/sop/btree/node.go:447.5,447.18 1 1
github.com/sharedcode/sop/btree/node.go:448.10,451.5 2 1
github.com/sharedcode/sop/btree/node.go:454.2,454.6 1 1
github.com/sharedcode/sop/btree/node.go:454.6,455.15 1 1
github.com/sharedcode/sop/btree/node.go:455.15,458.4 2 0
github.com/sharedcode/sop/btree/node.go:460.3,460.26 1 1
github.com/sharedcode/sop/btree/node.go:460.26,463.4 2 1
github.com/sharedcode/sop/btree/node.go:465.3,465.21 1 1
github.com/sharedcode/sop/btree/node.go:465.21,469.4 2 1
github.com/sharedcode/sop/btree/node.go:470.3,471.17 2 1
github.com/sharedcode/sop/btree/node.go:471.17,473.4 1 0
github.com/sharedcode/sop/btree/node.go:474.3,475.8 2 1
github.com/sharedcode/sop/btree/node.go:482.99,487.16 5 1
github.com/sharedcode/sop/btree/node.go:487.16,488.7 1 1
github.com/sharedcode/sop/btree/node.go:488.7,489.23 1 1
github.com/sharedcode/sop/btree/node.go:489.23,490.93 1 1
github.com/sharedcode/sop/btree/node.go:490.93,492.6 1 1
github.com/sharedcode/sop/btree/node.go:493.5,494.19 2 1
github.com/sharedcode/sop/btree/node.go:494.19,496.6 1 0
github.com/sharedcode/sop/btree/node.go:497.5,497.17 1 1
github.com/sharedcode/sop/btree/node.go:497.17,501.6 2 0
github.com/sharedcode/sop/btree/node.go:502.5,502.24 1 1
github.com/sharedcode/sop/btree/node.go:503.10,507.5 2 1
github.com/sharedcode/sop/btree/node.go:510.2,511.6 2 1
github.com/sharedcode/sop/btree/node.go:511.6,513.21 1 1
github.com/sharedcode/sop/btree/node.go:513.21,516.4 2 1
github.com/sharedcode/sop/btree/node.go:517.3,517.21 1 1
github.com/sharedcode/sop/btree/node.go:517.21,521.4 2 1
github.com/sharedcode/sop/btree/node.go:522.3,523.17 2 1
github.com/sharedcode/sop/btree/node.go:523.17,525.4 1 0
github.com/sharedcode/sop/btree/node.go:526.3,527.8 2 1
github.com/sharedcode/sop/btree/node.go:534.91,537.88 3 1
github.com/sharedcode/sop/btree/node.go:537.88,539.3 1 0
github.com/sharedcode/sop/btree/node.go:541.2,541.20 1 1
github.com/sharedcode/sop/btree/node.go:541.20,542.30 1 1
github.com/sharedcode/sop/btree/node.go:542.30,547.4 1 1
github.com/sharedcode/sop/btree/node.go:549.3,553.13 4 1
github.com/sharedcode/sop/btree/node.go:555.2,555.23 1 1
github.com/sharedcode/sop/btree/node.go:555.23,562.3 5 1
github.com/sharedcode/sop/btree/node.go:563.2,563.74 1 1
github.com/sharedcode/sop/btree/node.go:563.74,565.3 1 0
github.com/sharedcode/sop/btree/node.go:566.2,566.32 1 1
github.com/sharedcode/sop/btree/node.go:569.48,570.38 1 1
github.com/sharedcode/sop/btree/node.go:570.38,571.24 1 1
github.com/sharedcode/sop/btree/node.go:571.24,573.4 1 1
github.com/sharedcode/sop/btree/node.go:575.2,575.13 1 1
github.com/sharedcode/sop/btree/node.go:580.128,582.40 2 1
github.com/sharedcode/sop/btree/node.go:582.40,584.3 1 0
github.com/sharedcode/sop/btree/node.go:586.2,587.18 2 1
github.com/sharedcode/sop/btree/node.go:587.18,588.29 1 1
github.com/sharedcode/sop/btree/node.go:588.29,590.4 1 1
github.com/sharedcode/sop/btree/node.go:591.3,591.30 1 1
github.com/sharedcode/sop/btree/node.go:591.30,594.4 2 1
github.com/sharedcode/sop/btree/node.go:595.3,595.21 1 1
github.com/sharedcode/sop/btree/node.go:595.21,597.4 1 1
github.com/sharedcode/sop/btree/node.go:598.3,600.17 3 1
github.com/sharedcode/sop/btree/node.go:600.17,602.4 1 0
github.com/sharedcode/sop/btree/node.go:604.2,604.19 1 1
github.com/sharedcode/sop/btree/node.go:609.129,611.40 2 1
github.com/sharedcode/sop/btree/node.go:611.40,613.3 1 0
github.com/sharedcode/sop/btree/node.go:615.2,616.18 2 1
github.com/sharedcode/sop/btree/node.go:616.18,617.29 1 1
github.com/sharedcode/sop/btree/node.go:617.29,619.4 1 1
github.com/sharedcode/sop/btree/node.go:620.3,620.30 1 1
github.com/sharedcode/sop/btree/node.go:620.30,623.4 2 1
github.com/sharedcode/sop/btree/node.go:624.3,624.21 1 1
github.com/sharedcode/sop/btree/node.go:624.21,626.4 1 1
github.com/sharedcode/sop/btree/node.go:627.3,629.17 3 1
github.com/sharedcode/sop/btree/node.go:629.17,631.4 1 1
github.com/sharedcode/sop/btree/node.go:633.2,633.19 1 1
github.com/sharedcode/sop/btree/node.go:638.113,639.66 1 1
github.com/sharedcode/sop/btree/node.go:639.66,641.3 1 1
github.com/sharedcode/sop/btree/node.go:642.2,642.19 1 1
github.com/sharedcode/sop/btree/node.go:642.19,649.17 2 1
github.com/sharedcode/sop/btree/node.go:649.17,651.4 1 0
github.com/sharedcode/sop/btree/node.go:653.3,654.33 2 1
github.com/sharedcode/sop/btree/node.go:654.33,656.4 1 0
github.com/sharedcode/sop/btree/node.go:659.3,660.17 2 1
github.com/sharedcode/sop/btree/node.go:660.17,662.4 1 0
github.com/sharedcode/sop/btree/node.go:664.3,670.63 5 1
github.com/sharedcode/sop/btree/node.go:671.8,673.3 1 1
github.com/sharedcode/sop/btree/node.go:674.2,676.12 3 1
github.com/sharedcode/sop/btree/node.go:681.114,682.66 1 1
github.com/sharedcode/sop/btree/node.go:682.66,684.3 1 0
github.com/sharedcode/sop/btree/node.go:685.2,685.19 1 1
github.com/sharedcode/sop/btree/node.go:685.19,691.17 2 1
github.com/sharedcode/sop/btree/node.go:691.17,693.4 1 1
github.com/sharedcode/sop/btree/node.go:694.3,698.17 3 1
github.com/sharedcode/sop/btree/node.go:698.17,700.4 1 1
github.com/sharedcode/sop/btree/node.go:701.3,705.25 4 1
github.com/sharedcode/sop/btree/node.go:706.8,708.3 1 1
github.com/sharedcode/sop/btree/node.go:709.2,712.12 4 1
github.com/sharedcode/sop/btree/node.go:718.103,721.47 3 1
github.com/sharedcode/sop/btree/node.go:721.47,724.32 2 1
github.com/sharedcode/sop/btree/node.go:724.32,726.4 1 0
github.com/sharedcode/sop/btree/node.go:727.3,736.13 7 1
github.com/sharedcode/sop/btree/node.go:742.2,756.23 9 1
github.com/sharedcode/sop/btree/node.go:756.23,798.3 24 1
github.com/sharedcode/sop/btree/node.go:801.2,824.67 12 1
github.com/sharedcode/sop/btree/node.go:824.67,826.3 1 0
github.com/sharedcode/sop/btree/node.go:827.2,829.62 2 1
github.com/sharedcode/sop/btree/node.go:829.62,831.3 1 0
github.com/sharedcode/sop/btree/node.go:832.2,843.16 7 1
github.com/sharedcode/sop/btree/node.go:843.16,845.3 1 0
github.com/sharedcode/sop/btree/node.go:846.2,847.12 2 1
github.com/sharedcode/sop/btree/node.go:850.52,854.2 2 1
github.com/sharedcode/sop/btree/node.go:856.58,857.32 1 1
github.com/sharedcode/sop/btree/node.go:857.32,859.3 1 1
github.com/sharedcode/sop/btree/node.go:860.2,860.32 1 1
github.com/sharedcode/sop/btree/node.go:865.97,866.25 1 1
github.com/sharedcode/sop/btree/node.go:866.25,868.3 1 1
github.com/sharedcode/sop/btree/node.go:869.2,870.16 2 1
github.com/sharedcode/sop/btree/node.go:870.16,872.3 1 0
github.com/sharedcode/sop/btree/node.go:874.2,874.30 1 1
github.com/sharedcode/sop/btree/node.go:874.30,875.29 1 1
github.com/sharedcode/sop/btree/node.go:875.29,878.4 2 1
github.com/sharedcode/sop/btree/node.go:880.2,880.12 1 1
github.com/sharedcode/sop/btree/node.go:885.83,887.16 2 1
github.com/sharedcode/sop/btree/node.go:887.16,889.3 1 0
github.com/sharedcode/sop/btree/node.go:890.2,890.22 1 1
github.com/sharedcode/sop/btree/node.go:890.22,892.3 1 1
github.com/sharedcode/sop/btree/node.go:894.2,896.23 3 1
github.com/sharedcode/sop/btree/node.go:896.23,898.3 1 1
github.com/sharedcode/sop/btree/node.go:899.2,901.12 3 1
github.com/sharedcode/sop/btree/node.go:905.67,906.41 1 1
github.com/sharedcode/sop/btree/node.go:906.41,908.3 1 1
github.com/sharedcode/sop/btree/node.go:909.2,909.29 1 1
github.com/sharedcode/sop/btree/node.go:909.29,911.3 1 1
github.com/sharedcode/sop/btree/node.go:914.72,915.34 1 1
github.com/sharedcode/sop/btree/node.go:915.34,918.3 1 1
github.com/sharedcode/sop/btree/node.go:922.84,923.18 1 1
github.com/sharedcode/sop/btree/node.go:923.18,925.3 1 0
github.com/sharedcode/sop/btree/node.go:926.2,929.36 4 1
github.com/sharedcode/sop/btree/node.go:929.36,933.3 3 1
github.com/sharedcode/sop/btree/node.go:934.2,934.29 1 1
github.com/sharedcode/sop/btree/node.go:934.29,936.89 1 1
github.com/sharedcode/sop/btree/node.go:936.89,937.9 1 1
github.com/sharedcode/sop/btree/node.go:939.3,941.33 3 1
github.com/sharedcode/sop/btree/node.go:945.41,947.2 1 1
github.com/sharedcode/sop/btree/node.go:949.76,953.2 3 1
github.com/sharedcode/sop/btree/node.go:955.100,956.21 1 1
github.com/sharedcode/sop/btree/node.go:956.21,959.3 1 1
github.com/sharedcode/sop/btree/node.go:960.2,960.56 1 1
github.com/sharedcode/sop/btree/node.go:960.56,962.3 1 1
github.com/sharedcode/sop/btree/node.go:963.2,963.22 1 1
github.com/sharedcode/sop/btree/node.go:963.22,965.22 2 1
github.com/sharedcode/sop/btree/node.go:965.22,967.4 1 1
github.com/sharedcode/sop/btree/node.go:970.3,970.64 1 1
github.com/sharedcode/sop/btree/node.go:973.2,973.21 1 1
github.com/sharedcode/sop/btree/node.go:979.122,981.23 2 1
github.com/sharedcode/sop/btree/node.go:981.23,983.3 1 1
github.com/sharedcode/sop/btree/node.go:984.2,984.31 1 1
github.com/sharedcode/sop/btree/node.go:987.107,990.38 3 1
github.com/sharedcode/sop/btree/node.go:990.38,991.24 1 1
github.com/sharedcode/sop/btree/node.go:991.24,992.12 1 1
github.com/sharedcode/sop/btree/node.go:994.3,995.17 2 1
github.com/sharedcode/sop/btree/node.go:995.17,997.4 1 0
github.com/sharedcode/sop/btree/node.go:999.2,999.22 1 1
github.com/sharedcode/sop/btree/node.go:1003.46,1005.2 1 1
github.com/sharedcode/sop/btree/node.go:1008.45,1010.2 1 1
github.com/sharedcode/sop/btree/node.go:1012.103,1013.27 1 1
github.com/sharedcode/sop/btree/node.go:1013.27,1015.3 1 1
github.com/sharedcode/sop/btree/node.go:1016.2,1016.42 1 1
github.com/sharedcode/sop/btree/node.go:1020.108,1022.16 2 1
github.com/sharedcode/sop/btree/node.go:1022.16,1024.3 1 0
github.com/sharedcode/sop/btree/node.go:1025.2,1026.16 2 1
github.com/sharedcode/sop/btree/node.go:1026.16,1028.3 1 0
github.com/sharedcode/sop/btree/node.go:1029.2,1029.14 1 1
github.com/sharedcode/sop/btree/node.go:1029.14,1031.36 1 1
github.com/sharedcode/sop/btree/node.go:1031.36,1033.4 1 1
github.com/sharedcode/sop/btree/node.go:1036.2,1036.17 1 1
github.com/sharedcode/sop/btree/node.go:1040.109,1042.16 2 1
github.com/sharedcode/sop/btree/node.go:1042.16,1044.3 1 0
github.com/sharedcode/sop/btree/node.go:1045.2,1046.16 2 1
github.com/sharedcode/sop/btree/node.go:1046.16,1048.3 1 0
github.com/sharedcode/sop/btree/node.go:1049.2,1049.28 1 1
github.com/sharedcode/sop/btree/node.go:1049.28,1051.22 1 1
github.com/sharedcode/sop/btree/node.go:1051.22,1053.4 1 1
github.com/sharedcode/sop/btree/node.go:1056.2,1056.17 1 1
github.com/sharedcode/sop/btree/node.go:1060.98,1062.16 2 1
github.com/sharedcode/sop/btree/node.go:1062.16,1064.3 1 0
github.com/sharedcode/sop/btree/node.go:1065.2,1065.19 1 1
github.com/sharedcode/sop/btree/node.go:1065.19,1067.3 1 1
github.com/sharedcode/sop/btree/node.go:1069.2,1069.15 1 1
github.com/sharedcode/sop/btree/node.go:1073.68,1076.113 2 1
github.com/sharedcode/sop/btree/node.go:1076.113,1077.90 1 1
github.com/sharedcode/sop/btree/node.go:1077.90,1078.53 1 1
github.com/sharedcode/sop/btree/node.go:1078.53,1079.13 1 1
github.com/sharedcode/sop/btree/node.go:1081.4,1081.57 1 1
github.com/sharedcode/sop/btree/node.go:1081.57,1082.10 1 1
github.com/sharedcode/sop/btree/node.go:1086.2,1086.26 1 1
github.com/sharedcode/sop/btree/node.handlenilchild.go:13.124,14.113 1 1
github.com/sharedcode/sop/btree/node.handlenilchild.go:14.113,16.3 1 1
github.com/sharedcode/sop/btree/node.handlenilchild.go:17.2,17.44 1 1
github.com/sharedcode/sop/btree/node.handlenilchild.go:17.44,18.25 1 1
github.com/sharedcode/sop/btree/node.handlenilchild.go:18.25,22.4 3 1
github.com/sharedcode/sop/btree/node.handlenilchild.go:23.8,23.53 1 1
github.com/sharedcode/sop/btree/node.handlenilchild.go:23.53,24.25 1 1
github.com/sharedcode/sop/btree/node.handlenilchild.go:24.25,28.4 3 1
github.com/sharedcode/sop/btree/node.handlenilchild.go:31.2,35.59 4 1
github.com/sharedcode/sop/btree/node.handlenilchild.go:35.59,36.24 1 1
github.com/sharedcode/sop/btree/node.handlenilchild.go:36.24,39.18 2 1
github.com/sharedcode/sop/btree/node.handlenilchild.go:39.18,41.5 1 0
github.com/sharedcode/sop/btree/node.handlenilchild.go:42.4,42.17 1 1
github.com/sharedcode/sop/btree/node.handlenilchild.go:42.17,44.5 1 0
github.com/sharedcode/sop/btree/node.handlenilchild.go:45.4,47.24 3 1
github.com/sharedcode/sop/btree/node.handlenilchild.go:47.24,49.64 2 0
github.com/sharedcode/sop/btree/node.handlenilchild.go:49.64,51.6 1 0
github.com/sharedcode/sop/btree/node.handlenilchild.go:52.10,55.29 2 1
github.com/sharedcode/sop/btree/node.handlenilchild.go:55.29,57.6 1 1
github.com/sharedcode/sop/btree/node.handlenilchild.go:59.4,61.20 3 1
github.com/sharedcode/sop/btree/node.handlenilchild.go:65.3,65.58 1 0
github.com/sharedcode/sop/btree/node.handlenilchild.go:68.2,68.21 1 1
github.com/sharedcode/sop/btree/node.handlenilchild.go:68.21,69.49 1 1
github.com/sharedcode/sop/btree/node.handlenilchild.go:69.49,71.4 1 0
github.com/sharedcode/sop/btree/node.handlenilchild.go:72.3,72.19 1 1
github.com/sharedcode/sop/btree/node.handlenilchild.go:75.2,76.18 2 1
github.com/sharedcode/sop/btree/node.handlenilchild.go:81.107,82.26 1 1
github.com/sharedcode/sop/btree/node.handlenilchild.go:82.26,84.3 1 1
github.com/sharedcode/sop/btree/node.handlenilchild.go:85.2,85.57 1 1
github.com/sharedcode/sop/btree/node.handlenilchild.go:90.116,93.16 2 1
github.com/sharedcode/sop/btree/node.handlenilchild.go:93.16,95.3 1 0
github.com/sharedcode/sop/btree/node.handlenilchild.go:96.2,96.14 1 1
github.com/sharedcode/sop/btree/node.handlenilchild.go:96.14,98.3 1 1
github.com/sharedcode/sop/btree/node.handlenilchild.go:99.2,102.16 4 1
github.com/sharedcode/sop/btree/node.handlenilchild.go:102.16,104.3 1 0
github.com/sharedcode/sop/btree/node.handlenilchild.go:105.2,111.18 5 1
github.com/sharedcode/sop/btree/node.handlenilchild.go:116.120,117.44 1 1
github.com/sharedcode/sop/btree/node.handlenilchild.go:117.44,119.3 1 1
github.com/sharedcode/sop/btree/node.handlenilchild.go:121.2,128.18 8 1
github.com/sharedcode/sop/btree/node.handlenilchild.go:133.127,134.44 1 1
github.com/sharedcode/sop/btree/node.handlenilchild.go:134.44,136.3 1 1
github.com/sharedcode/sop/btree/node.handlenilchild.go:137.2,139.6 3 1
github.com/sharedcode/sop/btree/node.handlenilchild.go:139.6,140.15 1 1
github.com/sharedcode/sop/btree/node.handlenilchild.go:140.15,143.4 2 0
github.com/sharedcode/sop/btree/node.handlenilchild.go:145.3,145.18 1 1
github.com/sharedcode/sop/btree/node.handlenilchild.go:145.18,148.4 2 1
github.com/sharedcode/sop/btree/node.handlenilchild.go:150.3,150.21 1 1
github.com/sharedcode/sop/btree/node.handlenilchild.go:150.21,154.4 2 1
github.com/sharedcode/sop/btree/node.handlenilchild.go:155.3,156.17 2 1
github.com/sharedcode/sop/btree/node.handlenilchild.go:156.17,158.4 1 0
github.com/sharedcode/sop/btree/node.handlenilchild.go:159.3,160.8 2 1
github.com/sharedcode/sop/btree/node.handlenilchild.go:166.126,167.44 1 1
github.com/sharedcode/sop/btree/node.handlenilchild.go:167.44,169.3 1 1
github.com/sharedcode/sop/btree/node.handlenilchild.go:170.2,172.6 3 1
github.com/sharedcode/sop/btree/node.handlenilchild.go:172.6,174.13 1 1
github.com/sharedcode/sop/btree/node.handlenilchild.go:174.13,177.4 2 1
github.com/sharedcode/sop/btree/node.handlenilchild.go:178.3,178.21 1 1
github.com/sharedcode/sop/btree/node.handlenilchild.go:178.21,182.4 2 0
github.com/sharedcode/sop/btree/node.handlenilchild.go:183.3,184.17 2 1
github.com/sharedcode/sop/btree/node.handlenilchild.go:184.17,186.4 1 0
github.com/sharedcode/sop/btree/node.handlenilchild.go:187.3,188.8 2 1
github.com/sharedcode/sop/btree/node.handlenilchild.go:193.50,194.25 1 1
github.com/sharedcode/sop/btree/node.handlenilchild.go:194.25,196.3 1 1
github.com/sharedcode/sop/btree/node.handlenilchild.go:197.2,197.35 1 1
github.com/sharedcode/sop/btree/node.handlenilchild.go:197.35,198.41 1 1
github.com/sharedcode/sop/btree/node.handlenilchild.go:198.41,200.4 1 1
github.com/sharedcode/sop/btree/node.handlenilchild.go:202.2,202.14 1 1
github.com/sharedcode/sop/btree/node.handlenilchild.go:207.107,208.25 1 1
github.com/sharedcode/sop/btree/node.handlenilchild.go:208.25,210.3 1 1
github.com/sharedcode/sop/btree/node.handlenilchild.go:211.2,212.29 2 1
github.com/sharedcode/sop/btree/node.handlenilchild.go:212.29,213.41 1 1
github.com/sharedcode/sop/btree/node.handlenilchild.go:213.41,214.9 1 1
github.com/sharedcode/sop/btree/node.handlenilchild.go:217.2,217.20 1 1
github.com/sharedcode/sop/btree/node.handlenilchild.go:217.20,219.3 1 0
github.com/sharedcode/sop/btree/node.handlenilchild.go:221.2,228.13 8 1
github.com/sharedcode/sop/btree/withtransaction.go:29.143,34.2 1 1
github.com/sharedcode/sop/btree/withtransaction.go:43.90,46.2 1 1
github.com/sharedcode/sop/btree/withtransaction.go:55.98,56.32 1 1
github.com/sharedcode/sop/btree/withtransaction.go:56.32,58.3 1 1
github.com/sharedcode/sop/btree/withtransaction.go:59.2,59.48 1 1
github.com/sharedcode/sop/btree/withtransaction.go:59.48,62.3 2 1
github.com/sharedcode/sop/btree/withtransaction.go:63.2,64.16 2 1
github.com/sharedcode/sop/btree/withtransaction.go:64.16,66.3 1 1
github.com/sharedcode/sop/btree/withtransaction.go:67.2,67.15 1 1
github.com/sharedcode/sop/btree/withtransaction.go:71.108,72.32 1 1
github.com/sharedcode/sop/btree/withtransaction.go:72.32,74.3 1 1
github.com/sharedcode/sop/btree/withtransaction.go:75.2,75.48 1 1
github.com/sharedcode/sop/btree/withtransaction.go:75.48,78.3 2 0
github.com/sharedcode/sop/btree/withtransaction.go:79.2,80.16 2 1
github.com/sharedcode/sop/btree/withtransaction.go:80.16,82.3 1 1
github.com/sharedcode/sop/btree/withtransaction.go:83.2,83.15 1 1
github.com/sharedcode/sop/btree/withtransaction.go:87.101,88.32 1 1
github.com/sharedcode/sop/btree/withtransaction.go:88.32,90.3 1 1
github.com/sharedcode/sop/btree/withtransaction.go:91.2,91.48 1 1
github.com/sharedcode/sop/btree/withtransaction.go:91.48,94.3 2 1
github.com/sharedcode/sop/btree/withtransaction.go:95.2,96.16 2 1
github.com/sharedcode/sop/btree/withtransaction.go:96.16,98.3 1 0
github.com/sharedcode/sop/btree/withtransaction.go:99.2,99.15 1 1
github.com/sharedcode/sop/btree/withtransaction.go:103.101,104.32 1 1
github.com/sharedcode/sop/btree/withtransaction.go:104.32,106.3 1 1
github.com/sharedcode/sop/btree/withtransaction.go:107.2,107.48 1 1
github.com/sharedcode/sop/btree/withtransaction.go:107.48,110.3 2 1
github.com/sharedcode/sop/btree/withtransaction.go:111.2,112.16 2 1
github.com/sharedcode/sop/btree/withtransaction.go:112.16,114.3 1 1
github.com/sharedcode/sop/btree/withtransaction.go:115.2,115.15 1 1
github.com/sharedcode/sop/btree/withtransaction.go:119.104,120.32 1 1
github.com/sharedcode/sop/btree/withtransaction.go:120.32,122.3 1 1
github.com/sharedcode/sop/btree/withtransaction.go:123.2,123.48 1 1
github.com/sharedcode/sop/btree/withtransaction.go:123.48,126.3 2 1
github.com/sharedcode/sop/btree/withtransaction.go:127.2,128.16 2 1
github.com/sharedcode/sop/btree/withtransaction.go:128.16,130.3 1 1
github.com/sharedcode/sop/btree/withtransaction.go:131.2,131.15 1 1
github.com/sharedcode/sop/btree/withtransaction.go:135.91,136.32 1 1
github.com/sharedcode/sop/btree/withtransaction.go:136.32,138.3 1 1
github.com/sharedcode/sop/btree/withtransaction.go:139.2,139.48 1 1
github.com/sharedcode/sop/btree/withtransaction.go:139.48,142.3 2 1
github.com/sharedcode/sop/btree/withtransaction.go:143.2,144.16 2 1
github.com/sharedcode/sop/btree/withtransaction.go:144.16,146.3 1 1
github.com/sharedcode/sop/btree/withtransaction.go:147.2,147.15 1 1
github.com/sharedcode/sop/btree/withtransaction.go:151.94,152.32 1 1
github.com/sharedcode/sop/btree/withtransaction.go:152.32,154.3 1 1
github.com/sharedcode/sop/btree/withtransaction.go:155.2,155.48 1 1
github.com/sharedcode/sop/btree/withtransaction.go:155.48,158.3 2 1
github.com/sharedcode/sop/btree/withtransaction.go:159.2,160.16 2 1
github.com/sharedcode/sop/btree/withtransaction.go:160.16,162.3 1 1
github.com/sharedcode/sop/btree/withtransaction.go:163.2,163.15 1 1
github.com/sharedcode/sop/btree/withtransaction.go:170.112,171.32 1 1
github.com/sharedcode/sop/btree/withtransaction.go:171.32,174.3 2 1
github.com/sharedcode/sop/btree/withtransaction.go:175.2,176.16 2 1
github.com/sharedcode/sop/btree/withtransaction.go:176.16,178.3 1 1
github.com/sharedcode/sop/btree/withtransaction.go:179.2,179.15 1 1
github.com/sharedcode/sop/btree/withtransaction.go:183.108,184.32 1 1
github.com/sharedcode/sop/btree/withtransaction.go:184.32,187.3 2 1
github.com/sharedcode/sop/btree/withtransaction.go:188.2,189.16 2 1
github.com/sharedcode/sop/btree/withtransaction.go:189.16,191.3 1 0
github.com/sharedcode/sop/btree/withtransaction.go:192.2,192.15 1 1
github.com/sharedcode/sop/btree/withtransaction.go:196.70,198.32 2 1
github.com/sharedcode/sop/btree/withtransaction.go:198.32,200.3 1 1
github.com/sharedcode/sop/btree/withtransaction.go:201.2,201.42 1 1
github.com/sharedcode/sop/btree/withtransaction.go:205.90,207.32 2 1
github.com/sharedcode/sop/btree/withtransaction.go:207.32,210.3 2 1
github.com/sharedcode/sop/btree/withtransaction.go:211.2,212.16 2 1
github.com/sharedcode/sop/btree/withtransaction.go:212.16,214.3 1 0
github.com/sharedcode/sop/btree/withtransaction.go:215.2,215.15 1 1
github.com/sharedcode/sop/btree/withtransaction.go:219.99,221.32 2 1
github.com/sharedcode/sop/btree/withtransaction.go:221.32,224.3 2 1
github.com/sharedcode/sop/btree/withtransaction.go:225.2,226.16 2 1
github.com/sharedcode/sop/btree/withtransaction.go:226.16,228.3 1 1
github.com/sharedcode/sop/btree/withtransaction.go:229.2,229.15 1 1
github.com/sharedcode/sop/btree/withtransaction.go:233.82,234.32 1 1
github.com/sharedcode/sop/btree/withtransaction.go:234.32,237.3 2 1
github.com/sharedcode/sop/btree/withtransaction.go:238.2,239.16 2 1
github.com/sharedcode/sop/btree/withtransaction.go:239.16,241.3 1 0
github.com/sharedcode/sop/btree/withtransaction.go:242.2,242.15 1 1
github.com/sharedcode/sop/btree/withtransaction.go:246.81,247.32 1 1
github.com/sharedcode/sop/btree/withtransaction.go:247.32,250.3 2 1
github.com/sharedcode/sop/btree/withtransaction.go:251.2,252.16 2 1
github.com/sharedcode/sop/btree/withtransaction.go:252.16,254.3 1 0
github.com/sharedcode/sop/btree/withtransaction.go:255.2,255.15 1 1
github.com/sharedcode/sop/btree/withtransaction.go:259.81,260.32 1 1
github.com/sharedcode/sop/btree/withtransaction.go:260.32,263.3 2 1
github.com/sharedcode/sop/btree/withtransaction.go:264.2,265.16 2 1
github.com/sharedcode/sop/btree/withtransaction.go:265.16,267.3 1 0
github.com/sharedcode/sop/btree/withtransaction.go:268.2,268.15 1 1
github.com/sharedcode/sop/btree/withtransaction.go:272.85,273.32 1 1
github.com/sharedcode/sop/btree/withtransaction.go:273.32,276.3 2 1
github.com/sharedcode/sop/btree/withtransaction.go:277.2,278.16 2 1
github.com/sharedcode/sop/btree/withtransaction.go:278.16,280.3 1 0
github.com/sharedcode/sop/btree/withtransaction.go:281.2,281.15 1 1
github.com/sharedcode/sop/cache/cache.go:37.82,43.2 3 0
github.com/sharedcode/sop/cache/cache.go:45.33,48.2 2 0
github.com/sharedcode/sop/cache/cache.go:50.63,51.23 1 0
github.com/sharedcode/sop/cache/cache.go:51.23,52.42 1 0
github.com/sharedcode/sop/cache/cache.go:52.42,56.12 4 0
github.com/sharedcode/sop/cache/cache.go:58.3,62.4 2 0
github.com/sharedcode/sop/cache/cache.go:64.2,64.11 1 0
github.com/sharedcode/sop/cache/cache.go:67.45,69.22 2 0
github.com/sharedcode/sop/cache/cache.go:69.22,70.37 1 0
github.com/sharedcode/sop/cache/cache.go:70.37,74.4 3 0
github.com/sharedcode/sop/cache/cache.go:76.2,76.10 1 0
github.com/sharedcode/sop/cache/cache.go:79.43,80.22 1 0
github.com/sharedcode/sop/cache/cache.go:80.22,81.37 1 0
github.com/sharedcode/sop/cache/cache.go:81.37,85.4 3 0
github.com/sharedcode/sop/cache/cache.go:90.37,92.2 1 0
github.com/sharedcode/sop/cache/cache.go:94.39,96.2 1 0
github.com/sharedcode/sop/cache/cache.go:99.33,101.2 1 0
github.com/sharedcode/sop/cache/doublylinkedlist.go:18.56,20.2 1 0
github.com/sharedcode/sop/cache/doublylinkedlist.go:23.45,25.2 1 0
github.com/sharedcode/sop/cache/doublylinkedlist.go:28.48,30.2 1 0
github.com/sharedcode/sop/cache/doublylinkedlist.go:33.60,35.21 2 0
github.com/sharedcode/sop/cache/doublylinkedlist.go:35.21,37.3 1 0
github.com/sharedcode/sop/cache/doublylinkedlist.go:37.8,39.3 1 0
github.com/sharedcode/sop/cache/doublylinkedlist.go:40.2,42.16 3 0
github.com/sharedcode/sop/cache/doublylinkedlist.go:46.60,48.19 2 0
github.com/sharedcode/sop/cache/doublylinkedlist.go:48.19,50.3 1 0
github.com/sharedcode/sop/cache/doublylinkedlist.go:51.2,52.26 2 0
github.com/sharedcode/sop/cache/doublylinkedlist.go:52.26,55.3 2 0
github.com/sharedcode/sop/cache/doublylinkedlist.go:55.8,58.3 2 0
github.com/sharedcode/sop/cache/doublylinkedlist.go:59.2,60.19 2 0
github.com/sharedcode/sop/cache/doublylinkedlist.go:64.57,65.14 1 0
github.com/sharedcode/sop/cache/doublylinkedlist.go:65.14,67.3 1 0
github.com/sharedcode/sop/cache/doublylinkedlist.go:69.2,69.19 1 0
github.com/sharedcode/sop/cache/doublylinkedlist.go:69.19,71.3 1 0
github.com/sharedcode/sop/cache/doublylinkedlist.go:72.2,72.19 1 0
github.com/sharedcode/sop/cache/doublylinkedlist.go:72.19,74.3 1 0
github.com/sharedcode/sop/cache/doublylinkedlist.go:76.2,77.14 2 0
github.com/sharedcode/sop/cache/doublylinkedlist.go:77.14,79.3 1 0
github.com/sharedcode/sop/cache/doublylinkedlist.go:80.2,81.16 2 0
github.com/sharedcode/sop/cache/doublylinkedlist.go:81.16,83.3 1 0
github.com/sharedcode/sop/cache/doublylinkedlist.go:84.2,88.13 4 0
github.com/sharedcode/sop/cache/l1cache.go:45.84,46.101 1 0
github.com/sharedcode/sop/cache/l1cache.go:46.101,48.3 1 0
github.com/sharedcode/sop/cache/l1cache.go:49.2,49.15 1 0
github.com/sharedcode/sop/cache/l1cache.go:54.32,55.19 1 0
github.com/sharedcode/sop/cache/l1cache.go:55.19,58.3 2 0
github.com/sharedcode/sop/cache/l1cache.go:59.2,59.15 1 0
github.com/sharedcode/sop/cache/l1cache.go:63.72,71.2 3 0
github.com/sharedcode/sop/cache/l1cache.go:74.108,76.111 2 0
github.com/sharedcode/sop/cache/l1cache.go:76.111,78.3 1 0
github.com/sharedcode/sop/cache/l1cache.go:82.113,87.35 4 0
github.com/sharedcode/sop/cache/l1cache.go:87.35,94.3 6 0
github.com/sharedcode/sop/cache/l1cache.go:96.2,105.11 4 0
github.com/sharedcode/sop/cache/l1cache.go:109.73,113.70 3 0
github.com/sharedcode/sop/cache/l1cache.go:113.70,119.3 5 0
github.com/sharedcode/sop/cache/l1cache.go:120.2,121.12 2 0
github.com/sharedcode/sop/cache/l1cache.go:126.153,131.70 3 0
github.com/sharedcode/sop/cache/l1cache.go:131.70,137.3 5 0
github.com/sharedcode/sop/cache/l1cache.go:138.2,141.20 2 0
github.com/sharedcode/sop/cache/l1cache.go:141.20,142.140 1 0
github.com/sharedcode/sop/cache/l1cache.go:142.140,144.4 1 0
github.com/sharedcode/sop/cache/l1cache.go:145.8,146.116 1 0
github.com/sharedcode/sop/cache/l1cache.go:146.116,148.4 1 0
github.com/sharedcode/sop/cache/l1cache.go:151.2,153.24 2 0
github.com/sharedcode/sop/cache/l1cache.go:158.87,164.34 4 0
github.com/sharedcode/sop/cache/l1cache.go:164.34,165.36 1 0
github.com/sharedcode/sop/cache/l1cache.go:165.36,171.4 5 0
github.com/sharedcode/sop/cache/l1cache.go:173.2,176.34 2 0
github.com/sharedcode/sop/cache/l1cache.go:176.34,177.111 1 0
github.com/sharedcode/sop/cache/l1cache.go:177.111,178.18 1 0
github.com/sharedcode/sop/cache/l1cache.go:178.18,182.5 2 0
github.com/sharedcode/sop/cache/l1cache.go:183.9,185.4 1 0
github.com/sharedcode/sop/cache/l1cache.go:187.2,187.24 1 0
github.com/sharedcode/sop/cache/l1cache.go:191.31,193.2 1 0
github.com/sharedcode/sop/cache/l1cache.go:196.33,198.2 1 0
github.com/sharedcode/sop/cache/l1cache.go:201.27,203.2 1 0
github.com/sharedcode/sop/cache/l1cache.go:206.37,208.2 1 0
github.com/sharedcode/sop/cache/l1mru.go:13.67,20.2 1 0
github.com/sharedcode/sop/cache/l1mru.go:23.51,25.2 1 0
github.com/sharedcode/sop/cache/l1mru.go:28.44,30.2 1 0
github.com/sharedcode/sop/cache/l1mru.go:33.26,34.6 1 0
github.com/sharedcode/sop/cache/l1mru.go:34.6,35.18 1 0
github.com/sharedcode/sop/cache/l1mru.go:35.18,36.9 1 0
github.com/sharedcode/sop/cache/l1mru.go:38.3,38.43 1 0
github.com/sharedcode/sop/cache/l1mru.go:38.43,39.47 1 0
github.com/sharedcode/sop/cache/l1mru.go:39.47,43.5 3 0
github.com/sharedcode/sop/cache/l1mru.go:44.9,45.9 1 0
github.com/sharedcode/sop/cache/l1mru.go:51.32,53.2 1 0
github.com/sharedcode/sop/cache/mru.go:11.97,18.2 1 0
github.com/sharedcode/sop/cache/mru.go:21.44,23.2 1 0
github.com/sharedcode/sop/cache/mru.go:26.43,28.2 1 0
github.com/sharedcode/sop/cache/mru.go:31.31,32.6 1 0
github.com/sharedcode/sop/cache/mru.go:32.6,33.18 1 0
github.com/sharedcode/sop/cache/mru.go:33.18,34.9 1 0
github.com/sharedcode/sop/cache/mru.go:36.3,36.43 1 0
github.com/sharedcode/sop/cache/mru.go:36.43,37.45 1 0
github.com/sharedcode/sop/cache/mru.go:37.45,40.5 2 0
github.com/sharedcode/sop/cache/mru.go:41.9,42.9 1 0
github.com/sharedcode/sop/cache/mru.go:48.37,50.2 1 0
github.com/sharedcode/sop/cache/synchronizedcache.go:17.94,22.2 1 0
github.com/sharedcode/sop/cache/synchronizedcache.go:24.69,28.2 3 0
github.com/sharedcode/sop/cache/synchronizedcache.go:29.51,33.2 3 0
github.com/sharedcode/sop/cache/synchronizedcache.go:35.49,39.2 3 0
github.com/sharedcode/sop/cache/synchronizedcache.go:41.39,45.2 3 0
github.com/sharedcode/sop/cel/cel.go:20.71,21.16 1 1
github.com/sharedcode/sop/cel/cel.go:21.16,23.3 1 0
github.com/sharedcode/sop/cel/cel.go:24.2,24.22 1 1
github.com/sharedcode/sop/cel/cel.go:24.22,26.3 1 0
github.com/sharedcode/sop/cel/cel.go:28.2,33.16 2 1
github.com/sharedcode/sop/cel/cel.go:33.16,35.3 1 0
github.com/sharedcode/sop/cel/cel.go:37.2,38.42 2 1
github.com/sharedcode/sop/cel/cel.go:38.42,40.3 1 0
github.com/sharedcode/sop/cel/cel.go:41.2,42.16 2 1
github.com/sharedcode/sop/cel/cel.go:42.16,44.3 1 0
github.com/sharedcode/sop/cel/cel.go:45.2,48.8 1 1
github.com/sharedcode/sop/cel/cel.go:52.85,57.16 2 1
github.com/sharedcode/sop/cel/cel.go:57.16,59.3 1 0
github.com/sharedcode/sop/cel/cel.go:60.2,61.16 2 1
github.com/sharedcode/sop/cel/cel.go:61.16,63.3 1 0
github.com/sharedcode/sop/cel/cel.go:65.2,65.28 1 1
github.com/sharedcode/sop/cel/cel.go:65.28,67.3 1 0
github.com/sharedcode/sop/cel/cel.go:67.8,69.3 1 1
github.com/sharedcode/sop/inredfs/integrationtests/replication/direct_io_sim.go:17.69,23.2 2 0
github.com/sharedcode/sop/inredfs/integrationtests/replication/direct_io_sim.go:25.125,26.27 1 0
github.com/sharedcode/sop/inredfs/integrationtests/replication/direct_io_sim.go:26.27,31.3 1 0
github.com/sharedcode/sop/inredfs/integrationtests/replication/direct_io_sim.go:32.2,32.59 1 0
github.com/sharedcode/sop/inredfs/integrationtests/replication/direct_io_sim.go:34.115,35.27 1 0
github.com/sharedcode/sop/inredfs/integrationtests/replication/direct_io_sim.go:35.27,40.3 1 0
github.com/sharedcode/sop/inredfs/integrationtests/replication/direct_io_sim.go:41.2,41.28 1 0
github.com/sharedcode/sop/inredfs/integrationtests/replication/direct_io_sim.go:41.28,46.3 1 0
github.com/sharedcode/sop/inredfs/integrationtests/replication/direct_io_sim.go:47.2,47.55 1 0
github.com/sharedcode/sop/inredfs/integrationtests/replication/direct_io_sim.go:49.114,50.27 1 0
github.com/sharedcode/sop/inredfs/integrationtests/replication/direct_io_sim.go:50.27,55.3 1 0
github.com/sharedcode/sop/inredfs/integrationtests/replication/direct_io_sim.go:56.2,56.54 1 0
github.com/sharedcode/sop/inredfs/integrationtests/replication/direct_io_sim.go:58.57,59.27 1 0
github.com/sharedcode/sop/inredfs/integrationtests/replication/direct_io_sim.go:59.27,64.3 1 0
github.com/sharedcode/sop/inredfs/integrationtests/replication/direct_io_sim.go:65.2,65.33 1 0
github.com/sharedcode/sop/common/mocks/mock_blob_store.go:14.39,18.2 1 0
github.com/sharedcode/sop/common/mocks/mock_blob_store.go:20.103,21.36 1 0
github.com/sharedcode/sop/common/mocks/mock_blob_store.go:21.36,23.3 1 0
github.com/sharedcode/sop/common/mocks/mock_blob_store.go:24.2,24.17 1 0
github.com/sharedcode/sop/common/mocks/mock_blob_store.go:27.124,28.41 1 0
github.com/sharedcode/sop/common/mocks/mock_blob_store.go:28.41,29.41 1 0
github.com/sharedcode/sop/common/mocks/mock_blob_store.go:29.41,32.4 2 0
github.com/sharedcode/sop/common/mocks/mock_blob_store.go:34.2,34.12 1 0
github.com/sharedcode/sop/common/mocks/mock_blob_store.go:37.127,38.41 1 0
github.com/sharedcode/sop/common/mocks/mock_blob_store.go:38.41,39.41 1 0
github.com/sharedcode/sop/common/mocks/mock_blob_store.go:39.41,42.4 2 0
github.com/sharedcode/sop/common/mocks/mock_blob_store.go:44.2,44.12 1 0
github.com/sharedcode/sop/common/mocks/mock_blob_store.go:47.104,48.46 1 0
github.com/sharedcode/sop/common/mocks/mock_blob_store.go:48.46,49.45 1 0
github.com/sharedcode/sop/common/mocks/mock_blob_store.go:49.45,51.4 1 0
github.com/sharedcode/sop/common/mocks/mock_blob_store.go:53.2,53.12 1 0
github.com/sharedcode/sop/common/mocks/mock_redis.go:17.32,22.2 1 0
github.com/sharedcode/sop/common/mocks/mock_redis.go:25.104,28.2 2 0
github.com/sharedcode/sop/common/mocks/mock_redis.go:29.80,31.9 2 0
github.com/sharedcode/sop/common/mocks/mock_redis.go:31.9,33.3 1 0
github.com/sharedcode/sop/common/mocks/mock_redis.go:34.2,34.21 1 0
github.com/sharedcode/sop/common/mocks/mock_redis.go:36.108,39.2 1 0
github.com/sharedcode/sop/common/mocks/mock_redis.go:40.53,40.67 1 0
github.com/sharedcode/sop/common/mocks/mock_redis.go:43.115,45.16 2 0
github.com/sharedcode/sop/common/mocks/mock_redis.go:45.16,47.3 1 0
github.com/sharedcode/sop/common/mocks/mock_redis.go:48.2,49.12 2 0
github.com/sharedcode/sop/common/mocks/mock_redis.go:52.98,54.9 2 0
github.com/sharedcode/sop/common/mocks/mock_redis.go:54.9,57.3 1 0
github.com/sharedcode/sop/common/mocks/mock_redis.go:58.2,59.18 2 0
github.com/sharedcode/sop/common/mocks/mock_redis.go:63.126,65.2 1 0
github.com/sharedcode/sop/common/mocks/mock_redis.go:68.78,70.25 2 0
github.com/sharedcode/sop/common/mocks/mock_redis.go:70.25,71.36 1 0
github.com/sharedcode/sop/common/mocks/mock_redis.go:71.36,74.4 2 0
github.com/sharedcode/sop/common/mocks/mock_redis.go:75.3,75.31 1 0
github.com/sharedcode/sop/common/mocks/mock_redis.go:75.31,78.4 2 0
github.com/sharedcode/sop/common/mocks/mock_redis.go:80.2,80.24 1 0
github.com/sharedcode/sop/common/mocks/mock_redis.go:84.52,84.70 1 0
github.com/sharedcode/sop/common/mocks/mock_redis.go:86.66,88.22 2 0
github.com/sharedcode/sop/common/mocks/mock_redis.go:88.22,93.3 1 0
github.com/sharedcode/sop/common/mocks/mock_redis.go:94.2,94.17 1 0
github.com/sharedcode/sop/common/mocks/mock_redis.go:96.93,98.22 2 0
github.com/sharedcode/sop/common/mocks/mock_redis.go:98.22,103.3 1 0
github.com/sharedcode/sop/common/mocks/mock_redis.go:104.2,104.17 1 0
github.com/sharedcode/sop/common/mocks/mock_redis.go:107.117,109.30 2 0
github.com/sharedcode/sop/common/mocks/mock_redis.go:109.30,110.68 1 0
github.com/sharedcode/sop/common/mocks/mock_redis.go:110.68,112.12 2 0
github.com/sharedcode/sop/common/mocks/mock_redis.go:114.3,115.12 2 0
github.com/sharedcode/sop/common/mocks/mock_redis.go:117.2,117.15 1 0
github.com/sharedcode/sop/common/mocks/mock_redis.go:120.120,122.30 1 0
github.com/sharedcode/sop/common/mocks/mock_redis.go:122.30,123.41 1 0
github.com/sharedcode/sop/common/mocks/mock_redis.go:123.41,124.31 1 0
github.com/sharedcode/sop/common/mocks/mock_redis.go:124.31,127.5 2 0
github.com/sharedcode/sop/common/mocks/mock_redis.go:129.4,129.12 1 0
github.com/sharedcode/sop/common/mocks/mock_redis.go:132.3,133.24 2 0
github.com/sharedcode/sop/common/mocks/mock_redis.go:135.2,135.31 1 0
github.com/sharedcode/sop/common/mocks/mock_redis.go:138.90,140.30 2 0
github.com/sharedcode/sop/common/mocks/mock_redis.go:140.30,141.68 1 0
github.com/sharedcode/sop/common/mocks/mock_redis.go:141.68,143.12 2 0
github.com/sharedcode/sop/common/mocks/mock_redis.go:145.3,146.12 2 0
github.com/sharedcode/sop/common/mocks/mock_redis.go:148.2,148.15 1 0
github.com/sharedcode/sop/common/mocks/mock_redis.go:151.96,152.28 1 0
github.com/sharedcode/sop/common/mocks/mock_redis.go:152.28,154.3 1 0
github.com/sharedcode/sop/common/mocks/mock_redis.go:155.2,155.33 1 0
github.com/sharedcode/sop/common/mocks/mock_redis.go:155.33,156.37 1 0
github.com/sharedcode/sop/common/mocks/mock_redis.go:156.37,158.4 1 0
github.com/sharedcode/sop/common/mocks/mock_redis.go:160.2,160.18 1 0
github.com/sharedcode/sop/common/mocks/mock_redis.go:163.80,164.30 1 0
github.com/sharedcode/sop/common/mocks/mock_redis.go:164.30,165.22 1 0
github.com/sharedcode/sop/common/mocks/mock_redis.go:165.22,166.12 1 0
github.com/sharedcode/sop/common/mocks/mock_redis.go:168.3,168.68 1 0
github.com/sharedcode/sop/common/mocks/mock_redis.go:168.68,170.4 1 0
github.com/sharedcode/sop/common/mocks/mock_redis.go:172.2,172.12 1 0
github.com/sharedcode/sop/common/mocks/mock_redis.go:175.54,179.2 3 0
github.com/sharedcode/sop/common/mocks/mock_registry.go:16.74,18.2 1 0
github.com/sharedcode/sop/common/mocks/mock_registry.go:20.109,21.45 1 0
github.com/sharedcode/sop/common/mocks/mock_registry.go:21.45,22.38 1 0
github.com/sharedcode/sop/common/mocks/mock_registry.go:22.38,24.4 1 0
github.com/sharedcode/sop/common/mocks/mock_registry.go:26.2,26.12 1 0
github.com/sharedcode/sop/common/mocks/mock_registry.go:29.112,30.40 1 0
github.com/sharedcode/sop/common/mocks/mock_registry.go:30.40,32.3 1 0
github.com/sharedcode/sop/common/mocks/mock_registry.go:33.2,33.45 1 0
github.com/sharedcode/sop/common/mocks/mock_registry.go:33.45,34.38 1 0
github.com/sharedcode/sop/common/mocks/mock_registry.go:34.38,36.4 1 0
github.com/sharedcode/sop/common/mocks/mock_registry.go:38.2,38.12 1 0
github.com/sharedcode/sop/common/mocks/mock_registry.go:40.138,41.56 1 0
github.com/sharedcode/sop/common/mocks/mock_registry.go:41.56,43.3 1 0
github.com/sharedcode/sop/common/mocks/mock_registry.go:44.2,44.45 1 0
github.com/sharedcode/sop/common/mocks/mock_registry.go:44.45,45.38 1 0
github.com/sharedcode/sop/common/mocks/mock_registry.go:45.38,47.4 1 0
github.com/sharedcode/sop/common/mocks/mock_registry.go:49.2,49.12 1 0
github.com/sharedcode/sop/common/mocks/mock_registry.go:52.141,54.39 2 0
github.com/sharedcode/sop/common/mocks/mock_registry.go:54.39,56.37 2 0
github.com/sharedcode/sop/common/mocks/mock_registry.go:56.37,58.27 2 0
github.com/sharedcode/sop/common/mocks/mock_registry.go:58.27,59.13 1 0
github.com/sharedcode/sop/common/mocks/mock_registry.go:61.4,61.32 1 0
github.com/sharedcode/sop/common/mocks/mock_registry.go:63.3,66.5 1 0
github.com/sharedcode/sop/common/mocks/mock_registry.go:68.2,68.27 1 0
github.com/sharedcode/sop/common/mocks/mock_registry.go:70.107,71.39 1 0
github.com/sharedcode/sop/common/mocks/mock_registry.go:71.39,72.37 1 0
github.com/sharedcode/sop/common/mocks/mock_registry.go:72.37,74.4 1 0
github.com/sharedcode/sop/common/mocks/mock_registry.go:76.2,76.12 1 0
github.com/sharedcode/sop/common/mocks/mock_registry.go:80.178,82.2 1 0
github.com/sharedcode/sop/common/mocks/mock_store_repository.go:17.51,21.2 1 0
github.com/sharedcode/sop/common/mocks/mock_store_repository.go:23.88,24.31 1 0
github.com/sharedcode/sop/common/mocks/mock_store_repository.go:24.31,26.3 1 0
github.com/sharedcode/sop/common/mocks/mock_store_repository.go:27.2,27.12 1 0
github.com/sharedcode/sop/common/mocks/mock_store_repository.go:30.109,31.31 1 0
github.com/sharedcode/sop/common/mocks/mock_store_repository.go:31.31,37.3 4 0
github.com/sharedcode/sop/common/mocks/mock_store_repository.go:38.2,38.17 1 0
github.com/sharedcode/sop/common/mocks/mock_store_repository.go:40.99,42.2 1 0
github.com/sharedcode/sop/common/mocks/mock_store_repository.go:43.78,46.27 3 0
github.com/sharedcode/sop/common/mocks/mock_store_repository.go:46.27,49.3 2 0
github.com/sharedcode/sop/common/mocks/mock_store_repository.go:50.2,50.24 1 0
github.com/sharedcode/sop/common/mocks/mock_store_repository.go:53.152,55.29 2 0
github.com/sharedcode/sop/common/mocks/mock_store_repository.go:55.29,58.3 2 0
github.com/sharedcode/sop/common/mocks/mock_store_repository.go:59.2,59.20 1 0
github.com/sharedcode/sop/common/mocks/mock_store_repository.go:62.83,63.29 1 0
github.com/sharedcode/sop/common/mocks/mock_store_repository.go:63.29,65.3 1 0
github.com/sharedcode/sop/common/mocks/mock_store_repository.go:66.2,66.12 1 0
github.com/sharedcode/sop/common/mocks/mock_store_repository.go:70.97,72.2 1 0
github.com/sharedcode/sop/common/mocks/mock_transaction_log.go:17.49,22.2 1 0
github.com/sharedcode/sop/common/mocks/mock_transaction_log.go:25.118,26.26 1 0
github.com/sharedcode/sop/common/mocks/mock_transaction_log.go:26.26,31.36 4 0
github.com/sharedcode/sop/common/mocks/mock_transaction_log.go:31.36,33.26 2 0
github.com/sharedcode/sop/common/mocks/mock_transaction_log.go:33.26,35.24 2 0
github.com/sharedcode/sop/common/mocks/mock_transaction_log.go:35.24,38.6 2 0
github.com/sharedcode/sop/common/mocks/mock_transaction_log.go:39.5,39.52 1 0
github.com/sharedcode/sop/common/mocks/mock_transaction_log.go:43.2,43.34 1 0
github.com/sharedcode/sop/common/mocks/mock_transaction_log.go:46.129,47.37 1 0
github.com/sharedcode/sop/common/mocks/mock_transaction_log.go:47.37,49.3 1 0
github.com/sharedcode/sop/common/mocks/mock_transaction_log.go:50.2,51.24 2 0
github.com/sharedcode/sop/common/mocks/mock_transaction_log.go:51.24,53.22 2 0
github.com/sharedcode/sop/common/mocks/mock_transaction_log.go:53.22,56.4 2 0
github.com/sharedcode/sop/common/mocks/mock_transaction_log.go:57.3,57.20 1 0
github.com/sharedcode/sop/common/mocks/mock_transaction_log.go:59.2,59.30 1 0
github.com/sharedcode/sop/common/mocks/mock_transaction_log.go:62.88,63.26 1 0
github.com/sharedcode/sop/common/mocks/mock_transaction_log.go:63.26,64.7 1 0
github.com/sharedcode/sop/common/mocks/mock_transaction_log.go:64.7,66.26 2 0
github.com/sharedcode/sop/common/mocks/mock_transaction_log.go:66.26,67.18 1 0
github.com/sharedcode/sop/common/mocks/mock_transaction_log.go:67.18,68.14 1 0
github.com/sharedcode/sop/common/mocks/mock_transaction_log.go:70.5,71.24 2 0
github.com/sharedcode/sop/common/mocks/mock_transaction_log.go:71.24,74.6 2 0
github.com/sharedcode/sop/common/mocks/mock_transaction_log.go:75.5,75.13 1 0
github.com/sharedcode/sop/common/mocks/mock_transaction_log.go:77.4,77.28 1 0
github.com/sharedcode/sop/common/mocks/mock_transaction_log.go:77.28,78.10 1 0
github.com/sharedcode/sop/common/mocks/mock_transaction_log.go:82.2,82.12 1 0
github.com/sharedcode/sop/common/mocks/mock_transaction_log.go:86.112,90.20 4 0
github.com/sharedcode/sop/common/mocks/mock_transaction_log.go:90.20,92.3 1 0
github.com/sharedcode/sop/common/mocks/mock_transaction_log.go:93.2,97.11 2 0
github.com/sharedcode/sop/common/mocks/mock_transaction_log.go:97.11,99.3 1 0
github.com/sharedcode/sop/common/mocks/mock_transaction_log.go:99.8,101.3 1 0
github.com/sharedcode/sop/common/mocks/mock_transaction_log.go:102.2,103.12 2 0
github.com/sharedcode/sop/common/mocks/mock_transaction_log.go:107.79,109.36 2 0
github.com/sharedcode/sop/common/mocks/mock_transaction_log.go:109.36,110.7 1 0
github.com/sharedcode/sop/common/mocks/mock_transaction_log.go:110.7,112.33 2 0
github.com/sharedcode/sop/common/mocks/mock_transaction_log.go:112.33,114.26 2 0
github.com/sharedcode/sop/common/mocks/mock_transaction_log.go:114.26,116.6 1 0
github.com/sharedcode/sop/common/mocks/mock_transaction_log.go:116.11,118.6 1 0
github.com/sharedcode/sop/common/mocks/mock_transaction_log.go:119.5,119.15 1 0
github.com/sharedcode/sop/common/mocks/mock_transaction_log.go:121.4,121.28 1 0
github.com/sharedcode/sop/common/mocks/mock_transaction_log.go:121.28,122.10 1 0
github.com/sharedcode/sop/common/mocks/mock_transaction_log.go:126.2,126.12 1 0
github.com/sharedcode/sop/common/mocks/mock_transaction_log.go:130.50,132.2 1 0
github.com/sharedcode/sop/common/mocks/mock_transaction_log.go:134.72,136.2 1 0
github.com/sharedcode/sop/common/mocks/mock_transaction_log.go:141.88,141.104 1 0
github.com/sharedcode/sop/common/mocks/mock_transaction_log.go:142.88,142.102 1 0
github.com/sharedcode/sop/common/mocks/mock_transaction_log.go:143.88,143.102 1 0
github.com/sharedcode/sop/common/mocks/mock_transaction_log.go:144.109,146.2 1 0
github.com/sharedcode/sop/common/mocks/mock_transaction_log.go:147.145,149.2 1 0
github.com/sharedcode/sop/common/mocks/mock_transaction_log.go:150.211,152.2 1 0
github.com/sharedcode/sop/common/mocks/mock_transaction_log.go:153.96,155.2 1 0
github.com/sharedcode/sop/common/mocks/mock_transaction_log.go:156.81,156.95 1 0
github.com/sharedcode/sop/common/mocks/mock_transaction_log.go:159.113,162.2 1 0
github.com/sharedcode/sop/common/mocks/mock_transaction_log.go:166.112,168.2 1 0
github.com/sharedcode/sop/internal/cassandra/blobstore.go:16.35,18.2 1 0
github.com/sharedcode/sop/internal/cassandra/blobstore.go:21.100,22.23 1 0
github.com/sharedcode/sop/internal/cassandra/blobstore.go:22.23,24.3 1 0
github.com/sharedcode/sop/internal/cassandra/blobstore.go:25.2,27.64 3 0
github.com/sharedcode/sop/internal/cassandra/blobstore.go:27.64,29.3 1 0
github.com/sharedcode/sop/internal/cassandra/blobstore.go:30.2,32.21 3 0
github.com/sharedcode/sop/internal/cassandra/blobstore.go:32.22,33.3 0 0
[...]
github.com/sharedcode/sop/common/twophasecommittransaction.go:394.28,395.71 1 0
github.com/sharedcode/sop/common/twophasecommittransaction.go:395.71,397.7 1 0
github.com/sharedcode/sop/common/twophasecommittransaction.go:398.11,400.6 1 0
github.com/sharedcode/sop/common/twophasecommittransaction.go:403.4,403.123 1 1
github.com/sharedcode/sop/common/twophasecommittransaction.go:403.123,405.5 1 0
github.com/sharedcode/sop/common/twophasecommittransaction.go:408.3,408.17 1 1
github.com/sharedcode/sop/common/twophasecommittransaction.go:408.17,410.124 1 1
github.com/sharedcode/sop/common/twophasecommittransaction.go:410.124,412.5 1 0
github.com/sharedcode/sop/common/twophasecommittransaction.go:413.4,413.130 1 1
github.com/sharedcode/sop/common/twophasecommittransaction.go:413.130,415.5 1 0
github.com/sharedcode/sop/common/twophasecommittransaction.go:419.3,419.17 1 1
github.com/sharedcode/sop/common/twophasecommittransaction.go:419.17,424.20 1 1
github.com/sharedcode/sop/common/twophasecommittransaction.go:424.20,426.5 1 0
github.com/sharedcode/sop/common/twophasecommittransaction.go:427.4,427.113 1 1
github.com/sharedcode/sop/common/twophasecommittransaction.go:427.113,429.28 2 1
github.com/sharedcode/sop/common/twophasecommittransaction.go:429.28,430.71 1 1
github.com/sharedcode/sop/common/twophasecommittransaction.go:430.71,432.7 1 0
github.com/sharedcode/sop/common/twophasecommittransaction.go:433.6,433.24 1 1
github.com/sharedcode/sop/common/twophasecommittransaction.go:434.11,436.6 1 0
github.com/sharedcode/sop/common/twophasecommittransaction.go:440.3,440.18 1 1
github.com/sharedcode/sop/common/twophasecommittransaction.go:440.18,442.51 1 1
github.com/sharedcode/sop/common/twophasecommittransaction.go:442.51,444.5 1 0
github.com/sharedcode/sop/common/twophasecommittransaction.go:446.4,449.24 3 1
github.com/sharedcode/sop/common/twophasecommittransaction.go:453.2,457.99 3 1
github.com/sharedcode/sop/common/twophasecommittransaction.go:457.99,459.3 1 0
github.com/sharedcode/sop/common/twophasecommittransaction.go:460.2,460.64 1 1
github.com/sharedcode/sop/common/twophasecommittransaction.go:460.64,462.3 1 0
github.com/sharedcode/sop/common/twophasecommittransaction.go:465.2,465.63 1 1
github.com/sharedcode/sop/common/twophasecommittransaction.go:465.63,467.3 1 0
github.com/sharedcode/sop/common/twophasecommittransaction.go:469.2,469.66 1 1
github.com/sharedcode/sop/common/twophasecommittransaction.go:469.66,473.3 1 1
github.com/sharedcode/sop/common/twophasecommittransaction.go:476.2,477.16 2 1
github.com/sharedcode/sop/common/twophasecommittransaction.go:477.16,479.3 1 0
github.com/sharedcode/sop/common/twophasecommittransaction.go:482.2,483.16 2 1
github.com/sharedcode/sop/common/twophasecommittransaction.go:483.16,485.3 1 0
github.com/sharedcode/sop/common/twophasecommittransaction.go:488.2,488.49 1 1
github.com/sharedcode/sop/common/twophasecommittransaction.go:488.49,490.3 1 0
github.com/sharedcode/sop/common/twophasecommittransaction.go:492.2,502.12 7 1
github.com/sharedcode/sop/common/twophasecommittransaction.go:506.63,511.57 4 1
github.com/sharedcode/sop/common/twophasecommittransaction.go:511.57,516.3 1 1
github.com/sharedcode/sop/common/twophasecommittransaction.go:518.2,518.75 1 1
github.com/sharedcode/sop/common/twophasecommittransaction.go:518.75,521.3 2 1
github.com/sharedcode/sop/common/twophasecommittransaction.go:524.2,526.68 2 1
github.com/sharedcode/sop/common/twophasecommittransaction.go:526.68,528.116 1 1
github.com/sharedcode/sop/common/twophasecommittransaction.go:528.116,530.4 1 1
github.com/sharedcode/sop/common/twophasecommittransaction.go:531.3,531.22 1 1
github.com/sharedcode/sop/common/twophasecommittransaction.go:531.22,533.84 1 1
github.com/sharedcode/sop/common/twophasecommittransaction.go:533.84,535.5 1 1
github.com/sharedcode/sop/common/twophasecommittransaction.go:536.4,536.14 1 1
github.com/sharedcode/sop/common/twophasecommittransaction.go:540.2,540.21 1 1
github.com/sharedcode/sop/common/twophasecommittransaction.go:540.21,541.149 1 1
github.com/sharedcode/sop/common/twophasecommittransaction.go:541.149,543.4 1 1
github.com/sharedcode/sop/common/twophasecommittransaction.go:544.3,544.13 1 1
github.com/sharedcode/sop/common/twophasecommittransaction.go:546.2,546.21 1 1
github.com/sharedcode/sop/common/twophasecommittransaction.go:546.21,547.91 1 1
github.com/sharedcode/sop/common/twophasecommittransaction.go:547.91,549.4 1 1
github.com/sharedcode/sop/common/twophasecommittransaction.go:550.3,550.13 1 1
github.com/sharedcode/sop/common/twophasecommittransaction.go:552.2,552.21 1 1
github.com/sharedcode/sop/common/twophasecommittransaction.go:552.21,553.189 1 1
github.com/sharedcode/sop/common/twophasecommittransaction.go:553.189,555.4 1 1
github.com/sharedcode/sop/common/twophasecommittransaction.go:556.3,556.13 1 1
github.com/sharedcode/sop/common/twophasecommittransaction.go:558.2,567.50 4 1
github.com/sharedcode/sop/common/twophasecommittransaction.go:567.50,571.3 1 1
github.com/sharedcode/sop/common/twophasecommittransaction.go:574.2,578.12 3 1
github.com/sharedcode/sop/common/twophasecommittransaction.go:581.56,586.2 3 1
github.com/sharedcode/sop/common/twophasecommittransaction.go:588.166,589.23 1 1
github.com/sharedcode/sop/common/twophasecommittransaction.go:589.23,590.35 1 1
github.com/sharedcode/sop/common/twophasecommittransaction.go:590.35,594.4 3 1
github.com/sharedcode/sop/common/twophasecommittransaction.go:598.97,604.66 3 1
github.com/sharedcode/sop/common/twophasecommittransaction.go:604.66,605.46 1 1
github.com/sharedcode/sop/common/twophasecommittransaction.go:605.46,607.11 2 1
github.com/sharedcode/sop/common/twophasecommittransaction.go:607.11,610.5 2 1
github.com/sharedcode/sop/common/twophasecommittransaction.go:611.4,611.73 1 1
github.com/sharedcode/sop/common/twophasecommittransaction.go:611.73,615.5 3 0
github.com/sharedcode/sop/common/twophasecommittransaction.go:617.4,621.14 5 1
github.com/sharedcode/sop/common/twophasecommittransaction.go:625.2,625.12 1 1
github.com/sharedcode/sop/common/twophasecommittransaction2.go:15.58,17.70 1 1
github.com/sharedcode/sop/common/twophasecommittransaction2.go:17.70,19.3 1 1
github.com/sharedcode/sop/common/twophasecommittransaction2.go:20.2,23.73 3 1
github.com/sharedcode/sop/common/twophasecommittransaction2.go:23.73,25.3 1 0
github.com/sharedcode/sop/common/twophasecommittransaction2.go:26.2,30.12 3 1
github.com/sharedcode/sop/common/twophasecommittransaction2.go:33.121,36.38 2 1
github.com/sharedcode/sop/common/twophasecommittransaction2.go:36.38,41.47 2 1
github.com/sharedcode/sop/common/twophasecommittransaction2.go:41.47,44.4 1 1
github.com/sharedcode/sop/common/twophasecommittransaction2.go:45.3,45.50 1 1
github.com/sharedcode/sop/common/twophasecommittransaction2.go:49.2,50.38 2 1
github.com/sharedcode/sop/common/twophasecommittransaction2.go:50.38,57.47 4 1
github.com/sharedcode/sop/common/twophasecommittransaction2.go:57.47,61.4 2 1
github.com/sharedcode/sop/common/twophasecommittransaction2.go:62.3,62.50 1 1
github.com/sharedcode/sop/common/twophasecommittransaction2.go:65.2,68.3 1 1
github.com/sharedcode/sop/common/twophasecommittransaction2.go:71.92,75.57 2 1
github.com/sharedcode/sop/common/twophasecommittransaction2.go:75.57,77.73 2 1
github.com/sharedcode/sop/common/twophasecommittransaction2.go:77.73,79.4 1 1
github.com/sharedcode/sop/common/twophasecommittransaction2.go:81.3,84.17 3 1
github.com/sharedcode/sop/common/twophasecommittransaction2.go:88.2,88.46 1 1
github.com/sharedcode/sop/common/twophasecommittransaction2.go:88.46,91.3 1 1
github.com/sharedcode/sop/common/twophasecommittransaction2.go:93.2,93.47 1 1
github.com/sharedcode/sop/common/twophasecommittransaction2.go:93.47,95.71 1 1
github.com/sharedcode/sop/common/twophasecommittransaction2.go:95.71,97.4 1 0
github.com/sharedcode/sop/common/twophasecommittransaction2.go:100.2,102.47 2 1
github.com/sharedcode/sop/common/twophasecommittransaction2.go:102.47,104.78 2 1
github.com/sharedcode/sop/common/twophasecommittransaction2.go:104.78,106.4 1 0
github.com/sharedcode/sop/common/twophasecommittransaction2.go:108.2,108.48 1 1
github.com/sharedcode/sop/common/twophasecommittransaction2.go:108.48,112.87 4 1
github.com/sharedcode/sop/common/twophasecommittransaction2.go:112.87,114.4 1 0
github.com/sharedcode/sop/common/twophasecommittransaction2.go:116.2,116.50 1 1
github.com/sharedcode/sop/common/twophasecommittransaction2.go:116.50,118.115 2 1
github.com/sharedcode/sop/common/twophasecommittransaction2.go:118.115,120.4 1 0
github.com/sharedcode/sop/common/twophasecommittransaction2.go:122.2,122.50 1 1
github.com/sharedcode/sop/common/twophasecommittransaction2.go:122.50,124.115 2 1
github.com/sharedcode/sop/common/twophasecommittransaction2.go:124.115,126.4 1 1
github.com/sharedcode/sop/common/twophasecommittransaction2.go:129.2,130.50 2 1
github.com/sharedcode/sop/common/twophasecommittransaction2.go:130.50,134.89 4 1
github.com/sharedcode/sop/common/twophasecommittransaction2.go:134.89,136.4 1 0
github.com/sharedcode/sop/common/twophasecommittransaction2.go:138.2,138.87 1 1
github.com/sharedcode/sop/common/twophasecommittransaction2.go:138.87,140.73 2 1
github.com/sharedcode/sop/common/twophasecommittransaction2.go:140.73,142.4 1 0
github.com/sharedcode/sop/common/twophasecommittransaction2.go:144.2,144.49 1 1
github.com/sharedcode/sop/common/twophasecommittransaction2.go:144.49,145.51 1 1
github.com/sharedcode/sop/common/twophasecommittransaction2.go:145.51,147.4 1 0
github.com/sharedcode/sop/common/twophasecommittransaction2.go:150.2,154.16 3 1
github.com/sharedcode/sop/common/twophasecommittransaction2.go:157.75,158.33 1 1
github.com/sharedcode/sop/common/twophasecommittransaction2.go:158.33,159.74 1 1
github.com/sharedcode/sop/common/twophasecommittransaction2.go:159.74,161.4 1 1
github.com/sharedcode/sop/common/twophasecommittransaction2.go:163.2,163.12 1 1
github.com/sharedcode/sop/common/twophasecommittransaction2.go:166.104,168.33 2 1
github.com/sharedcode/sop/common/twophasecommittransaction2.go:168.33,170.61 2 1
github.com/sharedcode/sop/common/twophasecommittransaction2.go:170.61,175.4 1 1
github.com/sharedcode/sop/common/twophasecommittransaction2.go:177.2,177.10 1 1
github.com/sharedcode/sop/common/twophasecommittransaction2.go:180.101,182.33 2 1
github.com/sharedcode/sop/common/twophasecommittransaction2.go:182.33,184.61 2 1
github.com/sharedcode/sop/common/twophasecommittransaction2.go:184.61,189.4 1 1
github.com/sharedcode/sop/common/twophasecommittransaction2.go:191.2,191.10 1 1
github.com/sharedcode/sop/common/twophasecommittransaction2.go:194.137,196.32 2 1
github.com/sharedcode/sop/common/twophasecommittransaction2.go:196.32,198.30 1 1
github.com/sharedcode/sop/common/twophasecommittransaction2.go:198.30,199.51 1 1
github.com/sharedcode/sop/common/twophasecommittransaction2.go:199.51,200.122 1 1
github.com/sharedcode/sop/common/twophasecommittransaction2.go:200.122,202.6 1 0
github.com/sharedcode/sop/common/twophasecommittransaction2.go:205.3,205.105 1 1
github.com/sharedcode/sop/common/twophasecommittransaction2.go:205.105,207.4 1 1
github.com/sharedcode/sop/common/twophasecommittransaction2.go:209.2,209.16 1 1
github.com/sharedcode/sop/common/twophasecommittransaction2.go:213.77,214.30 1 1
github.com/sharedcode/sop/common/twophasecommittransaction2.go:214.30,216.3 1 0
github.com/sharedcode/sop/common/twophasecommittransaction2.go:217.2,217.26 1 1
github.com/sharedcode/sop/common/twophasecommittransaction2.go:217.26,219.3 1 1
github.com/sharedcode/sop/common/twophasecommittransaction2.go:221.2,222.6 2 1
github.com/sharedcode/sop/common/twophasecommittransaction2.go:222.6,225.52 2 1
github.com/sharedcode/sop/common/twophasecommittransaction2.go:225.52,227.4 1 1
github.com/sharedcode/sop/common/twophasecommittransaction2.go:229.3,230.104 2 1
github.com/sharedcode/sop/common/twophasecommittransaction2.go:230.104,232.4 1 0
github.com/sharedcode/sop/common/twophasecommittransaction2.go:232.9,232.16 1 1
github.com/sharedcode/sop/common/twophasecommittransaction2.go:232.16,235.4 2 1
github.com/sharedcode/sop/common/twophasecommittransaction2.go:237.3,242.61 3 1
github.com/sharedcode/sop/common/twophasecommittransaction2.go:242.61,244.4 1 1
github.com/sharedcode/sop/common/twophasecommittransaction2.go:249.79,251.33 2 1
github.com/sharedcode/sop/common/twophasecommittransaction2.go:251.33,252.65 1 1
github.com/sharedcode/sop/common/twophasecommittransaction2.go:252.65,254.4 1 1
github.com/sharedcode/sop/common/twophasecommittransaction2.go:256.2,256.12 1 1
github.com/sharedcode/sop/common/twophasecommittransaction2.go:265.46,267.36 2 1
github.com/sharedcode/sop/common/twophasecommittransaction2.go:267.36,269.57 2 1
github.com/sharedcode/sop/common/twophasecommittransaction2.go:269.57,272.130 1 1
github.com/sharedcode/sop/common/twophasecommittransaction2.go:272.130,274.13 2 1
github.com/sharedcode/sop/common/twophasecommittransaction2.go:276.4,276.28 1 1
github.com/sharedcode/sop/common/twophasecommittransaction2.go:277.22,278.56 1 1
github.com/sharedcode/sop/common/twophasecommittransaction2.go:279.22,280.56 1 1
github.com/sharedcode/sop/common/twophasecommittransaction2.go:281.19,282.52 1 1
github.com/sharedcode/sop/common/twophasecommittransaction2.go:283.19,284.56 1 1
github.com/sharedcode/sop/common/twophasecommittransaction2.go:287.3,287.28 1 1
github.com/sharedcode/sop/common/twophasecommittransaction2.go:287.28,292.4 1 1
github.com/sharedcode/sop/common/twophasecommittransaction2.go:293.3,293.28 1 1
github.com/sharedcode/sop/common/twophasecommittransaction2.go:293.28,298.4 1 1
github.com/sharedcode/sop/common/twophasecommittransaction2.go:299.3,299.26 1 1
github.com/sharedcode/sop/common/twophasecommittransaction2.go:299.26,304.4 1 1
github.com/sharedcode/sop/common/twophasecommittransaction2.go:305.3,305.28 1 1
github.com/sharedcode/sop/common/twophasecommittransaction2.go:305.28,310.4 1 1
github.com/sharedcode/sop/common/twophasecommittransaction2.go:311.3,311.25 1 1
github.com/sharedcode/sop/common/twophasecommittransaction2.go:311.25,316.4 1 1
github.com/sharedcode/sop/common/twophasecommittransaction2.go:318.2,318.102 1 1
github.com/sharedcode/sop/common/twophasecommittransaction2.go:321.82,324.2 2 1
github.com/sharedcode/sop/common/twophasecommittransaction2.go:326.61,328.33 2 1
github.com/sharedcode/sop/common/twophasecommittransaction2.go:328.33,335.3 5 1
github.com/sharedcode/sop/common/twophasecommittransaction2.go:336.2,336.15 1 1
github.com/sharedcode/sop/common/twophasecommittransaction2.go:339.63,341.33 2 1
github.com/sharedcode/sop/common/twophasecommittransaction2.go:341.33,347.3 4 1
github.com/sharedcode/sop/common/twophasecommittransaction2.go:348.2,348.15 1 1
github.com/sharedcode/sop/common/twophasecommittransaction2.go:351.46,352.36 1 1
github.com/sharedcode/sop/common/twophasecommittransaction2.go:352.36,353.26 1 1
github.com/sharedcode/sop/common/twophasecommittransaction2.go:353.26,355.4 1 1
github.com/sharedcode/sop/common/twophasecommittransaction2.go:357.2,357.14 1 1
github.com/sharedcode/sop/common/twophasecommittransaction2.go:361.68,362.36 1 1
github.com/sharedcode/sop/common/twophasecommittransaction2.go:362.36,363.50 1 1
github.com/sharedcode/sop/common/twophasecommittransaction2.go:363.50,365.4 1 1
github.com/sharedcode/sop/common/twophasecommittransaction2.go:367.2,367.12 1 1
github.com/sharedcode/sop/common/twophasecommittransaction2.go:370.67,371.36 1 1
github.com/sharedcode/sop/common/twophasecommittransaction2.go:371.36,372.60 1 1
github.com/sharedcode/sop/common/twophasecommittransaction2.go:372.60,374.4 1 1
github.com/sharedcode/sop/common/twophasecommittransaction2.go:376.2,376.12 1 1
github.com/sharedcode/sop/common/twophasecommittransaction2.go:379.69,381.36 2 1
github.com/sharedcode/sop/common/twophasecommittransaction2.go:381.36,382.51 1 1
github.com/sharedcode/sop/common/twophasecommittransaction2.go:382.51,384.4 1 1
github.com/sharedcode/sop/common/twophasecommittransaction2.go:386.2,386.16 1 1
github.com/sharedcode/sop/common/twophasecommittransaction2.go:391.104,393.28 2 1
github.com/sharedcode/sop/common/twophasecommittransaction2.go:393.28,395.32 1 1
github.com/sharedcode/sop/common/twophasecommittransaction2.go:395.32,396.80 1 1
github.com/sharedcode/sop/common/twophasecommittransaction2.go:396.80,399.5 2 1
github.com/sharedcode/sop/common/twophasecommittransaction2.go:401.3,401.64 1 1
github.com/sharedcode/sop/common/twophasecommittransaction2.go:401.64,403.4 1 1
github.com/sharedcode/sop/common/twophasecommittransaction2.go:407.2,407.67 1 1
github.com/sharedcode/sop/common/twophasecommittransaction2.go:407.67,409.3 1 1
github.com/sharedcode/sop/common/twophasecommittransaction2.go:410.2,410.16 1 1
github.com/sharedcode/sop/common/twophasecommittransaction2.go:413.80,415.2 1 1
github.com/sharedcode/sop/common/twophasecommittransaction2.go:417.66,418.24 1 1
github.com/sharedcode/sop/common/twophasecommittransaction2.go:418.24,420.3 1 1
github.com/sharedcode/sop/common/twophasecommittransaction2.go:421.2,423.12 3 1
github.com/sharedcode/sop/common/twophasecommittransaction2.go:426.49,428.2 1 1
github.com/sharedcode/sop/common/twophasecommittransaction2.go:430.157,433.54 1 1
github.com/sharedcode/sop/common/twophasecommittransaction2.go:433.54,438.3 3 1
github.com/sharedcode/sop/common/twophasecommittransaction2.go:440.2,445.26 5 1
github.com/sharedcode/sop/common/twophasecommittransaction2.go:445.26,447.3 1 1
github.com/sharedcode/sop/common/twophasecommittransaction2.go:448.2,448.26 1 1
github.com/sharedcode/sop/common/twophasecommittransaction2.go:448.26,450.3 1 1
github.com/sharedcode/sop/common/twophasecommittransaction2.go:452.2,454.6 3 1
github.com/sharedcode/sop/common/twophasecommittransaction2.go:454.6,457.27 3 1
github.com/sharedcode/sop/common/twophasecommittransaction2.go:457.27,458.9 1 1
github.com/sharedcode/sop/common/twophasecommittransaction2.go:462.2,462.33 1 1
github.com/sharedcode/sop/common/twophasecommittransaction2.go:462.33,463.43 1 1
github.com/sharedcode/sop/common/twophasecommittransaction2.go:463.43,465.12 2 1
github.com/sharedcode/sop/common/twophasecommittransaction2.go:466.9,469.4 1 1
github.com/sharedcode/sop/common/twophasecommittransaction2.go:473.2,475.6 3 1
github.com/sharedcode/sop/common/twophasecommittransaction2.go:475.6,477.27 2 1
github.com/sharedcode/sop/common/twophasecommittransaction2.go:477.27,478.9 1 1
github.com/sharedcode/sop/common/twophasecommittransaction2.go:482.2,482.20 1 1
github.com/sharedcode/sop/common/twophasecommittransaction2.go:492.51,494.31 1 1
github.com/sharedcode/sop/common/twophasecommittransaction2.go:494.31,496.3 1 1
github.com/sharedcode/sop/common/twophasecommittransaction2.go:499.2,500.22 2 1
github.com/sharedcode/sop/common/twophasecommittransaction2.go:500.22,502.3 1 0
github.com/sharedcode/sop/common/twophasecommittransaction2.go:503.2,504.80 2 1
github.com/sharedcode/sop/common/twophasecommittransaction2.go:504.80,507.43 3 1
github.com/sharedcode/sop/common/twophasecommittransaction2.go:507.43,510.4 2 1
github.com/sharedcode/sop/common/twophasecommittransaction2.go:511.3,512.14 2 1
github.com/sharedcode/sop/common/twophasecommittransaction2.go:512.14,513.70 1 1
github.com/sharedcode/sop/common/twophasecommittransaction2.go:513.70,517.5 2 0
github.com/sharedcode/sop/common/twophasecommittransaction2.go:517.10,519.5 1 1
github.com/sharedcode/sop/common/twophasecommittransaction2.go:526.2,527.30 2 1
github.com/sharedcode/sop/common/twophasecommittransaction2.go:527.30,529.3 1 1
github.com/sharedcode/sop/common/twophasecommittransaction2.go:530.2,531.37 2 1
github.com/sharedcode/sop/common/twophasecommittransaction2.go:531.37,534.38 3 1
github.com/sharedcode/sop/common/twophasecommittransaction2.go:534.38,537.4 2 1
github.com/sharedcode/sop/common/twophasecommittransaction2.go:538.3,539.14 2 1
github.com/sharedcode/sop/common/twophasecommittransaction2.go:539.14,541.4 1 1
