mode: set
github.com/sharedcode/sop/ai/dynamic/handle.go:26.36,31.2 1 1
github.com/sharedcode/sop/ai/dynamic/handle.go:34.40,35.19 1 1
github.com/sharedcode/sop/ai/dynamic/handle.go:35.19,37.3 1 1
github.com/sharedcode/sop/ai/dynamic/handle.go:38.2,38.22 1 1
github.com/sharedcode/sop/ai/dynamic/handle.go:42.42,43.19 1 1
github.com/sharedcode/sop/ai/dynamic/handle.go:43.19,45.3 1 1
github.com/sharedcode/sop/ai/dynamic/handle.go:46.2,46.22 1 1
github.com/sharedcode/sop/ai/dynamic/handle.go:50.37,52.2 1 1
github.com/sharedcode/sop/ai/dynamic/handle.go:55.42,57.2 1 1
github.com/sharedcode/sop/ai/dynamic/handle.go:60.33,62.2 1 1
github.com/sharedcode/sop/ai/dynamic/handle.go:65.36,66.19 1 1
github.com/sharedcode/sop/ai/dynamic/handle.go:66.19,68.3 1 1
github.com/sharedcode/sop/ai/dynamic/handle.go:68.8,70.3 1 1
github.com/sharedcode/sop/ai/dynamic/handle.go:74.33,78.2 1 1
github.com/sharedcode/sop/ai/dynamic/handle.go:81.42,85.2 1 1
github.com/sharedcode/sop/ai/dynamic/knowledge_base.go:15.148,17.2 1 0
github.com/sharedcode/sop/ai/dynamic/knowledge_base.go:20.143,22.2 1 0
github.com/sharedcode/sop/ai/dynamic/knowledge_base.go:25.138,27.2 1 1
github.com/sharedcode/sop/ai/dynamic/knowledge_base.go:30.132,32.2 1 1
github.com/sharedcode/sop/ai/dynamic/knowledge_base.go:55.110,56.24 1 1
github.com/sharedcode/sop/ai/dynamic/knowledge_base.go:56.24,58.3 1 0
github.com/sharedcode/sop/ai/dynamic/knowledge_base.go:60.2,64.35 3 1
github.com/sharedcode/sop/ai/dynamic/knowledge_base.go:64.35,65.31 1 1
github.com/sharedcode/sop/ai/dynamic/knowledge_base.go:65.31,68.4 2 1
github.com/sharedcode/sop/ai/dynamic/knowledge_base.go:71.2,71.27 1 1
github.com/sharedcode/sop/ai/dynamic/knowledge_base.go:71.27,73.17 2 1
github.com/sharedcode/sop/ai/dynamic/knowledge_base.go:73.17,75.4 1 1
github.com/sharedcode/sop/ai/dynamic/knowledge_base.go:76.3,76.36 1 1
github.com/sharedcode/sop/ai/dynamic/knowledge_base.go:76.36,78.4 1 1
github.com/sharedcode/sop/ai/dynamic/knowledge_base.go:81.2,85.35 3 1
github.com/sharedcode/sop/ai/dynamic/knowledge_base.go:85.35,86.29 1 1
github.com/sharedcode/sop/ai/dynamic/knowledge_base.go:86.29,87.12 1 1
github.com/sharedcode/sop/ai/dynamic/knowledge_base.go:90.3,91.37 2 1
github.com/sharedcode/sop/ai/dynamic/knowledge_base.go:91.37,93.74 2 0
github.com/sharedcode/sop/ai/dynamic/knowledge_base.go:93.74,96.5 2 0
github.com/sharedcode/sop/ai/dynamic/knowledge_base.go:99.3,99.25 1 1
github.com/sharedcode/sop/ai/dynamic/knowledge_base.go:99.25,102.4 2 1
github.com/sharedcode/sop/ai/dynamic/knowledge_base.go:106.2,106.33 1 1
github.com/sharedcode/sop/ai/dynamic/knowledge_base.go:106.33,108.17 2 1
github.com/sharedcode/sop/ai/dynamic/knowledge_base.go:108.17,110.4 1 1
github.com/sharedcode/sop/ai/dynamic/knowledge_base.go:113.3,113.46 1 1
github.com/sharedcode/sop/ai/dynamic/knowledge_base.go:113.46,115.4 1 1
github.com/sharedcode/sop/ai/dynamic/knowledge_base.go:119.2,119.35 1 1
github.com/sharedcode/sop/ai/dynamic/knowledge_base.go:119.35,121.17 2 1
github.com/sharedcode/sop/ai/dynamic/knowledge_base.go:121.17,123.4 1 0
github.com/sharedcode/sop/ai/dynamic/knowledge_base.go:125.3,132.17 3 1
github.com/sharedcode/sop/ai/dynamic/knowledge_base.go:132.17,134.4 1 0
github.com/sharedcode/sop/ai/dynamic/knowledge_base.go:136.2,136.12 1 1
github.com/sharedcode/sop/ai/dynamic/knowledge_base.go:149.9,151.2 1 0
github.com/sharedcode/sop/ai/dynamic/knowledge_base.go:154.74,156.2 1 1
github.com/sharedcode/sop/ai/dynamic/knowledge_base_export.go:25.85,27.16 2 1
github.com/sharedcode/sop/ai/dynamic/knowledge_base_export.go:27.16,29.3 1 0
github.com/sharedcode/sop/ai/dynamic/knowledge_base_export.go:31.2,35.9 4 1
github.com/sharedcode/sop/ai/dynamic/knowledge_base_export.go:35.9,37.31 2 1
github.com/sharedcode/sop/ai/dynamic/knowledge_base_export.go:37.31,40.4 2 1
github.com/sharedcode/sop/ai/dynamic/knowledge_base_export.go:41.3,41.29 1 1
github.com/sharedcode/sop/ai/dynamic/knowledge_base_export.go:44.2,45.16 2 1
github.com/sharedcode/sop/ai/dynamic/knowledge_base_export.go:45.16,47.3 1 0
github.com/sharedcode/sop/ai/dynamic/knowledge_base_export.go:49.2,50.9 2 1
github.com/sharedcode/sop/ai/dynamic/knowledge_base_export.go:50.9,52.17 2 1
github.com/sharedcode/sop/ai/dynamic/knowledge_base_export.go:52.17,54.31 2 1
github.com/sharedcode/sop/ai/dynamic/knowledge_base_export.go:54.31,56.24 2 1
github.com/sharedcode/sop/ai/dynamic/knowledge_base_export.go:56.24,58.13 2 1
github.com/sharedcode/sop/ai/dynamic/knowledge_base_export.go:58.13,61.7 2 1
github.com/sharedcode/sop/ai/dynamic/knowledge_base_export.go:65.4,70.6 2 1
github.com/sharedcode/sop/ai/dynamic/knowledge_base_export.go:72.3,72.31 1 1
github.com/sharedcode/sop/ai/dynamic/knowledge_base_export.go:75.2,77.35 3 1
github.com/sharedcode/sop/ai/dynamic/knowledge_base_export.go:81.101,84.52 3 1
github.com/sharedcode/sop/ai/dynamic/knowledge_base_export.go:84.52,86.3 1 0
github.com/sharedcode/sop/ai/dynamic/knowledge_base_export.go:88.2,89.16 2 1
github.com/sharedcode/sop/ai/dynamic/knowledge_base_export.go:89.16,91.3 1 0
github.com/sharedcode/sop/ai/dynamic/knowledge_base_export.go:93.2,93.42 1 1
github.com/sharedcode/sop/ai/dynamic/knowledge_base_export.go:93.42,97.10 3 1
github.com/sharedcode/sop/ai/dynamic/knowledge_base_export.go:97.10,99.50 2 1
github.com/sharedcode/sop/ai/dynamic/knowledge_base_export.go:99.50,101.10 2 0
github.com/sharedcode/sop/ai/dynamic/knowledge_base_export.go:103.4,103.30 1 1
github.com/sharedcode/sop/ai/dynamic/knowledge_base_export.go:105.3,105.13 1 1
github.com/sharedcode/sop/ai/dynamic/knowledge_base_export.go:105.13,107.4 1 1
github.com/sharedcode/sop/ai/dynamic/knowledge_base_export.go:110.2,111.38 2 1
github.com/sharedcode/sop/ai/dynamic/knowledge_base_export.go:111.38,118.3 1 1
github.com/sharedcode/sop/ai/dynamic/knowledge_base_export.go:120.2,120.50 1 1
github.com/sharedcode/sop/ai/dynamic/manager.go:24.119,32.2 1 1
github.com/sharedcode/sop/ai/dynamic/manager.go:35.118,37.26 2 0
github.com/sharedcode/sop/ai/dynamic/manager.go:37.26,39.3 1 0
github.com/sharedcode/sop/ai/dynamic/manager.go:39.8,41.3 1 0
github.com/sharedcode/sop/ai/dynamic/manager.go:42.2,44.16 3 0
github.com/sharedcode/sop/ai/dynamic/manager.go:44.16,46.3 1 0
github.com/sharedcode/sop/ai/dynamic/manager.go:47.2,47.41 1 0
github.com/sharedcode/sop/ai/dynamic/manager.go:51.125,52.21 1 1
github.com/sharedcode/sop/ai/dynamic/manager.go:52.21,54.3 1 0
github.com/sharedcode/sop/ai/dynamic/manager.go:55.2,56.26 2 1
github.com/sharedcode/sop/ai/dynamic/manager.go:56.26,58.3 1 1
github.com/sharedcode/sop/ai/dynamic/manager.go:58.8,60.3 1 1
github.com/sharedcode/sop/ai/dynamic/manager.go:61.2,61.26 1 1
github.com/sharedcode/sop/ai/dynamic/manager.go:61.26,63.3 1 1
github.com/sharedcode/sop/ai/dynamic/manager.go:65.2,67.16 3 1
github.com/sharedcode/sop/ai/dynamic/manager.go:67.16,69.3 1 1
github.com/sharedcode/sop/ai/dynamic/manager.go:71.2,74.26 4 1
github.com/sharedcode/sop/ai/dynamic/manager.go:74.26,75.33 1 1
github.com/sharedcode/sop/ai/dynamic/manager.go:75.33,77.4 1 1
github.com/sharedcode/sop/ai/dynamic/manager.go:80.2,80.31 1 1
github.com/sharedcode/sop/ai/dynamic/manager.go:80.31,82.3 1 0
github.com/sharedcode/sop/ai/dynamic/manager.go:83.2,83.30 1 1
github.com/sharedcode/sop/ai/dynamic/manager.go:83.30,85.3 1 0
github.com/sharedcode/sop/ai/dynamic/manager.go:86.2,86.20 1 1
github.com/sharedcode/sop/ai/dynamic/manager.go:91.115,93.16 2 0
github.com/sharedcode/sop/ai/dynamic/manager.go:93.16,95.3 1 0
github.com/sharedcode/sop/ai/dynamic/manager.go:96.2,100.23 4 0
github.com/sharedcode/sop/ai/dynamic/manager.go:100.23,103.42 2 0
github.com/sharedcode/sop/ai/dynamic/manager.go:103.42,105.37 2 0
github.com/sharedcode/sop/ai/dynamic/manager.go:105.37,108.5 2 0
github.com/sharedcode/sop/ai/dynamic/manager.go:110.3,110.37 1 0
github.com/sharedcode/sop/ai/dynamic/manager.go:113.2,113.30 1 0
github.com/sharedcode/sop/ai/dynamic/manager.go:117.103,119.16 2 1
github.com/sharedcode/sop/ai/dynamic/manager.go:119.16,121.3 1 1
github.com/sharedcode/sop/ai/dynamic/manager.go:123.2,124.23 2 1
github.com/sharedcode/sop/ai/dynamic/manager.go:124.23,126.58 2 1
github.com/sharedcode/sop/ai/dynamic/manager.go:126.58,128.4 1 1
github.com/sharedcode/sop/ai/dynamic/manager.go:129.3,129.37 1 1
github.com/sharedcode/sop/ai/dynamic/manager.go:132.2,133.16 2 1
github.com/sharedcode/sop/ai/dynamic/manager.go:133.16,135.3 1 0
github.com/sharedcode/sop/ai/dynamic/manager.go:137.2,147.16 4 1
github.com/sharedcode/sop/ai/dynamic/manager.go:147.16,149.3 1 1
github.com/sharedcode/sop/ai/dynamic/manager.go:150.2,150.17 1 1
github.com/sharedcode/sop/ai/dynamic/manager.go:154.66,157.2 1 1
github.com/sharedcode/sop/ai/dynamic/math.go:9.48,10.22 1 1
github.com/sharedcode/sop/ai/dynamic/math.go:10.22,12.3 1 0
github.com/sharedcode/sop/ai/dynamic/math.go:13.2,14.19 2 1
github.com/sharedcode/sop/ai/dynamic/math.go:14.19,17.3 2 1
github.com/sharedcode/sop/ai/dynamic/math.go:18.2,18.41 1 1
github.com/sharedcode/sop/ai/dynamic/math.go:22.47,23.37 1 1
github.com/sharedcode/sop/ai/dynamic/math.go:23.37,25.3 1 1
github.com/sharedcode/sop/ai/dynamic/math.go:26.2,27.19 2 1
github.com/sharedcode/sop/ai/dynamic/math.go:27.19,31.3 3 1
github.com/sharedcode/sop/ai/dynamic/math.go:32.2,32.24 1 1
github.com/sharedcode/sop/ai/dynamic/math.go:32.24,34.3 1 1
github.com/sharedcode/sop/ai/dynamic/math.go:35.2,35.82 1 1
github.com/sharedcode/sop/ai/dynamic/math.go:44.86,45.26 1 1
github.com/sharedcode/sop/ai/dynamic/math.go:45.26,47.3 1 0
github.com/sharedcode/sop/ai/dynamic/math.go:48.2,51.31 3 1
github.com/sharedcode/sop/ai/dynamic/math.go:51.31,53.18 2 1
github.com/sharedcode/sop/ai/dynamic/math.go:53.18,56.4 2 1
github.com/sharedcode/sop/ai/dynamic/math.go:58.2,58.25 1 1
github.com/sharedcode/sop/ai/dynamic/math.go:62.86,63.26 1 1
github.com/sharedcode/sop/ai/dynamic/math.go:63.26,65.3 1 1
github.com/sharedcode/sop/ai/dynamic/math.go:67.2,68.31 2 1
github.com/sharedcode/sop/ai/dynamic/math.go:68.31,73.3 1 1
github.com/sharedcode/sop/ai/dynamic/math.go:75.2,75.45 1 1
github.com/sharedcode/sop/ai/dynamic/math.go:75.45,77.3 1 1
github.com/sharedcode/sop/ai/dynamic/math.go:79.2,79.25 1 1
github.com/sharedcode/sop/ai/dynamic/math.go:79.25,81.3 1 1
github.com/sharedcode/sop/ai/dynamic/math.go:83.2,84.31 2 1
github.com/sharedcode/sop/ai/dynamic/math.go:84.31,86.3 1 1
github.com/sharedcode/sop/ai/dynamic/math.go:87.2,87.15 1 1
github.com/sharedcode/sop/ai/dynamic/store.go:28.25,35.2 1 1
github.com/sharedcode/sop/ai/dynamic/store.go:37.51,39.2 1 1
github.com/sharedcode/sop/ai/dynamic/store.go:41.37,43.2 1 1
github.com/sharedcode/sop/ai/dynamic/store.go:45.71,47.16 2 1
github.com/sharedcode/sop/ai/dynamic/store.go:47.16,49.3 1 0
github.com/sharedcode/sop/ai/dynamic/store.go:52.2,55.16 4 1
github.com/sharedcode/sop/ai/dynamic/store.go:55.16,57.3 1 0
github.com/sharedcode/sop/ai/dynamic/store.go:58.2,58.9 1 1
github.com/sharedcode/sop/ai/dynamic/store.go:58.9,61.19 2 1
github.com/sharedcode/sop/ai/dynamic/store.go:61.19,62.95 1 1
github.com/sharedcode/sop/ai/dynamic/store.go:62.95,64.28 2 1
github.com/sharedcode/sop/ai/dynamic/store.go:64.28,66.6 1 0
github.com/sharedcode/sop/ai/dynamic/store.go:67.5,67.33 1 1
github.com/sharedcode/sop/ai/dynamic/store.go:67.33,69.6 1 0
github.com/sharedcode/sop/ai/dynamic/store.go:72.3,72.15 1 1
github.com/sharedcode/sop/ai/dynamic/store.go:72.15,78.4 1 1
github.com/sharedcode/sop/ai/dynamic/store.go:79.3,80.17 2 1
github.com/sharedcode/sop/ai/dynamic/store.go:80.17,82.4 1 0
github.com/sharedcode/sop/ai/dynamic/store.go:83.3,84.15 2 1
github.com/sharedcode/sop/ai/dynamic/store.go:85.8,86.7 1 1
github.com/sharedcode/sop/ai/dynamic/store.go:86.7,88.30 2 1
github.com/sharedcode/sop/ai/dynamic/store.go:88.30,90.42 2 1
github.com/sharedcode/sop/ai/dynamic/store.go:90.42,93.6 2 1
github.com/sharedcode/sop/ai/dynamic/store.go:95.4,96.33 2 1
github.com/sharedcode/sop/ai/dynamic/store.go:96.33,97.10 1 1
github.com/sharedcode/sop/ai/dynamic/store.go:102.3,102.38 1 1
github.com/sharedcode/sop/ai/dynamic/store.go:102.38,103.95 1 1
github.com/sharedcode/sop/ai/dynamic/store.go:103.95,104.33 1 1
github.com/sharedcode/sop/ai/dynamic/store.go:104.33,106.6 1 0
github.com/sharedcode/sop/ai/dynamic/store.go:107.5,107.38 1 1
github.com/sharedcode/sop/ai/dynamic/store.go:107.38,109.6 1 0
github.com/sharedcode/sop/ai/dynamic/store.go:110.5,110.63 1 1
github.com/sharedcode/sop/ai/dynamic/store.go:110.63,114.6 2 1
github.com/sharedcode/sop/ai/dynamic/store.go:120.2,133.16 5 1
github.com/sharedcode/sop/ai/dynamic/store.go:133.16,135.3 1 0
github.com/sharedcode/sop/ai/dynamic/store.go:138.2,139.16 2 1
github.com/sharedcode/sop/ai/dynamic/store.go:139.16,141.3 1 0
github.com/sharedcode/sop/ai/dynamic/store.go:143.2,143.15 1 1
github.com/sharedcode/sop/ai/dynamic/store.go:143.15,145.17 2 0
github.com/sharedcode/sop/ai/dynamic/store.go:145.17,147.4 1 0
github.com/sharedcode/sop/ai/dynamic/store.go:148.3,150.17 3 0
github.com/sharedcode/sop/ai/dynamic/store.go:150.17,152.4 1 0
github.com/sharedcode/sop/ai/dynamic/store.go:153.8,160.17 3 1
github.com/sharedcode/sop/ai/dynamic/store.go:160.17,162.4 1 0
github.com/sharedcode/sop/ai/dynamic/store.go:166.2,166.24 1 1
github.com/sharedcode/sop/ai/dynamic/store.go:166.24,169.17 3 1
github.com/sharedcode/sop/ai/dynamic/store.go:169.17,171.4 1 0
github.com/sharedcode/sop/ai/dynamic/store.go:174.2,174.12 1 1
github.com/sharedcode/sop/ai/dynamic/store.go:178.102,180.16 2 1
github.com/sharedcode/sop/ai/dynamic/store.go:180.16,182.3 1 1
github.com/sharedcode/sop/ai/dynamic/store.go:185.2,187.8 3 1
github.com/sharedcode/sop/ai/dynamic/store.go:187.8,188.7 1 1
github.com/sharedcode/sop/ai/dynamic/store.go:188.7,190.60 2 1
github.com/sharedcode/sop/ai/dynamic/store.go:190.60,192.10 2 1
github.com/sharedcode/sop/ai/dynamic/store.go:194.4,195.11 2 1
github.com/sharedcode/sop/ai/dynamic/store.go:195.11,196.10 1 0
github.com/sharedcode/sop/ai/dynamic/store.go:201.2,201.14 1 1
github.com/sharedcode/sop/ai/dynamic/store.go:201.14,205.3 2 0
github.com/sharedcode/sop/ai/dynamic/store.go:208.2,212.53 3 1
github.com/sharedcode/sop/ai/dynamic/store.go:212.53,214.3 1 0
github.com/sharedcode/sop/ai/dynamic/store.go:214.8,216.3 1 1
github.com/sharedcode/sop/ai/dynamic/store.go:219.2,219.24 1 1
github.com/sharedcode/sop/ai/dynamic/store.go:219.24,222.3 2 1
github.com/sharedcode/sop/ai/dynamic/store.go:224.2,224.12 1 1
github.com/sharedcode/sop/ai/dynamic/store.go:227.75,229.16 2 1
github.com/sharedcode/sop/ai/dynamic/store.go:229.16,231.3 1 0
github.com/sharedcode/sop/ai/dynamic/store.go:232.2,232.12 1 1
github.com/sharedcode/sop/ai/dynamic/store.go:232.12,234.3 1 0
github.com/sharedcode/sop/ai/dynamic/store.go:236.2,237.16 2 1
github.com/sharedcode/sop/ai/dynamic/store.go:237.16,239.3 1 0
github.com/sharedcode/sop/ai/dynamic/store.go:242.2,242.37 1 1
github.com/sharedcode/sop/ai/dynamic/store.go:242.37,244.17 2 1
github.com/sharedcode/sop/ai/dynamic/store.go:244.17,246.4 1 0
github.com/sharedcode/sop/ai/dynamic/store.go:250.2,251.12 2 1
github.com/sharedcode/sop/ai/dynamic/store.go:254.79,255.29 1 1
github.com/sharedcode/sop/ai/dynamic/store.go:255.29,256.45 1 1
github.com/sharedcode/sop/ai/dynamic/store.go:256.45,258.4 1 0
github.com/sharedcode/sop/ai/dynamic/store.go:260.2,260.12 1 1
github.com/sharedcode/sop/ai/dynamic/store.go:263.76,265.16 2 1
github.com/sharedcode/sop/ai/dynamic/store.go:265.16,267.3 1 0
github.com/sharedcode/sop/ai/dynamic/store.go:268.2,268.12 1 1
github.com/sharedcode/sop/ai/dynamic/store.go:268.12,270.3 1 1
github.com/sharedcode/sop/ai/dynamic/store.go:272.2,273.16 2 1
github.com/sharedcode/sop/ai/dynamic/store.go:273.16,275.3 1 0
github.com/sharedcode/sop/ai/dynamic/store.go:277.2,277.19 1 1
github.com/sharedcode/sop/ai/dynamic/store.go:280.67,282.2 1 1
github.com/sharedcode/sop/ai/dynamic/store.go:285.120,287.30 2 0
github.com/sharedcode/sop/ai/dynamic/store.go:287.30,289.17 2 0
github.com/sharedcode/sop/ai/dynamic/store.go:289.17,291.4 1 0
github.com/sharedcode/sop/ai/dynamic/store.go:292.3,292.19 1 0
github.com/sharedcode/sop/ai/dynamic/store.go:294.2,294.21 1 0
github.com/sharedcode/sop/ai/dynamic/store.go:296.107,297.17 1 1
github.com/sharedcode/sop/ai/dynamic/store.go:297.17,299.3 1 0
github.com/sharedcode/sop/ai/dynamic/store.go:300.2,303.16 4 1
github.com/sharedcode/sop/ai/dynamic/store.go:303.16,305.3 1 0
github.com/sharedcode/sop/ai/dynamic/store.go:306.2,306.9 1 1
github.com/sharedcode/sop/ai/dynamic/store.go:306.9,308.3 1 0
github.com/sharedcode/sop/ai/dynamic/store.go:310.2,310.6 1 1
github.com/sharedcode/sop/ai/dynamic/store.go:310.6,312.29 2 1
github.com/sharedcode/sop/ai/dynamic/store.go:312.29,313.54 1 1
github.com/sharedcode/sop/ai/dynamic/store.go:313.54,315.10 2 1
github.com/sharedcode/sop/ai/dynamic/store.go:317.4,317.27 1 1
github.com/sharedcode/sop/ai/dynamic/store.go:317.27,319.5 1 1
github.com/sharedcode/sop/ai/dynamic/store.go:321.3,322.32 2 1
github.com/sharedcode/sop/ai/dynamic/store.go:322.32,323.9 1 1
github.com/sharedcode/sop/ai/dynamic/store.go:327.2,327.25 1 1
github.com/sharedcode/sop/ai/dynamic/store.go:327.25,328.28 1 1
github.com/sharedcode/sop/ai/dynamic/store.go:328.28,330.4 1 0
github.com/sharedcode/sop/ai/dynamic/store.go:331.8,333.3 1 1
github.com/sharedcode/sop/ai/dynamic/store.go:335.2,335.27 1 1
github.com/sharedcode/sop/ai/dynamic/store.go:335.27,337.3 1 0
github.com/sharedcode/sop/ai/dynamic/store.go:339.2,341.16 3 1
github.com/sharedcode/sop/ai/dynamic/store.go:341.16,343.3 1 0
github.com/sharedcode/sop/ai/dynamic/store.go:345.2,346.8 2 1
github.com/sharedcode/sop/ai/dynamic/store.go:346.8,347.7 1 1
github.com/sharedcode/sop/ai/dynamic/store.go:347.7,350.57 2 1
github.com/sharedcode/sop/ai/dynamic/store.go:350.57,352.19 2 1
github.com/sharedcode/sop/ai/dynamic/store.go:352.19,354.6 1 1
github.com/sharedcode/sop/ai/dynamic/store.go:357.4,358.33 2 1
github.com/sharedcode/sop/ai/dynamic/store.go:358.33,359.10 1 1
github.com/sharedcode/sop/ai/dynamic/store.go:365.2,365.36 1 1
github.com/sharedcode/sop/ai/dynamic/store.go:365.36,367.30 2 1
github.com/sharedcode/sop/ai/dynamic/store.go:367.30,369.18 2 1
github.com/sharedcode/sop/ai/dynamic/store.go:369.18,370.53 1 1
github.com/sharedcode/sop/ai/dynamic/store.go:370.53,376.6 1 1
github.com/sharedcode/sop/ai/dynamic/store.go:382.2,382.33 1 1
github.com/sharedcode/sop/ai/dynamic/store.go:382.33,383.38 1 1
github.com/sharedcode/sop/ai/dynamic/store.go:383.38,384.37 1 1
github.com/sharedcode/sop/ai/dynamic/store.go:384.37,386.5 1 0
github.com/sharedcode/sop/ai/dynamic/store.go:390.2,390.28 1 1
github.com/sharedcode/sop/ai/dynamic/store.go:390.28,392.3 1 0
github.com/sharedcode/sop/ai/dynamic/store.go:393.2,393.18 1 1
github.com/sharedcode/sop/ai/dynamic/store.go:396.62,398.2 1 1
github.com/sharedcode/sop/ai/dynamic/store.go:400.103,402.2 1 1
github.com/sharedcode/sop/ai/dynamic/store.go:404.59,406.2 1 1
github.com/sharedcode/sop/ai/dynamic/store.go:408.113,410.2 1 1
github.com/sharedcode/sop/ai/dynamic/store.go:412.51,414.2 1 1
github.com/sharedcode/sop/ai/dynamic/store.go:416.98,418.2 1 1
github.com/sharedcode/sop/ai/dynamic/store.go:420.96,422.2 1 1
github.com/sharedcode/sop/ai/dynamic/store.go:424.64,426.2 1 1
github.com/sharedcode/sop/ai/dynamic/store.go:429.119,431.28 2 0
github.com/sharedcode/sop/ai/dynamic/store.go:431.28,433.17 2 0
github.com/sharedcode/sop/ai/dynamic/store.go:433.17,435.4 1 0
github.com/sharedcode/sop/ai/dynamic/store.go:436.3,436.19 1 0
github.com/sharedcode/sop/ai/dynamic/store.go:438.2,438.21 1 0
github.com/sharedcode/sop/ai/dynamic/store.go:443.109,444.17 1 1
github.com/sharedcode/sop/ai/dynamic/store.go:444.17,446.3 1 0
github.com/sharedcode/sop/ai/dynamic/store.go:447.2,447.24 1 1
github.com/sharedcode/sop/ai/dynamic/store.go:447.24,449.3 1 0
github.com/sharedcode/sop/ai/dynamic/store.go:451.2,452.25 2 1
github.com/sharedcode/sop/ai/dynamic/store.go:452.25,454.23 2 1
github.com/sharedcode/sop/ai/dynamic/store.go:454.23,455.8 1 1
github.com/sharedcode/sop/ai/dynamic/store.go:455.8,457.58 2 1
github.com/sharedcode/sop/ai/dynamic/store.go:457.58,459.11 2 1
github.com/sharedcode/sop/ai/dynamic/store.go:461.5,462.16 2 1
github.com/sharedcode/sop/ai/dynamic/store.go:462.16,463.11 1 1
github.com/sharedcode/sop/ai/dynamic/store.go:467.3,467.38 1 1
github.com/sharedcode/sop/ai/dynamic/store.go:467.38,469.4 1 1
github.com/sharedcode/sop/ai/dynamic/store.go:472.2,473.16 2 1
github.com/sharedcode/sop/ai/dynamic/store.go:473.16,475.3 1 0
github.com/sharedcode/sop/ai/dynamic/store.go:477.2,478.36 2 1
github.com/sharedcode/sop/ai/dynamic/store.go:478.36,479.33 1 1
github.com/sharedcode/sop/ai/dynamic/store.go:479.33,480.9 1 0
github.com/sharedcode/sop/ai/dynamic/store.go:483.3,484.17 2 1
github.com/sharedcode/sop/ai/dynamic/store.go:484.17,485.12 1 0
github.com/sharedcode/sop/ai/dynamic/store.go:487.3,489.30 3 1
github.com/sharedcode/sop/ai/dynamic/store.go:489.30,491.18 2 1
github.com/sharedcode/sop/ai/dynamic/store.go:491.18,493.78 1 1
github.com/sharedcode/sop/ai/dynamic/store.go:493.78,494.14 1 0
github.com/sharedcode/sop/ai/dynamic/store.go:497.5,498.52 2 1
github.com/sharedcode/sop/ai/dynamic/store.go:498.52,499.14 1 0
github.com/sharedcode/sop/ai/dynamic/store.go:504.3,508.5 1 1
github.com/sharedcode/sop/ai/dynamic/store.go:510.2,510.21 1 1
github.com/sharedcode/sop/ai/dynamic/store_categories.go:13.84,14.14 1 1
github.com/sharedcode/sop/ai/dynamic/store_categories.go:14.14,16.3 1 1
github.com/sharedcode/sop/ai/dynamic/store_categories.go:19.2,19.18 1 1
github.com/sharedcode/sop/ai/dynamic/store_categories.go:19.18,21.3 1 0
github.com/sharedcode/sop/ai/dynamic/store_categories.go:24.2,25.16 2 1
github.com/sharedcode/sop/ai/dynamic/store_categories.go:25.16,27.3 1 0
github.com/sharedcode/sop/ai/dynamic/store_categories.go:28.2,28.9 1 1
github.com/sharedcode/sop/ai/dynamic/store_categories.go:28.9,30.3 1 1
github.com/sharedcode/sop/ai/dynamic/store_categories.go:33.2,33.26 1 1
github.com/sharedcode/sop/ai/dynamic/store_categories.go:33.26,35.27 2 1
github.com/sharedcode/sop/ai/dynamic/store_categories.go:35.27,37.18 2 1
github.com/sharedcode/sop/ai/dynamic/store_categories.go:37.18,39.5 1 0
github.com/sharedcode/sop/ai/dynamic/store_categories.go:40.4,40.10 1 1
github.com/sharedcode/sop/ai/dynamic/store_categories.go:40.10,42.19 2 1
github.com/sharedcode/sop/ai/dynamic/store_categories.go:42.19,44.6 1 0
github.com/sharedcode/sop/ai/dynamic/store_categories.go:46.5,48.19 3 1
github.com/sharedcode/sop/ai/dynamic/store_categories.go:48.19,50.6 1 0
github.com/sharedcode/sop/ai/dynamic/store_categories.go:55.2,55.18 1 1
github.com/sharedcode/sop/ai/dynamic/store_categories.go:60.112,61.54 1 1
github.com/sharedcode/sop/ai/dynamic/store_categories.go:61.54,63.3 1 1
github.com/sharedcode/sop/ai/dynamic/store_categories.go:66.2,67.16 2 1
github.com/sharedcode/sop/ai/dynamic/store_categories.go:67.16,69.3 1 0
github.com/sharedcode/sop/ai/dynamic/store_categories.go:70.2,70.9 1 1
github.com/sharedcode/sop/ai/dynamic/store_categories.go:70.9,72.3 1 1
github.com/sharedcode/sop/ai/dynamic/store_categories.go:74.2,75.16 2 1
github.com/sharedcode/sop/ai/dynamic/store_categories.go:75.16,77.3 1 0
github.com/sharedcode/sop/ai/dynamic/store_categories.go:80.2,80.39 1 1
github.com/sharedcode/sop/ai/dynamic/store_categories.go:80.39,81.39 1 1
github.com/sharedcode/sop/ai/dynamic/store_categories.go:81.39,84.4 1 1
github.com/sharedcode/sop/ai/dynamic/store_categories.go:88.2,89.16 2 1
github.com/sharedcode/sop/ai/dynamic/store_categories.go:89.16,91.3 1 0
github.com/sharedcode/sop/ai/dynamic/store_categories.go:92.2,92.9 1 1
github.com/sharedcode/sop/ai/dynamic/store_categories.go:92.9,94.3 1 1
github.com/sharedcode/sop/ai/dynamic/store_categories.go:96.2,97.16 2 1
github.com/sharedcode/sop/ai/dynamic/store_categories.go:97.16,99.3 1 0
github.com/sharedcode/sop/ai/dynamic/store_categories.go:102.2,102.41 1 1
github.com/sharedcode/sop/ai/dynamic/store_categories.go:102.41,103.24 1 0
github.com/sharedcode/sop/ai/dynamic/store_categories.go:103.24,105.4 1 0
github.com/sharedcode/sop/ai/dynamic/store_categories.go:109.2,111.16 3 1
github.com/sharedcode/sop/ai/dynamic/store_categories.go:111.16,113.3 1 0
github.com/sharedcode/sop/ai/dynamic/store_categories.go:116.2,117.23 2 1
github.com/sharedcode/sop/ai/dynamic/store_categories.go:117.23,119.3 1 0
github.com/sharedcode/sop/ai/dynamic/store_categories.go:121.2,123.16 3 1
github.com/sharedcode/sop/ai/dynamic/store_categories.go:123.16,125.3 1 0
github.com/sharedcode/sop/ai/dynamic/store_categories.go:127.2,127.12 1 1
github.com/sharedcode/sop/ai/dynamic/store_categories.go:131.119,133.23 2 1
github.com/sharedcode/sop/ai/dynamic/store_categories.go:133.23,135.3 1 0
github.com/sharedcode/sop/ai/dynamic/store_categories.go:136.2,137.16 2 1
github.com/sharedcode/sop/ai/dynamic/store_categories.go:137.16,139.3 1 0
github.com/sharedcode/sop/ai/dynamic/store_categories.go:141.2,141.39 1 1
github.com/sharedcode/sop/ai/dynamic/store_categories.go:141.39,142.43 1 1
github.com/sharedcode/sop/ai/dynamic/store_categories.go:142.43,144.9 2 1
github.com/sharedcode/sop/ai/dynamic/store_categories.go:148.2,149.12 2 1
